#
# There is insufficient memory for the Java Runtime Environment to continue.
# Native memory allocation (malloc) failed to allocate 262160 bytes for Chunk::new
# Possible reasons:
#   The system is out of physical RAM or swap space
#   The process is running with CompressedOops enabled, and the Java Heap may be blocking the growth of the native heap
# Possible solutions:
#   Reduce memory load on the system
#   Increase physical memory or swap space
#   Check if swap backing store is full
#   Decrease Java heap size (-Xmx/-Xms)
#   Decrease number of Java threads
#   Decrease Java thread stack sizes (-Xss)
#   Set larger code cache with -XX:ReservedCodeCacheSize=
#   JVM is running with Unscaled Compressed Oops mode in which the Java heap is
#     placed in the first 4GB address space. The Java Heap base address is the
#     maximum limit for the native heap growth. Please use -XX:HeapBaseMinAddress
#     to set the Java Heap base and to place the Java Heap above 4GB virtual address.
# This output file may be truncated or incomplete.
#
#  Out of Memory Error (allocation.cpp:389), pid=8504, tid=0x0000000000001be0
#
# JRE version: OpenJDK Runtime Environment (8.0_242-b01) (build 1.8.0_242-release-1644-b01)
# Java VM: OpenJDK 64-Bit Server VM (25.242-b01 mixed mode windows-amd64 compressed oops)
# Failed to write core dump. Minidumps are not enabled by default on client versions of Windows
#

---------------  T H R E A D  ---------------

Current thread (0x0000000017e85800):  JavaThread "C2 CompilerThread0" daemon [_thread_in_native, id=7136, stack(0x00000000194f0000,0x00000000195f0000)]

Stack: [0x00000000194f0000,0x00000000195f0000]
[error occurred during error reporting (printing stack bounds), id 0xc0000005]

Native frames: (J=compiled Java code, j=interpreted, Vv=VM code, C=native code)


Current CompileTask:
C2:  34284 5366       4       sun.reflect.generics.parser.SignatureParser::parsePackageNameAndSimpleClassTypeSignature (139 bytes)


---------------  P R O C E S S  ---------------

Java Threads: ( => current thread )
  0x000000001e03b000 JavaThread "Cache worker for Build Output Cleanup Cache (C:\Users\Instaimpresso2019\AndroidStudioProjects\Sorteio\.gradle\buildOutputCleanup)" [_thread_blocked, id=6552, stack(0x0000000022e00000,0x0000000022f00000)]
  0x000000001e040000 JavaThread "Build operations Thread 4" [_thread_blocked, id=11020, stack(0x0000000022700000,0x0000000022800000)]
  0x000000001e03f800 JavaThread "Build operations Thread 3" [_thread_blocked, id=6564, stack(0x0000000022600000,0x0000000022700000)]
  0x000000001e03b800 JavaThread "Build operations Thread 2" [_thread_blocked, id=4980, stack(0x0000000022500000,0x0000000022600000)]
  0x000000001e03e800 JavaThread "Build operations" [_thread_blocked, id=392, stack(0x0000000022400000,0x0000000022500000)]
  0x0000000019705800 JavaThread "Cache worker for execution history cache (C:\Users\Instaimpresso2019\.gradle\caches\6.1.1\executionHistory)" [_thread_blocked, id=2132, stack(0x0000000020730000,0x0000000020830000)]
  0x0000000019704000 JavaThread "Cache worker for cache directory md-rule (C:\Users\Instaimpresso2019\.gradle\caches\6.1.1\md-rule)" [_thread_blocked, id=10112, stack(0x0000000020630000,0x0000000020730000)]
  0x0000000019705000 JavaThread "Cache worker for cache directory md-supplier (C:\Users\Instaimpresso2019\.gradle\caches\6.1.1\md-supplier)" [_thread_blocked, id=6864, stack(0x0000000020530000,0x0000000020630000)]
  0x0000000019707000 JavaThread "Cache worker for file hash cache (C:\Users\Instaimpresso2019\AndroidStudioProjects\Sorteio\.gradle\6.1.1\fileHashes)" [_thread_blocked, id=2044, stack(0x0000000020030000,0x0000000020130000)]
  0x0000000019702000 JavaThread "Cache worker for checksums cache (C:\Users\Instaimpresso2019\AndroidStudioProjects\Sorteio\.gradle\checksums)" [_thread_blocked, id=2640, stack(0x000000001ff30000,0x0000000020030000)]
  0x0000000019703800 JavaThread "Cache worker for file hash cache (C:\Users\Instaimpresso2019\.gradle\caches\6.1.1\fileHashes)" [_thread_blocked, id=6660, stack(0x000000001dc90000,0x000000001dd90000)]
  0x0000000019701000 JavaThread "File lock request listener" [_thread_in_native, id=2632, stack(0x000000001db90000,0x000000001dc90000)]
  0x000000001a52c000 JavaThread "Cache worker for journal cache (C:\Users\Instaimpresso2019\.gradle\caches\journal-1)" [_thread_blocked, id=6300, stack(0x000000001da90000,0x000000001db90000)]
  0x000000001a61a800 JavaThread "Thread-9" [_thread_blocked, id=7272, stack(0x000000001d790000,0x000000001d890000)]
  0x000000001b138000 JavaThread "Stdin handler" [_thread_blocked, id=7932, stack(0x000000001d690000,0x000000001d790000)]
  0x000000001b137000 JavaThread "Asynchronous log dispatcher for DefaultDaemonConnection: socket connection from /127.0.0.1:53258 to /127.0.0.1:53259" [_thread_blocked, id=5956, stack(0x000000001d590000,0x000000001d690000)]
  0x000000001a63d000 JavaThread "Daemon worker" [_thread_in_native, id=11892, stack(0x000000001d490000,0x000000001d590000)]
  0x000000001b572800 JavaThread "Cancel handler" [_thread_blocked, id=5240, stack(0x000000001d390000,0x000000001d490000)]
  0x000000001b274000 JavaThread "Handler for socket connection from /127.0.0.1:53258 to /127.0.0.1:53259" [_thread_in_native, id=8080, stack(0x000000001d090000,0x000000001d190000)]
  0x000000001b273000 JavaThread "Daemon" [_thread_blocked, id=6616, stack(0x000000001cf90000,0x000000001d090000)]
  0x000000001b0a5800 JavaThread "Daemon periodic checks" [_thread_blocked, id=7736, stack(0x000000001ce90000,0x000000001cf90000)]
  0x000000001a7da800 JavaThread "Incoming local TCP Connector on port 53258" [_thread_in_native, id=10660, stack(0x0000000019ef0000,0x0000000019ff0000)]
  0x000000001a05e800 JavaThread "Daemon health stats" [_thread_blocked, id=11120, stack(0x0000000019df0000,0x0000000019ef0000)]
  0x000000001970a000 JavaThread "Service Thread" daemon [_thread_blocked, id=4988, stack(0x0000000019bf0000,0x0000000019cf0000)]
  0x0000000019700800 JavaThread "C1 CompilerThread2" daemon [_thread_blocked, id=10208, stack(0x0000000019af0000,0x0000000019bf0000)]
  0x0000000017e99800 JavaThread "C2 CompilerThread1" daemon [_thread_blocked, id=5216, stack(0x00000000195f0000,0x00000000196f0000)]
=>0x0000000017e85800 JavaThread "C2 CompilerThread0" daemon [_thread_in_native, id=7136, stack(0x00000000194f0000,0x00000000195f0000)]
  0x0000000017e84000 JavaThread "Attach Listener" daemon [_thread_blocked, id=10920, stack(0x00000000193f0000,0x00000000194f0000)]
  0x0000000017e83000 JavaThread "Signal Dispatcher" daemon [_thread_blocked, id=11964, stack(0x00000000192f0000,0x00000000193f0000)]
  0x0000000003255800 JavaThread "Finalizer" daemon [_thread_blocked, id=10184, stack(0x00000000190e0000,0x00000000191e0000)]
  0x0000000017e69000 JavaThread "Reference Handler" daemon [_thread_blocked, id=7180, stack(0x0000000018fe0000,0x00000000190e0000)]
  0x000000000305e000 JavaThread "main" [_thread_blocked, id=12040, stack(0x0000000003060000,0x0000000003160000)]

Other Threads:
  0x0000000017e46000 VMThread [stack: 0x0000000018ee0000,0x0000000018fe0000] [id=6408]
  0x000000001970b000 WatcherThread [stack: 0x0000000019cf0000,0x0000000019df0000] [id=10268]

VM state:not at safepoint (normal execution)

VM Mutex/Monitor currently owned by a thread: None

heap address: 0x0000000080000000, size: 2048 MB, Compressed Oops mode: 32-bit
Narrow klass base: 0x0000000000000000, Narrow klass shift: 3
Compressed class space size: 1073741824 Address: 0x0000000100000000

Heap:
 PSYoungGen      total 146944K, used 59263K [0x00000000d5580000, 0x00000000dfc00000, 0x0000000100000000)
  eden space 133120K, 34% used [0x00000000d5580000,0x00000000d81e41a8,0x00000000dd780000)
  from space 13824K, 99% used [0x00000000de880000,0x00000000df5fbcd8,0x00000000df600000)
  to   space 17408K, 0% used [0x00000000dd780000,0x00000000dd780000,0x00000000de880000)
 ParOldGen       total 102912K, used 22923K [0x0000000080000000, 0x0000000086480000, 0x00000000d5580000)
  object space 102912K, 22% used [0x0000000080000000,0x0000000081662fe8,0x0000000086480000)
 Metaspace       used 56694K, capacity 58774K, committed 58928K, reserved 1099776K
  class space    used 7680K, capacity 8134K, committed 8240K, reserved 1048576K

Card table byte_map: [0x0000000012620000,0x0000000012a30000] byte_map_base: 0x0000000012220000

Marking Bits: (ParMarkBitMap*) 0x000000007447f030
 Begin Bits: [0x00000000130e0000, 0x00000000150e0000)
 End Bits:   [0x00000000150e0000, 0x00000000170e0000)

Polling page: 0x00000000013f0000

CodeCache: size=245760Kb used=16115Kb max_used=16123Kb free=229644Kb
 bounds [0x0000000003260000, 0x0000000004230000, 0x0000000012260000]
 total_blobs=5574 nmethods=4801 adapters=687
 compilation: enabled

Compilation events (10 events):
Event: 34.276 Thread 0x0000000017e99800 5395       4       com.google.common.collect.RegularImmutableMap::get (18 bytes)
Event: 34.280 Thread 0x0000000019700800 5397       3       java.lang.invoke.TypeConvertingMethodAdapter::<init> (8 bytes)
Event: 34.281 Thread 0x0000000019700800 nmethod 5397 0x000000000422c310 code [0x000000000422c480, 0x000000000422c6d0]
Event: 34.281 Thread 0x0000000019700800 5398       3       jdk.internal.org.objectweb.asm.MethodVisitor::visitCode (15 bytes)
Event: 34.281 Thread 0x0000000017e99800 nmethod 5395 0x000000000422bad0 code [0x000000000422bc20, 0x000000000422bf78]
Event: 34.281 Thread 0x0000000019700800 nmethod 5398 0x000000000422b650 code [0x000000000422b7c0, 0x000000000422ba28]
Event: 34.281 Thread 0x0000000019700800 5399       3       jdk.internal.org.objectweb.asm.MethodVisitor::visitMaxs (17 bytes)
Event: 34.281 Thread 0x0000000019700800 nmethod 5399 0x000000000422b190 code [0x000000000422b300, 0x000000000422b568]
Event: 34.281 Thread 0x0000000019700800 5400       3       jdk.internal.org.objectweb.asm.MethodVisitor::visitEnd (15 bytes)
Event: 34.282 Thread 0x0000000019700800 nmethod 5400 0x000000000422d850 code [0x000000000422d9c0, 0x000000000422dc28]

GC Heap History (10 events):
Event: 20.320 GC heap before
{Heap before GC invocations=10 (full 1):
 PSYoungGen      total 87040K, used 86934K [0x00000000d5580000, 0x00000000ddc80000, 0x0000000100000000)
  eden space 79360K, 100% used [0x00000000d5580000,0x00000000da300000,0x00000000da300000)
  from space 7680K, 98% used [0x00000000dd500000,0x00000000ddc65898,0x00000000ddc80000)
  to   space 10240K, 0% used [0x00000000dc880000,0x00000000dc880000,0x00000000dd280000)
 ParOldGen       total 62464K, used 7902K [0x0000000080000000, 0x0000000083d00000, 0x00000000d5580000)
  object space 62464K, 12% used [0x0000000080000000,0x00000000807b7b68,0x0000000083d00000)
 Metaspace       used 32696K, capacity 33586K, committed 33712K, reserved 1079296K
  class space    used 4467K, capacity 4678K, committed 4784K, reserved 1048576K
Event: 20.362 GC heap after
Heap after GC invocations=10 (full 1):
 PSYoungGen      total 103424K, used 9802K [0x00000000d5580000, 0x00000000dd580000, 0x0000000100000000)
  eden space 93184K, 0% used [0x00000000d5580000,0x00000000d5580000,0x00000000db080000)
  from space 10240K, 95% used [0x00000000dc880000,0x00000000dd2128b8,0x00000000dd280000)
  to   space 3072K, 0% used [0x00000000dd280000,0x00000000dd280000,0x00000000dd580000)
 ParOldGen       total 62464K, used 7910K [0x0000000080000000, 0x0000000083d00000, 0x00000000d5580000)
  object space 62464K, 12% used [0x0000000080000000,0x00000000807b9b68,0x0000000083d00000)
 Metaspace       used 32696K, capacity 33586K, committed 33712K, reserved 1079296K
  class space    used 4467K, capacity 4678K, committed 4784K, reserved 1048576K
}
Event: 21.531 GC heap before
{Heap before GC invocations=11 (full 1):
 PSYoungGen      total 103424K, used 49151K [0x00000000d5580000, 0x00000000dd580000, 0x0000000100000000)
  eden space 93184K, 42% used [0x00000000d5580000,0x00000000d7bed638,0x00000000db080000)
  from space 10240K, 95% used [0x00000000dc880000,0x00000000dd2128b8,0x00000000dd280000)
  to   space 3072K, 0% used [0x00000000dd280000,0x00000000dd280000,0x00000000dd580000)
 ParOldGen       total 62464K, used 7910K [0x0000000080000000, 0x0000000083d00000, 0x00000000d5580000)
  object space 62464K, 12% used [0x0000000080000000,0x00000000807b9b68,0x0000000083d00000)
 Metaspace       used 34442K, capacity 35386K, committed 35496K, reserved 1079296K
  class space    used 4721K, capacity 4970K, committed 5040K, reserved 1048576K
Event: 21.561 GC heap after
Heap after GC invocations=11 (full 1):
 PSYoungGen      total 115712K, used 3072K [0x00000000d5580000, 0x00000000dda80000, 0x0000000100000000)
  eden space 112640K, 0% used [0x00000000d5580000,0x00000000d5580000,0x00000000dc380000)
  from space 3072K, 100% used [0x00000000dd280000,0x00000000dd580000,0x00000000dd580000)
  to   space 11776K, 0% used [0x00000000dc380000,0x00000000dc380000,0x00000000dcf00000)
 ParOldGen       total 62464K, used 13639K [0x0000000080000000, 0x0000000083d00000, 0x00000000d5580000)
  object space 62464K, 21% used [0x0000000080000000,0x0000000080d51f90,0x0000000083d00000)
 Metaspace       used 34442K, capacity 35386K, committed 35496K, reserved 1079296K
  class space    used 4721K, capacity 4970K, committed 5040K, reserved 1048576K
}
Event: 21.561 GC heap before
{Heap before GC invocations=12 (full 2):
 PSYoungGen      total 115712K, used 3072K [0x00000000d5580000, 0x00000000dda80000, 0x0000000100000000)
  eden space 112640K, 0% used [0x00000000d5580000,0x00000000d5580000,0x00000000dc380000)
  from space 3072K, 100% used [0x00000000dd280000,0x00000000dd580000,0x00000000dd580000)
  to   space 11776K, 0% used [0x00000000dc380000,0x00000000dc380000,0x00000000dcf00000)
 ParOldGen       total 62464K, used 13639K [0x0000000080000000, 0x0000000083d00000, 0x00000000d5580000)
  object space 62464K, 21% used [0x0000000080000000,0x0000000080d51f90,0x0000000083d00000)
 Metaspace       used 34442K, capacity 35386K, committed 35496K, reserved 1079296K
  class space    used 4721K, capacity 4970K, committed 5040K, reserved 1048576K
Event: 21.726 GC heap after
Heap after GC invocations=12 (full 2):
 PSYoungGen      total 115712K, used 0K [0x00000000d5580000, 0x00000000dda80000, 0x0000000100000000)
  eden space 112640K, 0% used [0x00000000d5580000,0x00000000d5580000,0x00000000dc380000)
  from space 3072K, 0% used [0x00000000dd280000,0x00000000dd280000,0x00000000dd580000)
  to   space 11776K, 0% used [0x00000000dc380000,0x00000000dc380000,0x00000000dcf00000)
 ParOldGen       total 102912K, used 15569K [0x0000000080000000, 0x0000000086480000, 0x00000000d5580000)
  object space 102912K, 15% used [0x0000000080000000,0x0000000080f34730,0x0000000086480000)
 Metaspace       used 34442K, capacity 35386K, committed 35496K, reserved 1079296K
  class space    used 4721K, capacity 4970K, committed 5040K, reserved 1048576K
}
Event: 26.675 GC heap before
{Heap before GC invocations=13 (full 2):
 PSYoungGen      total 115712K, used 112640K [0x00000000d5580000, 0x00000000dda80000, 0x0000000100000000)
  eden space 112640K, 100% used [0x00000000d5580000,0x00000000dc380000,0x00000000dc380000)
  from space 3072K, 0% used [0x00000000dd280000,0x00000000dd280000,0x00000000dd580000)
  to   space 11776K, 0% used [0x00000000dc380000,0x00000000dc380000,0x00000000dcf00000)
 ParOldGen       total 102912K, used 15569K [0x0000000080000000, 0x0000000086480000, 0x00000000d5580000)
  object space 102912K, 15% used [0x0000000080000000,0x0000000080f34730,0x0000000086480000)
 Metaspace       used 44440K, capacity 45992K, committed 46128K, reserved 1089536K
  class space    used 6006K, capacity 6390K, committed 6448K, reserved 1048576K
Event: 26.700 GC heap after
Heap after GC invocations=13 (full 2):
 PSYoungGen      total 124416K, used 11750K [0x00000000d5580000, 0x00000000df600000, 0x0000000100000000)
  eden space 112640K, 0% used [0x00000000d5580000,0x00000000d5580000,0x00000000dc380000)
  from space 11776K, 99% used [0x00000000dc380000,0x00000000dcef9968,0x00000000dcf00000)
  to   space 13824K, 0% used [0x00000000de880000,0x00000000de880000,0x00000000df600000)
 ParOldGen       total 102912K, used 16992K [0x0000000080000000, 0x0000000086480000, 0x00000000d5580000)
  object space 102912K, 16% used [0x0000000080000000,0x0000000081098268,0x0000000086480000)
 Metaspace       used 44440K, capacity 45992K, committed 46128K, reserved 1089536K
  class space    used 6006K, capacity 6390K, committed 6448K, reserved 1048576K
}
Event: 31.564 GC heap before
{Heap before GC invocations=14 (full 2):
 PSYoungGen      total 124416K, used 124390K [0x00000000d5580000, 0x00000000df600000, 0x0000000100000000)
  eden space 112640K, 100% used [0x00000000d5580000,0x00000000dc380000,0x00000000dc380000)
  from space 11776K, 99% used [0x00000000dc380000,0x00000000dcef9968,0x00000000dcf00000)
  to   space 13824K, 0% used [0x00000000de880000,0x00000000de880000,0x00000000df600000)
 ParOldGen       total 102912K, used 16992K [0x0000000080000000, 0x0000000086480000, 0x00000000d5580000)
  object space 102912K, 16% used [0x0000000080000000,0x0000000081098268,0x0000000086480000)
 Metaspace       used 52690K, capacity 54578K, committed 54832K, reserved 1097728K
  class space    used 7022K, capacity 7444K, committed 7472K, reserved 1048576K
Event: 31.610 GC heap after
Heap after GC invocations=14 (full 2):
 PSYoungGen      total 146944K, used 13807K [0x00000000d5580000, 0x00000000dfc00000, 0x0000000100000000)
  eden space 133120K, 0% used [0x00000000d5580000,0x00000000d5580000,0x00000000dd780000)
  from space 13824K, 99% used [0x00000000de880000,0x00000000df5fbcd8,0x00000000df600000)
  to   space 17408K, 0% used [0x00000000dd780000,0x00000000dd780000,0x00000000de880000)
 ParOldGen       total 102912K, used 22923K [0x0000000080000000, 0x0000000086480000, 0x00000000d5580000)
  object space 102912K, 22% used [0x0000000080000000,0x0000000081662fe8,0x0000000086480000)
 Metaspace       used 52690K, capacity 54578K, committed 54832K, reserved 1097728K
  class space    used 7022K, capacity 7444K, committed 7472K, reserved 1048576K
}

Deoptimization events (10 events):
Event: 30.853 Thread 0x000000001a63d000 Uncommon trap: reason=unstable_if action=reinterpret pc=0x0000000003b7cf30 method=org.codehaus.groovy.runtime.metaclass.MetaMethodIndex.addMethodToList(Ljava/lang/Object;Lgroovy/lang/MetaMethod;)Ljava/lang/Object; @ 226
Event: 33.708 Thread 0x000000001a63d000 Uncommon trap: reason=unstable_if action=reinterpret pc=0x0000000003c5649c method=java.io.WinNTFileSystem.normalize(Ljava/lang/String;)Ljava/lang/String; @ 74
Event: 33.837 Thread 0x000000001a63d000 Uncommon trap: reason=unstable_if action=reinterpret pc=0x00000000040254e0 method=java.lang.String.regionMatches(ZILjava/lang/String;II)Z @ 58
Event: 34.028 Thread 0x000000001a63d000 Uncommon trap: reason=unstable_if action=reinterpret pc=0x0000000003e40058 method=sun.nio.fs.WindowsPathParser.isSlash(C)Z @ 9
Event: 34.028 Thread 0x000000001a63d000 Uncommon trap: reason=unstable_if action=reinterpret pc=0x00000000035bc1f8 method=sun.nio.fs.WindowsPathParser.isSlash(C)Z @ 9
Event: 34.091 Thread 0x000000001a63d000 Uncommon trap: reason=unstable_if action=reinterpret pc=0x0000000003bfbd00 method=com.esotericsoftware.kryo.io.Input.require(I)I @ 65
Event: 34.191 Thread 0x000000001a63d000 Uncommon trap: reason=unstable_if action=reinterpret pc=0x00000000035ad89c method=java.util.HashMap.resize()[Ljava/util/HashMap$Node; @ 206
Event: 34.191 Thread 0x000000001a63d000 Uncommon trap: reason=unstable_if action=reinterpret pc=0x000000000385056c method=java.util.HashMap.putVal(ILjava/lang/Object;Ljava/lang/Object;ZZ)Ljava/lang/Object; @ 109
Event: 34.191 Thread 0x000000001a63d000 Uncommon trap: reason=unstable_if action=reinterpret pc=0x0000000003b8fb0c method=java.util.HashMap.putVal(ILjava/lang/Object;Ljava/lang/Object;ZZ)Ljava/lang/Object; @ 109
Event: 34.250 Thread 0x000000001a63d000 Uncommon trap: reason=predicate action=maybe_recompile pc=0x0000000004219318 method=java.util.AbstractCollection.toArray([Ljava/lang/Object;)[Ljava/lang/Object; @ 49

Classes redefined (0 events):
No events

Internal exceptions (10 events):
Event: 31.006 Thread 0x000000001a63d000 Exception <a 'java/lang/ClassNotFoundException': org/gradle/api/internal/file/CompositeFileCollectionCustomizer> (0x00000000db942948) thrown at [C:\src\AOSP-openjdk-git\hotspot\src\share\vm\classfile\systemDictionary.cpp, line 210]
Event: 31.011 Thread 0x000000001a63d000 Exception <a 'java/lang/ClassNotFoundException': org/gradle/api/internal/file/CompositeFileTreeCustomizer> (0x00000000db98f468) thrown at [C:\src\AOSP-openjdk-git\hotspot\src\share\vm\classfile\systemDictionary.cpp, line 210]
Event: 31.013 Thread 0x000000001a63d000 Exception <a 'java/lang/ClassNotFoundException': org/gradle/api/internal/file/collections/DefaultConfigurableFileTreeCustomizer> (0x00000000db9e9090) thrown at [C:\src\AOSP-openjdk-git\hotspot\src\share\vm\classfile\systemDictionary.cpp, line 210]
Event: 31.413 Thread 0x000000001a63d000 Exception <a 'java/lang/NoSuchMethodError': java.lang.Object.lambda$comparingInt$7b0bb60$1(Ljava/util/function/ToIntFunction;Ljava/lang/Object;Ljava/lang/Object;)I> (0x00000000dc107df0) thrown at [C:\src\AOSP-openjdk-git\hotspot\src\share\vm\interpreter\l
Event: 33.004 Thread 0x000000001a63d000 Exception <a 'java/lang/ClassNotFoundException': com/android/build/gradle/internal/api/ApkVariantOutputImpl_DecoratedBeanInfo> (0x00000000d6a92fa8) thrown at [C:\src\AOSP-openjdk-git\hotspot\src\share\vm\classfile\systemDictionary.cpp, line 210]
Event: 33.008 Thread 0x000000001a63d000 Exception <a 'java/lang/ClassNotFoundException': com/android/build/gradle/internal/api/ApkVariantOutputImplBeanInfo> (0x00000000d6ab2938) thrown at [C:\src\AOSP-openjdk-git\hotspot\src\share\vm\classfile\systemDictionary.cpp, line 210]
Event: 33.010 Thread 0x000000001a63d000 Exception <a 'java/lang/ClassNotFoundException': com/android/build/gradle/internal/api/BaseVariantOutputImplBeanInfo> (0x00000000d6ad38b0) thrown at [C:\src\AOSP-openjdk-git\hotspot\src\share\vm\classfile\systemDictionary.cpp, line 210]
Event: 33.011 Thread 0x000000001a63d000 Exception <a 'java/lang/ClassNotFoundException': com/android/build/gradle/internal/api/BaseVariantOutputImplCustomizer> (0x00000000d6af4e30) thrown at [C:\src\AOSP-openjdk-git\hotspot\src\share\vm\classfile\systemDictionary.cpp, line 210]
Event: 33.013 Thread 0x000000001a63d000 Exception <a 'java/lang/ClassNotFoundException': com/android/build/gradle/internal/api/ApkVariantOutputImplCustomizer> (0x00000000d6b2ff50) thrown at [C:\src\AOSP-openjdk-git\hotspot\src\share\vm\classfile\systemDictionary.cpp, line 210]
Event: 33.015 Thread 0x000000001a63d000 Exception <a 'java/lang/ClassNotFoundException': com/android/build/gradle/internal/api/ApkVariantOutputImpl_DecoratedCustomizer> (0x00000000d6b66ae0) thrown at [C:\src\AOSP-openjdk-git\hotspot\src\share\vm\classfile\systemDictionary.cpp, line 210]

Events (10 events):
Event: 34.275 loading class com/android/build/api/variant/impl/VariantOutputImpl
Event: 34.275 loading class com/android/build/api/variant/impl/VariantOutputImpl done
Event: 34.275 loading class com/android/build/gradle/tasks/PackageAndroidArtifact
Event: 34.275 loading class com/android/build/gradle/tasks/PackageAndroidArtifact done
Event: 34.277 loading class com/android/build/gradle/internal/dsl/DslAdaptersKt
Event: 34.277 loading class com/android/build/gradle/internal/dsl/DslAdaptersKt done
Event: 34.278 loading class com/android/builder/internal/aapt/AaptOptions
Event: 34.278 loading class com/android/builder/internal/aapt/AaptOptions done
Event: 34.280 loading class com/android/build/gradle/internal/core/Abi
Event: 34.280 loading class com/android/build/gradle/internal/core/Abi done


Dynamic libraries:
0x00007ff708940000 - 0x00007ff708971000 	C:\Program Files\Android\Android Studio1\jre\bin\java.exe
0x00007fff82390000 - 0x00007fff82585000 	C:\WINDOWS\SYSTEM32\ntdll.dll
0x00007fff821e0000 - 0x00007fff8229d000 	C:\WINDOWS\System32\KERNEL32.DLL
0x00007fff7fe10000 - 0x00007fff800d7000 	C:\WINDOWS\System32\KERNELBASE.dll
0x00007fff80880000 - 0x00007fff8092a000 	C:\WINDOWS\System32\ADVAPI32.dll
0x00007fff80ac0000 - 0x00007fff80b5e000 	C:\WINDOWS\System32\msvcrt.dll
0x00007fff818e0000 - 0x00007fff8197b000 	C:\WINDOWS\System32\sechost.dll
0x00007fff80c30000 - 0x00007fff80d53000 	C:\WINDOWS\System32\RPCRT4.dll
0x00007fff806e0000 - 0x00007fff80880000 	C:\WINDOWS\System32\USER32.dll
0x00007fff7fb10000 - 0x00007fff7fb32000 	C:\WINDOWS\System32\win32u.dll
0x00007fff816f0000 - 0x00007fff8171a000 	C:\WINDOWS\System32\GDI32.dll
0x00007fff800e0000 - 0x00007fff801ea000 	C:\WINDOWS\System32\gdi32full.dll
0x00007fff7fb40000 - 0x00007fff7fbdd000 	C:\WINDOWS\System32\msvcp_win.dll
0x00007fff80300000 - 0x00007fff80400000 	C:\WINDOWS\System32\ucrtbase.dll
0x00007fff7eeb0000 - 0x00007fff7f14a000 	C:\WINDOWS\WinSxS\amd64_microsoft.windows.common-controls_6595b64144ccf1df_6.0.19041.1_none_b555e41d4684ddec\COMCTL32.dll
0x00007fff80d60000 - 0x00007fff80d90000 	C:\WINDOWS\System32\IMM32.DLL
0x0000000076010000 - 0x00000000760e2000 	C:\Program Files\Android\Android Studio1\jre\jre\bin\msvcr100.dll
0x0000000073cb0000 - 0x00000000744fb000 	C:\Program Files\Android\Android Studio1\jre\jre\bin\server\jvm.dll
0x00007fff81270000 - 0x00007fff81278000 	C:\WINDOWS\System32\PSAPI.DLL
0x00007fff6c3e0000 - 0x00007fff6c3e9000 	C:\WINDOWS\SYSTEM32\WSOCK32.dll
0x00007fff74760000 - 0x00007fff74787000 	C:\WINDOWS\SYSTEM32\WINMM.dll
0x00007fff80b60000 - 0x00007fff80bcb000 	C:\WINDOWS\System32\WS2_32.dll
0x00007fff76b60000 - 0x00007fff76b6a000 	C:\WINDOWS\SYSTEM32\VERSION.dll
0x00007fff77800000 - 0x00007fff7780f000 	C:\Program Files\Android\Android Studio1\jre\jre\bin\verify.dll
0x00007fff6f2c0000 - 0x00007fff6f2e9000 	C:\Program Files\Android\Android Studio1\jre\jre\bin\java.dll
0x00007fff6fbe0000 - 0x00007fff6fbf6000 	C:\Program Files\Android\Android Studio1\jre\jre\bin\zip.dll
0x00007fff81aa0000 - 0x00007fff821e0000 	C:\WINDOWS\System32\SHELL32.dll
0x00007fff7cf90000 - 0x00007fff7d721000 	C:\WINDOWS\SYSTEM32\windows.storage.dll
0x00007fff80d90000 - 0x00007fff810e3000 	C:\WINDOWS\System32\combase.dll
0x00007fff7ee10000 - 0x00007fff7ee3c000 	C:\WINDOWS\SYSTEM32\Wldp.dll
0x00007fff822a0000 - 0x00007fff8234e000 	C:\WINDOWS\System32\SHCORE.dll
0x00007fff810f0000 - 0x00007fff81145000 	C:\WINDOWS\System32\shlwapi.dll
0x00007fff7fa20000 - 0x00007fff7fa3f000 	C:\WINDOWS\SYSTEM32\profapi.dll
0x00007fff6f4e0000 - 0x00007fff6f4fa000 	C:\Program Files\Android\Android Studio1\jre\jre\bin\net.dll
0x00007fff7eb90000 - 0x00007fff7ebfa000 	C:\WINDOWS\system32\mswsock.dll
0x00007fff6f330000 - 0x00007fff6f343000 	C:\Program Files\Android\Android Studio1\jre\jre\bin\nio.dll
0x00007fff687a0000 - 0x00007fff687c6000 	C:\Users\Instaimpresso2019\.gradle\native\31\windows-amd64\native-platform.dll
0x00007fff774e0000 - 0x00007fff774ed000 	C:\Program Files\Android\Android Studio1\jre\jre\bin\management.dll
0x00007fff7f6d0000 - 0x00007fff7f6e8000 	C:\WINDOWS\SYSTEM32\CRYPTSP.dll
0x00007fff7e540000 - 0x00007fff7e574000 	C:\WINDOWS\system32\rsaenh.dll
0x00007fff7fae0000 - 0x00007fff7fb07000 	C:\WINDOWS\System32\bcrypt.dll
0x00007fff7f9a0000 - 0x00007fff7f9ce000 	C:\WINDOWS\SYSTEM32\USERENV.dll
0x00007fff7fbe0000 - 0x00007fff7fc5f000 	C:\WINDOWS\System32\bcryptprimitives.dll
0x00007fff7ed60000 - 0x00007fff7ed6c000 	C:\WINDOWS\SYSTEM32\CRYPTBASE.dll
0x00007fff7e880000 - 0x00007fff7e8bb000 	C:\WINDOWS\SYSTEM32\IPHLPAPI.DLL
0x00007fff81160000 - 0x00007fff81169000 	C:\WINDOWS\System32\NSI.dll
0x00007fff773c0000 - 0x00007fff773d7000 	C:\WINDOWS\SYSTEM32\dhcpcsvc6.DLL
0x00007fff77190000 - 0x00007fff771ad000 	C:\WINDOWS\SYSTEM32\dhcpcsvc.DLL
0x00007fff7e8c0000 - 0x00007fff7e98a000 	C:\WINDOWS\SYSTEM32\DNSAPI.dll

VM Arguments:
jvm_args: -Xmx2048m -Dfile.encoding=windows-1252 -Duser.country=BR -Duser.language=pt -Duser.variant 
java_command: org.gradle.launcher.daemon.bootstrap.GradleDaemon 6.1.1
java_class_path (initial): C:\Users\Instaimpresso2019\.gradle\wrapper\dists\gradle-6.1.1-all\cfmwm155h49vnt3hynmlrsdst\gradle-6.1.1\lib\gradle-launcher-6.1.1.jar
Launcher Type: SUN_STANDARD

Environment Variables:
PATH=C:\Program Files (x86)\Common Files\Oracle\Java\javapath;C:\WINDOWS\system32;C:\WINDOWS;C:\WINDOWS\System32\Wbem;C:\WINDOWS\System32\WindowsPowerShell\v1.0\;C:\WINDOWS\System32\OpenSSH\;C:\xampp\php;C:\composer;C:\Program Files\PuTTY\;C:\Users\Instaimpresso2019\AppData\Local\Microsoft\WindowsApps;C:\Users\Instaimpresso2019\AppData\Roaming\Composer\vendor\bin;C:\Users\Instaimpresso2019\AppData\Local\GitHubDesktop\bin;%USERPROFILE%\AppData\Local\Microsoft\WindowsApps;
USERNAME=Instaimpresso2019
OS=Windows_NT
PROCESSOR_IDENTIFIER=AMD64 Family 21 Model 101 Stepping 1, AuthenticAMD



---------------  S Y S T E M  ---------------

OS: Windows 10.0 , 64 bit Build 19041 (10.0.19041.292)

CPU:total 4 (initial active 4) (4 cores per cpu, 1 threads per core) family 21 model 101 stepping 1, cmov, cx8, fxsr, mmx, sse, sse2, sse3, ssse3, sse4.1, sse4.2, popcnt, avx, avx2, aes, clmul, mmxext, 3dnowpref, lzcnt, sse4a, tsc, tscinvbit, tscinv, bmi1

Memory: 4k page, physical 7820660k(528436k free), swap 9868660k(708k free)

vm_info: OpenJDK 64-Bit Server VM (25.242-b01) for windows-amd64 JRE (1.8.0_242-release-1644-b01), built by "builder" with MS VC++ 10.0 (VS2010)

time: Sat Sep 05 00:09:50 2020
timezone: Hora oficial do Brasil
elapsed time: 34 seconds (0d 0h 0m 34s)

