#
# There is insufficient memory for the Java Runtime Environment to continue.
# Native memory allocation (malloc) failed to allocate 1025856 bytes for Chunk::new
# Possible reasons:
#   The system is out of physical RAM or swap space
#   The process is running with CompressedOops enabled, and the Java Heap may be blocking the growth of the native heap
# Possible solutions:
#   Reduce memory load on the system
#   Increase physical memory or swap space
#   Check if swap backing store is full
#   Decrease Java heap size (-Xmx/-Xms)
#   Decrease number of Java threads
#   Decrease Java thread stack sizes (-Xss)
#   Set larger code cache with -XX:ReservedCodeCacheSize=
#   JVM is running with Unscaled Compressed Oops mode in which the Java heap is
#     placed in the first 4GB address space. The Java Heap base address is the
#     maximum limit for the native heap growth. Please use -XX:HeapBaseMinAddress
#     to set the Java Heap base and to place the Java Heap above 4GB virtual address.
# This output file may be truncated or incomplete.
#
#  Out of Memory Error (allocation.cpp:389), pid=4716, tid=0x00000000000029d0
#
# JRE version: OpenJDK Runtime Environment (8.0_242-b01) (build 1.8.0_242-release-1644-b01)
# Java VM: OpenJDK 64-Bit Server VM (25.242-b01 mixed mode windows-amd64 compressed oops)
# Failed to write core dump. Minidumps are not enabled by default on client versions of Windows
#

---------------  T H R E A D  ---------------

Current thread (0x000000001777c800):  JavaThread "C2 CompilerThread1" daemon [_thread_in_native, id=10704, stack(0x0000000018ec0000,0x0000000018fc0000)]

Stack: [0x0000000018ec0000,0x0000000018fc0000]
[error occurred during error reporting (printing stack bounds), id 0xc0000005]

Native frames: (J=compiled Java code, j=interpreted, Vv=VM code, C=native code)


Current CompileTask:
C2:  24902 1525       4       java.net.URLClassLoader$1::run (5 bytes)


---------------  P R O C E S S  ---------------

Java Threads: ( => current thread )
  0x0000000019e39800 JavaThread "File lock request listener" [_thread_in_native, id=1496, stack(0x000000001d450000,0x000000001d550000)]
  0x0000000019322800 JavaThread "Cache worker for journal cache (C:\Users\Instaimpresso2019\.gradle\caches\journal-1)" [_thread_blocked, id=3760, stack(0x000000001d350000,0x000000001d450000)]
  0x000000001a108000 JavaThread "Thread-9" [_thread_blocked, id=11964, stack(0x000000001c080000,0x000000001c180000)]
  0x000000001ab4d000 JavaThread "Stdin handler" [_thread_blocked, id=11780, stack(0x000000001bf80000,0x000000001c080000)]
  0x000000001ab4c000 JavaThread "Asynchronous log dispatcher for DefaultDaemonConnection: socket connection from /127.0.0.1:57037 to /127.0.0.1:57038" [_thread_blocked, id=3892, stack(0x000000001be80000,0x000000001bf80000)]
  0x000000001ab4a000 JavaThread "Daemon worker" [_thread_in_Java, id=1260, stack(0x000000001bd80000,0x000000001be80000)]
  0x000000001abec000 JavaThread "Cancel handler" [_thread_blocked, id=3716, stack(0x000000001bc80000,0x000000001bd80000)]
  0x000000001a0a5800 JavaThread "Handler for socket connection from /127.0.0.1:57037 to /127.0.0.1:57038" [_thread_in_native, id=1296, stack(0x000000001b980000,0x000000001ba80000)]
  0x000000001a018000 JavaThread "Daemon" [_thread_blocked, id=8312, stack(0x000000001b880000,0x000000001b980000)]
  0x000000001aaf8800 JavaThread "Daemon periodic checks" [_thread_blocked, id=8616, stack(0x000000001b780000,0x000000001b880000)]
  0x000000001a00a000 JavaThread "Incoming local TCP Connector on port 57037" [_thread_in_native, id=5124, stack(0x00000000197c0000,0x00000000198c0000)]
  0x000000001906e000 JavaThread "Daemon health stats" [_thread_blocked, id=6328, stack(0x00000000196c0000,0x00000000197c0000)]
  0x0000000018fc9000 JavaThread "Service Thread" daemon [_thread_blocked, id=8620, stack(0x00000000194c0000,0x00000000195c0000)]
  0x0000000018fc3000 JavaThread "C1 CompilerThread2" daemon [_thread_blocked, id=6044, stack(0x00000000193c0000,0x00000000194c0000)]
=>0x000000001777c800 JavaThread "C2 CompilerThread1" daemon [_thread_in_native, id=10704, stack(0x0000000018ec0000,0x0000000018fc0000)]
  0x0000000017745800 JavaThread "C2 CompilerThread0" daemon [_thread_in_native, id=4532, stack(0x0000000018dc0000,0x0000000018ec0000)]
  0x0000000017744000 JavaThread "Attach Listener" daemon [_thread_blocked, id=7576, stack(0x0000000018cc0000,0x0000000018dc0000)]
  0x0000000017743000 JavaThread "Signal Dispatcher" daemon [_thread_blocked, id=8380, stack(0x0000000018bc0000,0x0000000018cc0000)]
  0x0000000002b15800 JavaThread "Finalizer" daemon [_thread_blocked, id=11564, stack(0x00000000189b0000,0x0000000018ab0000)]
  0x0000000017729000 JavaThread "Reference Handler" daemon [_thread_blocked, id=9676, stack(0x00000000188b0000,0x00000000189b0000)]
  0x000000000105e000 JavaThread "main" [_thread_blocked, id=10180, stack(0x0000000002920000,0x0000000002a20000)]

Other Threads:
  0x0000000017706000 VMThread [stack: 0x00000000187b0000,0x00000000188b0000] [id=8284]
  0x0000000018fca000 WatcherThread [stack: 0x00000000195c0000,0x00000000196c0000] [id=11432]

VM state:not at safepoint (normal execution)

VM Mutex/Monitor currently owned by a thread: None

heap address: 0x0000000080000000, size: 2048 MB, Compressed Oops mode: 32-bit
Narrow klass base: 0x0000000000000000, Narrow klass shift: 3
Compressed class space size: 1073741824 Address: 0x0000000100000000

Heap:
 PSYoungGen      total 35840K, used 13948K [0x00000000d5580000, 0x00000000d7d80000, 0x0000000100000000)
  eden space 30720K, 28% used [0x00000000d5580000,0x00000000d5e27348,0x00000000d7380000)
  from space 5120K, 99% used [0x00000000d7880000,0x00000000d7d78040,0x00000000d7d80000)
  to   space 5120K, 0% used [0x00000000d7380000,0x00000000d7380000,0x00000000d7880000)
 ParOldGen       total 81920K, used 1909K [0x0000000080000000, 0x0000000085000000, 0x00000000d5580000)
  object space 81920K, 2% used [0x0000000080000000,0x00000000801dd668,0x0000000085000000)
 Metaspace       used 15004K, capacity 15492K, committed 15744K, reserved 1062912K
  class space    used 1981K, capacity 2128K, committed 2176K, reserved 1048576K

Card table byte_map: [0x0000000011ee0000,0x00000000122f0000] byte_map_base: 0x0000000011ae0000

Marking Bits: (ParMarkBitMap*) 0x000000007447f030
 Begin Bits: [0x00000000129a0000, 0x00000000149a0000)
 End Bits:   [0x00000000149a0000, 0x00000000169a0000)

Polling page: 0x0000000000ba0000

CodeCache: size=245760Kb used=4957Kb max_used=5080Kb free=240802Kb
 bounds [0x0000000002b20000, 0x0000000003020000, 0x0000000011b20000]
 total_blobs=1796 nmethods=1408 adapters=302
 compilation: enabled

Compilation events (10 events):
Event: 24.576 Thread 0x0000000018fc3000 1522       3       java.util.concurrent.locks.ReentrantLock::unlock (10 bytes)
Event: 24.577 Thread 0x0000000018fc3000 nmethod 1522 0x0000000002d03cd0 code [0x0000000002d03e60, 0x0000000002d04258]
Event: 24.586 Thread 0x0000000018fc3000 1523       3       java.util.concurrent.locks.ReentrantLock$NonfairSync::tryAcquire (6 bytes)
Event: 24.586 Thread 0x0000000018fc3000 nmethod 1523 0x0000000002cc0710 code [0x0000000002cc0880, 0x0000000002cc0a88]
Event: 24.689 Thread 0x0000000017745800 1524   !   4       java.net.URLClassLoader$1::run (63 bytes)
Event: 24.697 Thread 0x000000001777c800 1525       4       java.net.URLClassLoader$1::run (5 bytes)
Event: 24.758 Thread 0x0000000018fc3000 1526       3       java.util.regex.Pattern$Curly::match0 (174 bytes)
Event: 24.759 Thread 0x0000000018fc3000 nmethod 1526 0x0000000002d1d150 code [0x0000000002d1d340, 0x0000000002d1dd78]
Event: 24.801 Thread 0x0000000018fc3000 1527       1       org.gradle.launcher.daemon.server.exec.DaemonConnectionBackedEventConsumer::access$100 (5 bytes)
Event: 24.801 Thread 0x0000000018fc3000 nmethod 1527 0x0000000002d1ce10 code [0x0000000002d1cf60, 0x0000000002d1d050]

GC Heap History (8 events):
Event: 5.535 GC heap before
{Heap before GC invocations=1 (full 0):
 PSYoungGen      total 35840K, used 30720K [0x00000000d5580000, 0x00000000d7d80000, 0x0000000100000000)
  eden space 30720K, 100% used [0x00000000d5580000,0x00000000d7380000,0x00000000d7380000)
  from space 5120K, 0% used [0x00000000d7880000,0x00000000d7880000,0x00000000d7d80000)
  to   space 5120K, 0% used [0x00000000d7380000,0x00000000d7380000,0x00000000d7880000)
 ParOldGen       total 81920K, used 0K [0x0000000080000000, 0x0000000085000000, 0x00000000d5580000)
  object space 81920K, 0% used [0x0000000080000000,0x0000000080000000,0x0000000085000000)
 Metaspace       used 7506K, capacity 7772K, committed 8064K, reserved 1056768K
  class space    used 924K, capacity 1036K, committed 1152K, reserved 1048576K
Event: 5.566 GC heap after
Heap after GC invocations=1 (full 0):
 PSYoungGen      total 35840K, used 4440K [0x00000000d5580000, 0x00000000d7d80000, 0x0000000100000000)
  eden space 30720K, 0% used [0x00000000d5580000,0x00000000d5580000,0x00000000d7380000)
  from space 5120K, 86% used [0x00000000d7380000,0x00000000d77d62c8,0x00000000d7880000)
  to   space 5120K, 0% used [0x00000000d7880000,0x00000000d7880000,0x00000000d7d80000)
 ParOldGen       total 81920K, used 16K [0x0000000080000000, 0x0000000085000000, 0x00000000d5580000)
  object space 81920K, 0% used [0x0000000080000000,0x0000000080004000,0x0000000085000000)
 Metaspace       used 7506K, capacity 7772K, committed 8064K, reserved 1056768K
  class space    used 924K, capacity 1036K, committed 1152K, reserved 1048576K
}
Event: 7.750 GC heap before
{Heap before GC invocations=2 (full 0):
 PSYoungGen      total 35840K, used 35160K [0x00000000d5580000, 0x00000000d7d80000, 0x0000000100000000)
  eden space 30720K, 100% used [0x00000000d5580000,0x00000000d7380000,0x00000000d7380000)
  from space 5120K, 86% used [0x00000000d7380000,0x00000000d77d62c8,0x00000000d7880000)
  to   space 5120K, 0% used [0x00000000d7880000,0x00000000d7880000,0x00000000d7d80000)
 ParOldGen       total 81920K, used 16K [0x0000000080000000, 0x0000000085000000, 0x00000000d5580000)
  object space 81920K, 0% used [0x0000000080000000,0x0000000080004000,0x0000000085000000)
 Metaspace       used 7692K, capacity 7964K, committed 8320K, reserved 1056768K
  class space    used 933K, capacity 1036K, committed 1152K, reserved 1048576K
Event: 7.761 GC heap after
Heap after GC invocations=2 (full 0):
 PSYoungGen      total 35840K, used 3133K [0x00000000d5580000, 0x00000000d7d80000, 0x0000000100000000)
  eden space 30720K, 0% used [0x00000000d5580000,0x00000000d5580000,0x00000000d7380000)
  from space 5120K, 61% used [0x00000000d7880000,0x00000000d7b8f780,0x00000000d7d80000)
  to   space 5120K, 0% used [0x00000000d7380000,0x00000000d7380000,0x00000000d7880000)
 ParOldGen       total 81920K, used 24K [0x0000000080000000, 0x0000000085000000, 0x00000000d5580000)
  object space 81920K, 0% used [0x0000000080000000,0x0000000080006000,0x0000000085000000)
 Metaspace       used 7692K, capacity 7964K, committed 8320K, reserved 1056768K
  class space    used 933K, capacity 1036K, committed 1152K, reserved 1048576K
}
Event: 14.477 GC heap before
{Heap before GC invocations=3 (full 0):
 PSYoungGen      total 35840K, used 33853K [0x00000000d5580000, 0x00000000d7d80000, 0x0000000100000000)
  eden space 30720K, 100% used [0x00000000d5580000,0x00000000d7380000,0x00000000d7380000)
  from space 5120K, 61% used [0x00000000d7880000,0x00000000d7b8f780,0x00000000d7d80000)
  to   space 5120K, 0% used [0x00000000d7380000,0x00000000d7380000,0x00000000d7880000)
 ParOldGen       total 81920K, used 24K [0x0000000080000000, 0x0000000085000000, 0x00000000d5580000)
  object space 81920K, 0% used [0x0000000080000000,0x0000000080006000,0x0000000085000000)
 Metaspace       used 9897K, capacity 10204K, committed 10496K, reserved 1058816K
  class space    used 1319K, capacity 1444K, committed 1536K, reserved 1048576K
Event: 14.491 GC heap after
Heap after GC invocations=3 (full 0):
 PSYoungGen      total 35840K, used 5088K [0x00000000d5580000, 0x00000000d7d80000, 0x0000000100000000)
  eden space 30720K, 0% used [0x00000000d5580000,0x00000000d5580000,0x00000000d7380000)
  from space 5120K, 99% used [0x00000000d7380000,0x00000000d7878020,0x00000000d7880000)
  to   space 5120K, 0% used [0x00000000d7880000,0x00000000d7880000,0x00000000d7d80000)
 ParOldGen       total 81920K, used 48K [0x0000000080000000, 0x0000000085000000, 0x00000000d5580000)
  object space 81920K, 0% used [0x0000000080000000,0x000000008000c000,0x0000000085000000)
 Metaspace       used 9897K, capacity 10204K, committed 10496K, reserved 1058816K
  class space    used 1319K, capacity 1444K, committed 1536K, reserved 1048576K
}
Event: 24.188 GC heap before
{Heap before GC invocations=4 (full 0):
 PSYoungGen      total 35840K, used 35808K [0x00000000d5580000, 0x00000000d7d80000, 0x0000000100000000)
  eden space 30720K, 100% used [0x00000000d5580000,0x00000000d7380000,0x00000000d7380000)
  from space 5120K, 99% used [0x00000000d7380000,0x00000000d7878020,0x00000000d7880000)
  to   space 5120K, 0% used [0x00000000d7880000,0x00000000d7880000,0x00000000d7d80000)
 ParOldGen       total 81920K, used 48K [0x0000000080000000, 0x0000000085000000, 0x00000000d5580000)
  object space 81920K, 0% used [0x0000000080000000,0x000000008000c000,0x0000000085000000)
 Metaspace       used 13733K, capacity 14146K, committed 14336K, reserved 1060864K
  class space    used 1879K, capacity 2021K, committed 2048K, reserved 1048576K
Event: 24.234 GC heap after
Heap after GC invocations=4 (full 0):
 PSYoungGen      total 35840K, used 5088K [0x00000000d5580000, 0x00000000d7d80000, 0x0000000100000000)
  eden space 30720K, 0% used [0x00000000d5580000,0x00000000d5580000,0x00000000d7380000)
  from space 5120K, 99% used [0x00000000d7880000,0x00000000d7d78040,0x00000000d7d80000)
  to   space 5120K, 0% used [0x00000000d7380000,0x00000000d7380000,0x00000000d7880000)
 ParOldGen       total 81920K, used 1909K [0x0000000080000000, 0x0000000085000000, 0x00000000d5580000)
  object space 81920K, 2% used [0x0000000080000000,0x00000000801dd668,0x0000000085000000)
 Metaspace       used 13733K, capacity 14146K, committed 14336K, reserved 1060864K
  class space    used 1879K, capacity 2021K, committed 2048K, reserved 1048576K
}

Deoptimization events (10 events):
Event: 16.157 Thread 0x000000000105e000 Uncommon trap: reason=unstable_if action=reinterpret pc=0x0000000002e0dd2c method=java.io.WinNTFileSystem.normalize(Ljava/lang/String;)Ljava/lang/String; @ 128
Event: 22.912 Thread 0x000000001a0a5800 Uncommon trap: reason=unstable_if action=reinterpret pc=0x0000000002f35780 method=java.util.concurrent.ConcurrentHashMap.putVal(Ljava/lang/Object;Ljava/lang/Object;Z)Ljava/lang/Object; @ 206
Event: 23.039 Thread 0x000000001a0a5800 Uncommon trap: reason=unstable_if action=reinterpret pc=0x0000000002e675e8 method=java.lang.String.substring(I)Ljava/lang/String; @ 35
Event: 23.215 Thread 0x000000001ab4a000 Uncommon trap: reason=bimorphic action=maybe_recompile pc=0x0000000002df10e8 method=java.util.HashMap.putVal(ILjava/lang/Object;Ljava/lang/Object;ZZ)Ljava/lang/Object; @ 253
Event: 23.215 Thread 0x000000001ab4a000 Uncommon trap: reason=bimorphic action=maybe_recompile pc=0x0000000002df10e8 method=java.util.HashMap.putVal(ILjava/lang/Object;Ljava/lang/Object;ZZ)Ljava/lang/Object; @ 253
Event: 23.215 Thread 0x000000001ab4a000 Uncommon trap: reason=bimorphic action=maybe_recompile pc=0x0000000002df10e8 method=java.util.HashMap.putVal(ILjava/lang/Object;Ljava/lang/Object;ZZ)Ljava/lang/Object; @ 253
Event: 24.266 Thread 0x000000001ab4a000 Uncommon trap: reason=class_check action=maybe_recompile pc=0x0000000002e70600 method=java.util.regex.Matcher.match(II)Z @ 86
Event: 24.350 Thread 0x000000001ab4a000 Uncommon trap: reason=class_check action=maybe_recompile pc=0x0000000002e70600 method=java.util.regex.Matcher.match(II)Z @ 86
Event: 24.351 Thread 0x000000001ab4a000 Uncommon trap: reason=class_check action=maybe_recompile pc=0x0000000002e70600 method=java.util.regex.Matcher.match(II)Z @ 86
Event: 24.351 Thread 0x000000001ab4a000 Uncommon trap: reason=class_check action=maybe_recompile pc=0x0000000002ce9308 method=java.util.regex.Matcher.match(II)Z @ 86

Classes redefined (0 events):
No events

Internal exceptions (10 events):
Event: 22.937 Thread 0x000000001a0a5800 Exception <a 'java/lang/NoSuchMethodError': <clinit>> (0x00000000d5baf4a0) thrown at [C:\src\AOSP-openjdk-git\hotspot\src\share\vm\prims\jni.cpp, line 1615]
Event: 22.947 Thread 0x000000001a0a5800 Exception <a 'java/lang/NoSuchMethodError': <clinit>> (0x00000000d5bc1e30) thrown at [C:\src\AOSP-openjdk-git\hotspot\src\share\vm\prims\jni.cpp, line 1615]
Event: 22.955 Thread 0x000000001a0a5800 Exception <a 'java/lang/NoSuchMethodError': <clinit>> (0x00000000d5be8c38) thrown at [C:\src\AOSP-openjdk-git\hotspot\src\share\vm\prims\jni.cpp, line 1615]
Event: 22.965 Thread 0x000000001a0a5800 Exception <a 'java/lang/NoSuchMethodError': <clinit>> (0x00000000d5c00928) thrown at [C:\src\AOSP-openjdk-git\hotspot\src\share\vm\prims\jni.cpp, line 1615]
Event: 22.967 Thread 0x000000001a0a5800 Exception <a 'java/lang/NoSuchMethodError': <clinit>> (0x00000000d5c09510) thrown at [C:\src\AOSP-openjdk-git\hotspot\src\share\vm\prims\jni.cpp, line 1615]
Event: 22.971 Thread 0x000000001a0a5800 Exception <a 'java/lang/NoSuchMethodError': <clinit>> (0x00000000d5c1f9b8) thrown at [C:\src\AOSP-openjdk-git\hotspot\src\share\vm\prims\jni.cpp, line 1615]
Event: 23.055 Thread 0x000000001a0a5800 Exception <a 'java/lang/NoSuchMethodError': <clinit>> (0x00000000d5c84f30) thrown at [C:\src\AOSP-openjdk-git\hotspot\src\share\vm\prims\jni.cpp, line 1615]
Event: 23.071 Thread 0x000000001a0a5800 Exception <a 'java/lang/NoSuchMethodError': <clinit>> (0x00000000d5cb1768) thrown at [C:\src\AOSP-openjdk-git\hotspot\src\share\vm\prims\jni.cpp, line 1615]
Event: 23.113 Thread 0x000000001a0a5800 Exception <a 'java/lang/NoSuchMethodError': <clinit>> (0x00000000d5cdffe0) thrown at [C:\src\AOSP-openjdk-git\hotspot\src\share\vm\prims\jni.cpp, line 1615]
Event: 23.118 Thread 0x000000001a0a5800 Exception <a 'java/lang/NoSuchMethodError': <clinit>> (0x00000000d5ceafb0) thrown at [C:\src\AOSP-openjdk-git\hotspot\src\share\vm\prims\jni.cpp, line 1615]

Events (10 events):
Event: 24.763 loading class org/gradle/internal/hash/HashFunction
Event: 24.763 loading class org/gradle/internal/hash/HashFunction done
Event: 24.764 loading class org/gradle/internal/hash/Hashing$MessageDigestHashFunction
Event: 24.764 loading class org/gradle/internal/hash/Hashing$MessageDigestHashFunction done
Event: 24.765 loading class java/security/NoSuchAlgorithmException
Event: 24.766 loading class java/security/GeneralSecurityException
Event: 24.766 loading class java/security/GeneralSecurityException done
Event: 24.766 loading class java/security/NoSuchAlgorithmException done
Event: 24.766 loading class org/gradle/internal/hash/Hashing$CloningMessageDigestHashFunction
Event: 24.766 loading class org/gradle/internal/hash/Hashing$CloningMessageDigestHashFunction done


Dynamic libraries:
0x00007ff708940000 - 0x00007ff708971000 	C:\Program Files\Android\Android Studio1\jre\bin\java.exe
0x00007fff82390000 - 0x00007fff82585000 	C:\WINDOWS\SYSTEM32\ntdll.dll
0x00007fff821e0000 - 0x00007fff8229d000 	C:\WINDOWS\System32\KERNEL32.DLL
0x00007fff7fe10000 - 0x00007fff800d7000 	C:\WINDOWS\System32\KERNELBASE.dll
0x00007fff80880000 - 0x00007fff8092a000 	C:\WINDOWS\System32\ADVAPI32.dll
0x00007fff80ac0000 - 0x00007fff80b5e000 	C:\WINDOWS\System32\msvcrt.dll
0x00007fff818e0000 - 0x00007fff8197b000 	C:\WINDOWS\System32\sechost.dll
0x00007fff80c30000 - 0x00007fff80d53000 	C:\WINDOWS\System32\RPCRT4.dll
0x00007fff806e0000 - 0x00007fff80880000 	C:\WINDOWS\System32\USER32.dll
0x00007fff7fb10000 - 0x00007fff7fb32000 	C:\WINDOWS\System32\win32u.dll
0x00007fff816f0000 - 0x00007fff8171a000 	C:\WINDOWS\System32\GDI32.dll
0x00007fff800e0000 - 0x00007fff801ea000 	C:\WINDOWS\System32\gdi32full.dll
0x00007fff7fb40000 - 0x00007fff7fbdd000 	C:\WINDOWS\System32\msvcp_win.dll
0x00007fff80300000 - 0x00007fff80400000 	C:\WINDOWS\System32\ucrtbase.dll
0x00007fff7eeb0000 - 0x00007fff7f14a000 	C:\WINDOWS\WinSxS\amd64_microsoft.windows.common-controls_6595b64144ccf1df_6.0.19041.1_none_b555e41d4684ddec\COMCTL32.dll
0x00007fff80d60000 - 0x00007fff80d90000 	C:\WINDOWS\System32\IMM32.DLL
0x0000000076010000 - 0x00000000760e2000 	C:\Program Files\Android\Android Studio1\jre\jre\bin\msvcr100.dll
0x0000000073cb0000 - 0x00000000744fb000 	C:\Program Files\Android\Android Studio1\jre\jre\bin\server\jvm.dll
0x00007fff81270000 - 0x00007fff81278000 	C:\WINDOWS\System32\PSAPI.DLL
0x00007fff6c3e0000 - 0x00007fff6c3e9000 	C:\WINDOWS\SYSTEM32\WSOCK32.dll
0x00007fff80b60000 - 0x00007fff80bcb000 	C:\WINDOWS\System32\WS2_32.dll
0x00007fff74760000 - 0x00007fff74787000 	C:\WINDOWS\SYSTEM32\WINMM.dll
0x00007fff76b60000 - 0x00007fff76b6a000 	C:\WINDOWS\SYSTEM32\VERSION.dll
0x00007fff77800000 - 0x00007fff7780f000 	C:\Program Files\Android\Android Studio1\jre\jre\bin\verify.dll
0x00007fff6f2c0000 - 0x00007fff6f2e9000 	C:\Program Files\Android\Android Studio1\jre\jre\bin\java.dll
0x00007fff6fbe0000 - 0x00007fff6fbf6000 	C:\Program Files\Android\Android Studio1\jre\jre\bin\zip.dll
0x00007fff81aa0000 - 0x00007fff821e0000 	C:\WINDOWS\System32\SHELL32.dll
0x00007fff7cf90000 - 0x00007fff7d721000 	C:\WINDOWS\SYSTEM32\windows.storage.dll
0x00007fff80d90000 - 0x00007fff810e3000 	C:\WINDOWS\System32\combase.dll
0x00007fff7ee10000 - 0x00007fff7ee3c000 	C:\WINDOWS\SYSTEM32\Wldp.dll
0x00007fff822a0000 - 0x00007fff8234e000 	C:\WINDOWS\System32\SHCORE.dll
0x00007fff810f0000 - 0x00007fff81145000 	C:\WINDOWS\System32\shlwapi.dll
0x00007fff7fa20000 - 0x00007fff7fa3f000 	C:\WINDOWS\SYSTEM32\profapi.dll
0x00007fff6f4e0000 - 0x00007fff6f4fa000 	C:\Program Files\Android\Android Studio1\jre\jre\bin\net.dll
0x00007fff7eb90000 - 0x00007fff7ebfa000 	C:\WINDOWS\system32\mswsock.dll
0x00007fff6f330000 - 0x00007fff6f343000 	C:\Program Files\Android\Android Studio1\jre\jre\bin\nio.dll
0x00007fff687a0000 - 0x00007fff687c6000 	C:\Users\Instaimpresso2019\.gradle\native\31\windows-amd64\native-platform.dll
0x00007fff774e0000 - 0x00007fff774ed000 	C:\Program Files\Android\Android Studio1\jre\jre\bin\management.dll
0x00007fff7f6d0000 - 0x00007fff7f6e8000 	C:\WINDOWS\SYSTEM32\CRYPTSP.dll
0x00007fff7e540000 - 0x00007fff7e574000 	C:\WINDOWS\system32\rsaenh.dll
0x00007fff7fae0000 - 0x00007fff7fb07000 	C:\WINDOWS\System32\bcrypt.dll
0x00007fff7f9a0000 - 0x00007fff7f9ce000 	C:\WINDOWS\SYSTEM32\USERENV.dll
0x00007fff7fbe0000 - 0x00007fff7fc5f000 	C:\WINDOWS\System32\bcryptprimitives.dll
0x00007fff7ed60000 - 0x00007fff7ed6c000 	C:\WINDOWS\SYSTEM32\CRYPTBASE.dll
0x00007fff7e880000 - 0x00007fff7e8bb000 	C:\WINDOWS\SYSTEM32\IPHLPAPI.DLL
0x00007fff81160000 - 0x00007fff81169000 	C:\WINDOWS\System32\NSI.dll
0x00007fff773c0000 - 0x00007fff773d7000 	C:\WINDOWS\SYSTEM32\dhcpcsvc6.DLL
0x00007fff77190000 - 0x00007fff771ad000 	C:\WINDOWS\SYSTEM32\dhcpcsvc.DLL
0x00007fff7e8c0000 - 0x00007fff7e98a000 	C:\WINDOWS\SYSTEM32\DNSAPI.dll

VM Arguments:
jvm_args: -Xmx2048m -Dfile.encoding=windows-1252 -Duser.country=BR -Duser.language=pt -Duser.variant 
java_command: org.gradle.launcher.daemon.bootstrap.GradleDaemon 6.1.1
java_class_path (initial): C:\Users\Instaimpresso2019\.gradle\wrapper\dists\gradle-6.1.1-all\cfmwm155h49vnt3hynmlrsdst\gradle-6.1.1\lib\gradle-launcher-6.1.1.jar
Launcher Type: SUN_STANDARD

Environment Variables:
PATH=C:\Program Files (x86)\Common Files\Oracle\Java\javapath;C:\WINDOWS\system32;C:\WINDOWS;C:\WINDOWS\System32\Wbem;C:\WINDOWS\System32\WindowsPowerShell\v1.0\;C:\WINDOWS\System32\OpenSSH\;C:\xampp\php;C:\composer;C:\Program Files\PuTTY\;C:\Users\Instaimpresso2019\AppData\Local\Microsoft\WindowsApps;C:\Users\Instaimpresso2019\AppData\Roaming\Composer\vendor\bin;C:\Users\Instaimpresso2019\AppData\Local\GitHubDesktop\bin;%USERPROFILE%\AppData\Local\Microsoft\WindowsApps;
USERNAME=Instaimpresso2019
OS=Windows_NT
PROCESSOR_IDENTIFIER=AMD64 Family 21 Model 101 Stepping 1, AuthenticAMD



---------------  S Y S T E M  ---------------

OS: Windows 10.0 , 64 bit Build 19041 (10.0.19041.292)

CPU:total 4 (initial active 4) (4 cores per cpu, 1 threads per core) family 21 model 101 stepping 1, cmov, cx8, fxsr, mmx, sse, sse2, sse3, ssse3, sse4.1, sse4.2, popcnt, avx, avx2, aes, clmul, mmxext, 3dnowpref, lzcnt, sse4a, tsc, tscinvbit, tscinv, bmi1

Memory: 4k page, physical 7820660k(622960k free), swap 9868660k(5240k free)

vm_info: OpenJDK 64-Bit Server VM (25.242-b01) for windows-amd64 JRE (1.8.0_242-release-1644-b01), built by "builder" with MS VC++ 10.0 (VS2010)

time: Sat Sep 05 08:22:44 2020
timezone: Hora oficial do Brasil
elapsed time: 24 seconds (0d 0h 0m 24s)

