#
# There is insufficient memory for the Java Runtime Environment to continue.
# Native memory allocation (malloc) failed to allocate 1038816 bytes for Chunk::new
# Possible reasons:
#   The system is out of physical RAM or swap space
#   The process is running with CompressedOops enabled, and the Java Heap may be blocking the growth of the native heap
# Possible solutions:
#   Reduce memory load on the system
#   Increase physical memory or swap space
#   Check if swap backing store is full
#   Decrease Java heap size (-Xmx/-Xms)
#   Decrease number of Java threads
#   Decrease Java thread stack sizes (-Xss)
#   Set larger code cache with -XX:ReservedCodeCacheSize=
#   JVM is running with Unscaled Compressed Oops mode in which the Java heap is
#     placed in the first 4GB address space. The Java Heap base address is the
#     maximum limit for the native heap growth. Please use -XX:HeapBaseMinAddress
#     to set the Java Heap base and to place the Java Heap above 4GB virtual address.
# This output file may be truncated or incomplete.
#
#  Out of Memory Error (allocation.cpp:389), pid=10752, tid=0x0000000000000f18
#
# JRE version: OpenJDK Runtime Environment (8.0_242-b01) (build 1.8.0_242-release-1644-b01)
# Java VM: OpenJDK 64-Bit Server VM (25.242-b01 mixed mode windows-amd64 compressed oops)
# Failed to write core dump. Minidumps are not enabled by default on client versions of Windows
#

---------------  T H R E A D  ---------------

Current thread (0x00000000177ea000):  JavaThread "C2 CompilerThread1" daemon [_thread_in_native, id=3864, stack(0x0000000018f40000,0x0000000019040000)]

Stack: [0x0000000018f40000,0x0000000019040000]
[error occurred during error reporting (printing stack bounds), id 0xc0000005]

Native frames: (J=compiled Java code, j=interpreted, Vv=VM code, C=native code)


Current CompileTask:
C2:4021513 27406       4       org.gradle.api.internal.artifacts.ivyservice.resolveengine.graph.builder.NodeState::visitOutgoingDependencies (264 bytes)


---------------  P R O C E S S  ---------------

Java Threads: ( => current thread )
  0x000000001e282800 JavaThread "Cache worker for cache directory md-rule (C:\Users\Instaimpresso2019\.gradle\caches\6.1.1\md-rule)" [_thread_blocked, id=10660, stack(0x0000000020dd0000,0x0000000020ed0000)]
  0x000000001e27e000 JavaThread "Cache worker for cache directory md-supplier (C:\Users\Instaimpresso2019\.gradle\caches\6.1.1\md-supplier)" [_thread_blocked, id=1724, stack(0x000000001fb20000,0x000000001fc20000)]
  0x000000001e285000 JavaThread "Cache worker for file hash cache (C:\Users\Instaimpresso2019\AndroidStudioProjects\Sorteio\.gradle\6.1.1\fileHashes)" [_thread_blocked, id=7540, stack(0x000000001fa20000,0x000000001fb20000)]
  0x000000001e282000 JavaThread "Cache worker for checksums cache (C:\Users\Instaimpresso2019\AndroidStudioProjects\Sorteio\.gradle\checksums)" [_thread_blocked, id=4744, stack(0x000000001f920000,0x000000001fa20000)]
  0x00000000274db800 JavaThread "Thread-464" [_thread_blocked, id=4020, stack(0x000000001f820000,0x000000001f920000)]
  0x00000000274d9000 JavaThread "Stdin handler" [_thread_blocked, id=10896, stack(0x000000001d080000,0x000000001d180000)]
  0x00000000274d8800 JavaThread "Asynchronous log dispatcher for DefaultDaemonConnection: socket connection from /127.0.0.1:54456 to /127.0.0.1:56188" [_thread_blocked, id=4076, stack(0x000000001cd80000,0x000000001ce80000)]
  0x00000000274d0800 JavaThread "Daemon worker Thread 17" [_thread_in_Java, id=5296, stack(0x000000001cc80000,0x000000001cd80000)]
  0x00000000274d6800 JavaThread "Cancel handler" [_thread_blocked, id=8428, stack(0x000000001c980000,0x000000001ca80000)]
  0x00000000274d6000 JavaThread "Handler for socket connection from /127.0.0.1:54456 to /127.0.0.1:56188" [_thread_in_native, id=9004, stack(0x000000001c880000,0x000000001c980000)]
  0x00000000274ce800 JavaThread "Daemon Thread 17" [_thread_blocked, id=5784, stack(0x0000000001090000,0x0000000001190000)]
  0x00000000274d0000 JavaThread "RMI RenewClean-[127.0.0.1:17165,org.jetbrains.kotlin.daemon.common.LoopbackNetworkInterface$ClientLoopbackSocketFactory@778c61ec]" daemon [_thread_blocked, id=8268, stack(0x0000000027140000,0x0000000027240000)]
  0x0000000019deb800 JavaThread "RMI RenewClean-[127.0.0.1:17165,org.jetbrains.kotlin.daemon.common.LoopbackNetworkInterface$ClientLoopbackSocketFactory@3a0e730f]" daemon [_thread_blocked, id=11232, stack(0x0000000029b40000,0x0000000029c40000)]
  0x00000000274cd800 JavaThread "RMI RenewClean-[127.0.0.1:17165,org.jetbrains.kotlin.daemon.common.LoopbackNetworkInterface$ClientLoopbackSocketFactory@766e75ef]" daemon [_thread_blocked, id=11972, stack(0x00000000293e0000,0x00000000294e0000)]
  0x00000000274da800 JavaThread "MarlinRenderer Disposer" daemon [_thread_blocked, id=11816, stack(0x0000000029640000,0x0000000029740000)]
  0x00000000274d2000 JavaThread "Java2D Disposer" daemon [_thread_blocked, id=9812, stack(0x00000000294e0000,0x00000000295e0000)]
  0x000000001e28c800 JavaThread "Cache worker for Java compile cache (C:\Users\Instaimpresso2019\.gradle\caches\6.1.1\javaCompile)" [_thread_blocked, id=2964, stack(0x00000000259a0000,0x0000000025aa0000)]
  0x000000001e289800 JavaThread "RMI Reaper" [_thread_blocked, id=5592, stack(0x00000000257a0000,0x00000000258a0000)]
  0x000000001e28b000 JavaThread "RMI TCP Accept-0" daemon [_thread_in_native, id=9200, stack(0x00000000256a0000,0x00000000257a0000)]
  0x000000001e28a000 JavaThread "GC Daemon" daemon [_thread_blocked, id=10708, stack(0x00000000255a0000,0x00000000256a0000)]
  0x000000001e288800 JavaThread "RMI Scheduler(0)" daemon [_thread_blocked, id=6212, stack(0x00000000253a0000,0x00000000254a0000)]
  0x000000001a967000 JavaThread "Cache worker for file content cache (C:\Users\Instaimpresso2019\.gradle\caches\6.1.1\fileContent)" [_thread_blocked, id=1984, stack(0x00000000235a0000,0x00000000236a0000)]
  0x000000001a962800 JavaThread "Memory manager" [_thread_blocked, id=9080, stack(0x00000000234a0000,0x00000000235a0000)]
  0x000000001b412800 JavaThread "Cache worker for execution history cache (C:\Users\Instaimpresso2019\.gradle\caches\6.1.1\executionHistory)" [_thread_blocked, id=7668, stack(0x00000000200d0000,0x00000000201d0000)]
  0x000000001b414000 JavaThread "Cache worker for file hash cache (C:\Users\Instaimpresso2019\.gradle\caches\6.1.1\fileHashes)" [_thread_blocked, id=7352, stack(0x000000001d580000,0x000000001d680000)]
  0x000000001b40f800 JavaThread "File lock request listener" [_thread_in_native, id=8084, stack(0x000000001d480000,0x000000001d580000)]
  0x0000000019341000 JavaThread "Cache worker for journal cache (C:\Users\Instaimpresso2019\.gradle\caches\journal-1)" [_thread_blocked, id=6824, stack(0x000000001d380000,0x000000001d480000)]
  0x000000001b2d1800 JavaThread "Daemon periodic checks" [_thread_blocked, id=3872, stack(0x000000001c780000,0x000000001c880000)]
  0x000000001b2cf800 JavaThread "Incoming local TCP Connector on port 54456" [_thread_in_native, id=3188, stack(0x000000001c520000,0x000000001c620000)]
  0x0000000019203000 JavaThread "Daemon health stats" [_thread_blocked, id=7472, stack(0x000000001bee0000,0x000000001bfe0000)]
  0x0000000019178800 JavaThread "Service Thread" daemon [_thread_blocked, id=10940, stack(0x0000000019540000,0x0000000019640000)]
  0x00000000177f7000 JavaThread "C1 CompilerThread2" daemon [_thread_blocked, id=8628, stack(0x0000000019040000,0x0000000019140000)]
=>0x00000000177ea000 JavaThread "C2 CompilerThread1" daemon [_thread_in_native, id=3864, stack(0x0000000018f40000,0x0000000019040000)]
  0x00000000177e6800 JavaThread "C2 CompilerThread0" daemon [_thread_in_native, id=6012, stack(0x0000000018e40000,0x0000000018f40000)]
  0x00000000177e5000 JavaThread "Attach Listener" daemon [_thread_blocked, id=8980, stack(0x0000000018d40000,0x0000000018e40000)]
  0x00000000177e4000 JavaThread "Signal Dispatcher" daemon [_thread_blocked, id=2752, stack(0x0000000018c40000,0x0000000018d40000)]
  0x0000000002bbb000 JavaThread "Finalizer" daemon [_thread_blocked, id=348, stack(0x0000000018a30000,0x0000000018b30000)]
  0x00000000177c9000 JavaThread "Reference Handler" daemon [_thread_blocked, id=4632, stack(0x0000000018930000,0x0000000018a30000)]
  0x0000000000c9e000 JavaThread "main" [_thread_blocked, id=7260, stack(0x0000000001190000,0x0000000001290000)]

Other Threads:
  0x00000000177a6000 VMThread [stack: 0x0000000018830000,0x0000000018930000] [id=9544]
  0x000000001781b000 WatcherThread [stack: 0x0000000019640000,0x0000000019740000] [id=8384]

VM state:not at safepoint (normal execution)

VM Mutex/Monitor currently owned by a thread:  ([mutex/lock_event])
[0x0000000002ac1150] Compile_lock - owner thread: 0x0000000000000000

heap address: 0x0000000080000000, size: 2048 MB, Compressed Oops mode: 32-bit
Narrow klass base: 0x0000000000000000, Narrow klass shift: 3
Compressed class space size: 1073741824 Address: 0x0000000100000000

Heap:
 PSYoungGen      total 527872K, used 242371K [0x00000000d5580000, 0x00000000fb200000, 0x0000000100000000)
  eden space 499200K, 48% used [0x00000000d5580000,0x00000000e4230f18,0x00000000f3d00000)
  from space 28672K, 0% used [0x00000000f4480000,0x00000000f4480000,0x00000000f6080000)
  to   space 59904K, 0% used [0x00000000f7780000,0x00000000f7780000,0x00000000fb200000)
 ParOldGen       total 187904K, used 54864K [0x0000000080000000, 0x000000008b780000, 0x00000000d5580000)
  object space 187904K, 29% used [0x0000000080000000,0x0000000083594048,0x000000008b780000)
 Metaspace       used 114224K, capacity 122450K, committed 126104K, reserved 1159168K
  class space    used 14745K, capacity 16090K, committed 16808K, reserved 1048576K

Card table byte_map: [0x0000000011f80000,0x0000000012390000] byte_map_base: 0x0000000011b80000

Marking Bits: (ParMarkBitMap*) 0x000000006191f030
 Begin Bits: [0x0000000012a40000, 0x0000000014a40000)
 End Bits:   [0x0000000014a40000, 0x0000000016a40000)

Polling page: 0x0000000000c50000

CodeCache: size=245760Kb used=72615Kb max_used=72754Kb free=173144Kb
 bounds [0x0000000002bc0000, 0x0000000007360000, 0x0000000011bc0000]
 total_blobs=21781 nmethods=20727 adapters=966
 compilation: enabled

Compilation events (10 events):
Event: 4020.957 Thread 0x00000000177f7000 nmethod 27402 0x000000000423f190 code [0x000000000423f2e0, 0x000000000423f4d0]
Event: 4020.957 Thread 0x00000000177f7000 27403       1       org.gradle.api.internal.artifacts.ivyservice.CacheLayout::getName (5 bytes)
Event: 4020.957 Thread 0x00000000177f7000 nmethod 27403 0x0000000004f37910 code [0x0000000004f37a60, 0x0000000004f37b70]
Event: 4020.994 Thread 0x00000000177e6800 27404       4       org.gradle.api.internal.artifacts.ivyservice.resolveengine.graph.builder.ResolveState$$Lambda$91/70815896::apply (20 bytes)
Event: 4021.001 Thread 0x00000000177ea000 27405       4       org.gradle.api.internal.artifacts.repositories.metadata.DefaultMetadataFileSource::hashCode (23 bytes)
Event: 4021.008 Thread 0x00000000177ea000 nmethod 27405 0x0000000003bd5bd0 code [0x0000000003bd5d40, 0x0000000003bd5f78]
Event: 4021.036 Thread 0x00000000177e6800 nmethod 27404 0x000000000513e790 code [0x000000000513e9e0, 0x000000000513f850]
Event: 4021.118 Thread 0x00000000177ea000 27406       4       org.gradle.api.internal.artifacts.ivyservice.resolveengine.graph.builder.NodeState::visitOutgoingDependencies (264 bytes)
Event: 4021.118 Thread 0x00000000177e6800 27407       4       org.gradle.api.internal.artifacts.ivyservice.resolveengine.graph.builder.NodeState::collectEndorsedStrictVersions (86 bytes)
Event: 4021.125 Thread 0x00000000177e6800 nmethod 27407 0x000000000513df10 code [0x000000000513e080, 0x000000000513e318]

GC Heap History (10 events):
Event: 1446.191 GC heap before
{Heap before GC invocations=22 (full 4):
 PSYoungGen      total 610816K, used 610415K [0x00000000d5580000, 0x00000000ff200000, 0x0000000100000000)
  eden space 565760K, 100% used [0x00000000d5580000,0x00000000f7e00000,0x00000000f7e00000)
  from space 45056K, 99% used [0x00000000f9600000,0x00000000fc19be40,0x00000000fc200000)
  to   space 49152K, 0% used [0x00000000fc200000,0x00000000fc200000,0x00000000ff200000)
 ParOldGen       total 187904K, used 93196K [0x0000000080000000, 0x000000008b780000, 0x00000000d5580000)
  object space 187904K, 49% used [0x0000000080000000,0x0000000085b03250,0x000000008b780000)
 Metaspace       used 114529K, capacity 121180K, committed 121368K, reserved 1155072K
  class space    used 14809K, capacity 16058K, committed 16168K, reserved 1048576K
Event: 1446.259 GC heap after
Heap after GC invocations=22 (full 4):
 PSYoungGen      total 575488K, used 33224K [0x00000000d5580000, 0x00000000fe280000, 0x0000000100000000)
  eden space 542208K, 0% used [0x00000000d5580000,0x00000000d5580000,0x00000000f6700000)
  from space 33280K, 99% used [0x00000000fc200000,0x00000000fe2722e8,0x00000000fe280000)
  to   space 58880K, 0% used [0x00000000f6f80000,0x00000000f6f80000,0x00000000fa900000)
 ParOldGen       total 187904K, used 93204K [0x0000000080000000, 0x000000008b780000, 0x00000000d5580000)
  object space 187904K, 49% used [0x0000000080000000,0x0000000085b05250,0x000000008b780000)
 Metaspace       used 114529K, capacity 121180K, committed 121368K, reserved 1155072K
  class space    used 14809K, capacity 16058K, committed 16168K, reserved 1048576K
}
Event: 2087.667 GC heap before
{Heap before GC invocations=23 (full 4):
 PSYoungGen      total 575488K, used 575432K [0x00000000d5580000, 0x00000000fe280000, 0x0000000100000000)
  eden space 542208K, 100% used [0x00000000d5580000,0x00000000f6700000,0x00000000f6700000)
  from space 33280K, 99% used [0x00000000fc200000,0x00000000fe2722e8,0x00000000fe280000)
  to   space 58880K, 0% used [0x00000000f6f80000,0x00000000f6f80000,0x00000000fa900000)
 ParOldGen       total 187904K, used 93204K [0x0000000080000000, 0x000000008b780000, 0x00000000d5580000)
  object space 187904K, 49% used [0x0000000080000000,0x0000000085b05250,0x000000008b780000)
 Metaspace       used 115423K, capacity 122828K, committed 123032K, reserved 1157120K
  class space    used 14922K, capacity 16266K, committed 16296K, reserved 1048576K
Event: 2087.933 GC heap after
Heap after GC invocations=23 (full 4):
 PSYoungGen      total 560640K, used 40142K [0x00000000d5580000, 0x00000000fc880000, 0x0000000100000000)
  eden space 520192K, 0% used [0x00000000d5580000,0x00000000d5580000,0x00000000f5180000)
  from space 40448K, 99% used [0x00000000f6f80000,0x00000000f96b3ac0,0x00000000f9700000)
  to   space 50688K, 0% used [0x00000000f9700000,0x00000000f9700000,0x00000000fc880000)
 ParOldGen       total 187904K, used 93212K [0x0000000080000000, 0x000000008b780000, 0x00000000d5580000)
  object space 187904K, 49% used [0x0000000080000000,0x0000000085b07250,0x000000008b780000)
 Metaspace       used 115423K, capacity 122828K, committed 123032K, reserved 1157120K
  class space    used 14922K, capacity 16266K, committed 16296K, reserved 1048576K
}
Event: 2516.682 GC heap before
{Heap before GC invocations=24 (full 4):
 PSYoungGen      total 560640K, used 560249K [0x00000000d5580000, 0x00000000fc880000, 0x0000000100000000)
  eden space 520192K, 99% used [0x00000000d5580000,0x00000000f516a9c0,0x00000000f5180000)
  from space 40448K, 99% used [0x00000000f6f80000,0x00000000f96b3ac0,0x00000000f9700000)
  to   space 50688K, 0% used [0x00000000f9700000,0x00000000f9700000,0x00000000fc880000)
 ParOldGen       total 187904K, used 93212K [0x0000000080000000, 0x000000008b780000, 0x00000000d5580000)
  object space 187904K, 49% used [0x0000000080000000,0x0000000085b07250,0x000000008b780000)
 Metaspace       used 115784K, capacity 123472K, committed 123672K, reserved 1157120K
  class space    used 14963K, capacity 16340K, committed 16424K, reserved 1048576K
Event: 2516.970 GC heap after
Heap after GC invocations=24 (full 4):
 PSYoungGen      total 541696K, used 42024K [0x00000000d5580000, 0x00000000fc080000, 0x0000000100000000)
  eden space 499200K, 0% used [0x00000000d5580000,0x00000000d5580000,0x00000000f3d00000)
  from space 42496K, 98% used [0x00000000f9700000,0x00000000fc00a108,0x00000000fc080000)
  to   space 63488K, 0% used [0x00000000f4480000,0x00000000f4480000,0x00000000f8280000)
 ParOldGen       total 187904K, used 93220K [0x0000000080000000, 0x000000008b780000, 0x00000000d5580000)
  object space 187904K, 49% used [0x0000000080000000,0x0000000085b09250,0x000000008b780000)
 Metaspace       used 115784K, capacity 123472K, committed 123672K, reserved 1157120K
  class space    used 14963K, capacity 16340K, committed 16424K, reserved 1048576K
}
Event: 3662.475 GC heap before
{Heap before GC invocations=25 (full 4):
 PSYoungGen      total 541696K, used 459722K [0x00000000d5580000, 0x00000000fc080000, 0x0000000100000000)
  eden space 499200K, 83% used [0x00000000d5580000,0x00000000eed688a0,0x00000000f3d00000)
  from space 42496K, 98% used [0x00000000f9700000,0x00000000fc00a108,0x00000000fc080000)
  to   space 63488K, 0% used [0x00000000f4480000,0x00000000f4480000,0x00000000f8280000)
 ParOldGen       total 187904K, used 93220K [0x0000000080000000, 0x000000008b780000, 0x00000000d5580000)
  object space 187904K, 49% used [0x0000000080000000,0x0000000085b09250,0x000000008b780000)
 Metaspace       used 116920K, capacity 125780K, committed 126104K, reserved 1159168K
  class space    used 15162K, capacity 16682K, committed 16808K, reserved 1048576K
Event: 3662.591 GC heap after
Heap after GC invocations=25 (full 4):
 PSYoungGen      total 527872K, used 28310K [0x00000000d5580000, 0x00000000fb200000, 0x0000000100000000)
  eden space 499200K, 0% used [0x00000000d5580000,0x00000000d5580000,0x00000000f3d00000)
  from space 28672K, 98% used [0x00000000f4480000,0x00000000f6025af0,0x00000000f6080000)
  to   space 59904K, 0% used [0x00000000f7780000,0x00000000f7780000,0x00000000fb200000)
 ParOldGen       total 187904K, used 93220K [0x0000000080000000, 0x000000008b780000, 0x00000000d5580000)
  object space 187904K, 49% used [0x0000000080000000,0x0000000085b09250,0x000000008b780000)
 Metaspace       used 116920K, capacity 125780K, committed 126104K, reserved 1159168K
  class space    used 15162K, capacity 16682K, committed 16808K, reserved 1048576K
}
Event: 3662.591 GC heap before
{Heap before GC invocations=26 (full 5):
 PSYoungGen      total 527872K, used 28310K [0x00000000d5580000, 0x00000000fb200000, 0x0000000100000000)
  eden space 499200K, 0% used [0x00000000d5580000,0x00000000d5580000,0x00000000f3d00000)
  from space 28672K, 98% used [0x00000000f4480000,0x00000000f6025af0,0x00000000f6080000)
  to   space 59904K, 0% used [0x00000000f7780000,0x00000000f7780000,0x00000000fb200000)
 ParOldGen       total 187904K, used 93220K [0x0000000080000000, 0x000000008b780000, 0x00000000d5580000)
  object space 187904K, 49% used [0x0000000080000000,0x0000000085b09250,0x000000008b780000)
 Metaspace       used 116920K, capacity 125780K, committed 126104K, reserved 1159168K
  class space    used 15162K, capacity 16682K, committed 16808K, reserved 1048576K
Event: 3665.068 GC heap after
Heap after GC invocations=26 (full 5):
 PSYoungGen      total 527872K, used 0K [0x00000000d5580000, 0x00000000fb200000, 0x0000000100000000)
  eden space 499200K, 0% used [0x00000000d5580000,0x00000000d5580000,0x00000000f3d00000)
  from space 28672K, 0% used [0x00000000f4480000,0x00000000f4480000,0x00000000f6080000)
  to   space 59904K, 0% used [0x00000000f7780000,0x00000000f7780000,0x00000000fb200000)
 ParOldGen       total 187904K, used 54864K [0x0000000080000000, 0x000000008b780000, 0x00000000d5580000)
  object space 187904K, 29% used [0x0000000080000000,0x0000000083594048,0x000000008b780000)
 Metaspace       used 113837K, capacity 121752K, committed 126104K, reserved 1159168K
  class space    used 14705K, capacity 16017K, committed 16808K, reserved 1048576K
}

Deoptimization events (10 events):
Event: 3751.543 Thread 0x0000000019df3000 Uncommon trap: reason=unstable_if action=reinterpret pc=0x00000000032cbbf4 method=java.lang.ref.SoftReference.get()Ljava/lang/Object; @ 6
Event: 3751.693 Thread 0x0000000019df3000 Uncommon trap: reason=unstable_if action=reinterpret pc=0x0000000003aa47e0 method=java.lang.ref.SoftReference.get()Ljava/lang/Object; @ 6
Event: 3751.694 Thread 0x0000000019df3000 Uncommon trap: reason=unstable_if action=reinterpret pc=0x000000000374a1a4 method=java.lang.ref.SoftReference.get()Ljava/lang/Object; @ 6
Event: 3751.694 Thread 0x0000000019df3000 Uncommon trap: reason=unstable_if action=reinterpret pc=0x00000000054767d0 method=java.lang.ref.SoftReference.get()Ljava/lang/Object; @ 6
Event: 3757.021 Thread 0x00000000274d0000 Uncommon trap: reason=class_check action=maybe_recompile pc=0x0000000004fa2d9c method=org.gradle.internal.operations.logging.LoggingBuildOperationProgressBroadcaster.onOutput(Lorg/gradle/internal/logging/events/OutputEvent;)V @ 8
Event: 3757.565 Thread 0x0000000019df3000 Uncommon trap: reason=bimorphic action=maybe_recompile pc=0x000000000463ab5c method=org.gradle.internal.logging.text.AbstractStyledTextOutput.text(Ljava/lang/Object;)Lorg/gradle/internal/logging/text/StyledTextOutput; @ 11
Event: 3801.355 Thread 0x0000000019df3000 Uncommon trap: reason=bimorphic action=maybe_recompile pc=0x000000000463ab5c method=org.gradle.internal.logging.text.AbstractStyledTextOutput.text(Ljava/lang/Object;)Lorg/gradle/internal/logging/text/StyledTextOutput; @ 11
Event: 3912.903 Thread 0x000000001e288000 Uncommon trap: reason=unstable_if action=reinterpret pc=0x000000000391471c method=java.lang.ref.SoftReference.get()Ljava/lang/Object; @ 6
Event: 3913.113 Thread 0x00000000274d6000 Uncommon trap: reason=null_check action=make_not_entrant pc=0x00000000042557e8 method=org.gradle.api.internal.tasks.properties.bean.AbstractNestedRuntimeBeanNode$BeanPropertyValue.isConfigurable()Z @ 9
Event: 3916.570 Thread 0x0000000019ded000 Uncommon trap: reason=bimorphic action=maybe_recompile pc=0x000000000463ab5c method=org.gradle.internal.logging.text.AbstractStyledTextOutput.text(Ljava/lang/Object;)Lorg/gradle/internal/logging/text/StyledTextOutput; @ 11

Classes redefined (0 events):
No events

Internal exceptions (10 events):
Event: 3913.269 Thread 0x00000000274d6000 Exception <a 'sun/nio/fs/WindowsException'> (0x00000000e2f9da60) thrown at [C:\src\AOSP-openjdk-git\hotspot\src\share\vm\prims\jni.cpp, line 710]
Event: 3913.270 Thread 0x00000000274d6000 Exception <a 'sun/nio/fs/WindowsException'> (0x00000000e2f9f7c0) thrown at [C:\src\AOSP-openjdk-git\hotspot\src\share\vm\prims\jni.cpp, line 710]
Event: 3913.270 Thread 0x00000000274d6000 Exception <a 'sun/nio/fs/WindowsException'> (0x00000000e2fa0428) thrown at [C:\src\AOSP-openjdk-git\hotspot\src\share\vm\prims\jni.cpp, line 710]
Event: 3913.270 Thread 0x00000000274d6000 Exception <a 'sun/nio/fs/WindowsException'> (0x00000000e2fa1120) thrown at [C:\src\AOSP-openjdk-git\hotspot\src\share\vm\prims\jni.cpp, line 710]
Event: 3913.271 Thread 0x00000000274d6000 Exception <a 'sun/nio/fs/WindowsException'> (0x00000000e2fa2e80) thrown at [C:\src\AOSP-openjdk-git\hotspot\src\share\vm\prims\jni.cpp, line 710]
Event: 3913.271 Thread 0x00000000274d6000 Exception <a 'sun/nio/fs/WindowsException'> (0x00000000e2fa3ae8) thrown at [C:\src\AOSP-openjdk-git\hotspot\src\share\vm\prims\jni.cpp, line 710]
Event: 3913.272 Thread 0x00000000274d6000 Exception <a 'sun/nio/fs/WindowsException'> (0x00000000e2fa47e0) thrown at [C:\src\AOSP-openjdk-git\hotspot\src\share\vm\prims\jni.cpp, line 710]
Event: 3913.503 Thread 0x00000000274d0000 Exception <a 'java/lang/InterruptedException'> (0x00000000e3190370) thrown at [C:\src\AOSP-openjdk-git\hotspot\src\share\vm\runtime\objectMonitor.cpp, line 1680]
Event: 3916.503 Thread 0x00000000274d6000 Exception <a 'java/lang/reflect/InvocationTargetException'> (0x00000000e34debd8) thrown at [C:\src\AOSP-openjdk-git\hotspot\src\share\vm\runtime\reflection.cpp, line 1092]
Event: 3916.525 Thread 0x0000000019ded000 Exception <a 'sun/nio/fs/WindowsException'> (0x00000000e2db2300) thrown at [C:\src\AOSP-openjdk-git\hotspot\src\share\vm\prims\jni.cpp, line 710]

Events (10 events):
Event: 4020.922 Thread 0x00000000177f7000 flushing nmethod 0x0000000005136590
Event: 4020.922 Thread 0x00000000177f7000 flushing nmethod 0x0000000005137050
Event: 4020.922 Thread 0x00000000177f7000 flushing nmethod 0x000000000513dad0
Event: 4020.922 Thread 0x00000000177f7000 flushing nmethod 0x000000000514a590
Event: 4020.922 Thread 0x00000000177f7000 flushing nmethod 0x0000000005150dd0
Event: 4020.922 Thread 0x00000000177f7000 flushing nmethod 0x0000000005151250
Event: 4020.923 Thread 0x00000000177f7000 flushing nmethod 0x0000000005180dd0
Event: 4020.926 Thread 0x00000000177f7000 flushing nmethod 0x0000000005422050
Event: 4020.926 Thread 0x00000000177f7000 flushing nmethod 0x0000000005469810
Event: 4020.932 Thread 0x00000000177f7000 flushing nmethod 0x0000000005bdcf10


Dynamic libraries:
0x00007ff661ca0000 - 0x00007ff661cd1000 	C:\Program Files\Android\Android Studio1\jre\bin\java.exe
0x00007ff861600000 - 0x00007ff8617f0000 	C:\WINDOWS\SYSTEM32\ntdll.dll
0x00007ff85fd70000 - 0x00007ff85fe22000 	C:\WINDOWS\System32\KERNEL32.DLL
0x00007ff85f3e0000 - 0x00007ff85f684000 	C:\WINDOWS\System32\KERNELBASE.dll
0x00007ff860680000 - 0x00007ff860723000 	C:\WINDOWS\System32\ADVAPI32.dll
0x00007ff85f790000 - 0x00007ff85f82e000 	C:\WINDOWS\System32\msvcrt.dll
0x00007ff85faa0000 - 0x00007ff85fb37000 	C:\WINDOWS\System32\sechost.dll
0x00007ff861270000 - 0x00007ff861390000 	C:\WINDOWS\System32\RPCRT4.dll
0x00007ff860730000 - 0x00007ff8608c4000 	C:\WINDOWS\System32\USER32.dll
0x00007ff85e580000 - 0x00007ff85e5a1000 	C:\WINDOWS\System32\win32u.dll
0x00007ff85fa10000 - 0x00007ff85fa36000 	C:\WINDOWS\System32\GDI32.dll
0x00007ff85eda0000 - 0x00007ff85ef36000 	C:\WINDOWS\System32\gdi32full.dll
0x00007ff85f2f0000 - 0x00007ff85f38e000 	C:\WINDOWS\System32\msvcp_win.dll
0x00007ff85f1f0000 - 0x00007ff85f2ea000 	C:\WINDOWS\System32\ucrtbase.dll
0x00007ff84f450000 - 0x00007ff84f6d4000 	C:\WINDOWS\WinSxS\amd64_microsoft.windows.common-controls_6595b64144ccf1df_6.0.18362.959_none_e6c7bbbf130c62bb\COMCTL32.dll
0x00007ff8608d0000 - 0x00007ff860c05000 	C:\WINDOWS\System32\combase.dll
0x00007ff85ef40000 - 0x00007ff85efc0000 	C:\WINDOWS\System32\bcryptPrimitives.dll
0x00007ff85fea0000 - 0x00007ff85fece000 	C:\WINDOWS\System32\IMM32.DLL
0x0000000060f90000 - 0x0000000061062000 	C:\Program Files\Android\Android Studio1\jre\jre\bin\msvcr100.dll
0x0000000061150000 - 0x000000006199b000 	C:\Program Files\Android\Android Studio1\jre\jre\bin\server\jvm.dll
0x00007ff85fb40000 - 0x00007ff85fb48000 	C:\WINDOWS\System32\PSAPI.DLL
0x00007ff84c1c0000 - 0x00007ff84c1c9000 	C:\WINDOWS\SYSTEM32\WSOCK32.dll
0x00007ff85fe30000 - 0x00007ff85fe9f000 	C:\WINDOWS\System32\WS2_32.dll
0x00007ff85c140000 - 0x00007ff85c164000 	C:\WINDOWS\SYSTEM32\WINMM.dll
0x00007ff85a880000 - 0x00007ff85a88a000 	C:\WINDOWS\SYSTEM32\VERSION.dll
0x00007ff85c110000 - 0x00007ff85c13d000 	C:\WINDOWS\SYSTEM32\WINMMBASE.dll
0x00007ff85f390000 - 0x00007ff85f3da000 	C:\WINDOWS\System32\cfgmgr32.dll
0x00007ff859e50000 - 0x00007ff859e5f000 	C:\Program Files\Android\Android Studio1\jre\jre\bin\verify.dll
0x00007ff8595d0000 - 0x00007ff8595f9000 	C:\Program Files\Android\Android Studio1\jre\jre\bin\java.dll
0x00007ff859590000 - 0x00007ff8595a6000 	C:\Program Files\Android\Android Studio1\jre\jre\bin\zip.dll
0x00007ff85fee0000 - 0x00007ff8605c6000 	C:\WINDOWS\System32\SHELL32.dll
0x00007ff8610f0000 - 0x00007ff861199000 	C:\WINDOWS\System32\shcore.dll
0x00007ff85e610000 - 0x00007ff85ed92000 	C:\WINDOWS\System32\windows.storage.dll
0x00007ff85e550000 - 0x00007ff85e573000 	C:\WINDOWS\System32\profapi.dll
0x00007ff85e4c0000 - 0x00007ff85e50a000 	C:\WINDOWS\System32\powrprof.dll
0x00007ff85e4b0000 - 0x00007ff85e4c0000 	C:\WINDOWS\System32\UMPDC.dll
0x00007ff85fa40000 - 0x00007ff85fa92000 	C:\WINDOWS\System32\shlwapi.dll
0x00007ff85e530000 - 0x00007ff85e541000 	C:\WINDOWS\System32\kernel.appcore.dll
0x00007ff85f690000 - 0x00007ff85f6a7000 	C:\WINDOWS\System32\cryptsp.dll
0x00007ff850050000 - 0x00007ff85006a000 	C:\Program Files\Android\Android Studio1\jre\jre\bin\net.dll
0x00007ff85dcc0000 - 0x00007ff85dd27000 	C:\WINDOWS\system32\mswsock.dll
0x00007ff84f0e0000 - 0x00007ff84f0f3000 	C:\Program Files\Android\Android Studio1\jre\jre\bin\nio.dll
0x00007ff83eb70000 - 0x00007ff83eb96000 	C:\Users\Instaimpresso2019\.gradle\native\31\windows-amd64\native-platform.dll
0x00007ff8596d0000 - 0x00007ff8596dd000 	C:\Program Files\Android\Android Studio1\jre\jre\bin\management.dll
0x00007ff85d830000 - 0x00007ff85d863000 	C:\WINDOWS\system32\rsaenh.dll
0x00007ff85f070000 - 0x00007ff85f096000 	C:\WINDOWS\System32\bcrypt.dll
0x00007ff85e3a0000 - 0x00007ff85e3c5000 	C:\WINDOWS\SYSTEM32\USERENV.dll
0x00007ff85de90000 - 0x00007ff85de9c000 	C:\WINDOWS\SYSTEM32\CRYPTBASE.dll
0x00007ff85d9d0000 - 0x00007ff85da0a000 	C:\WINDOWS\SYSTEM32\IPHLPAPI.DLL
0x00007ff85fa00000 - 0x00007ff85fa08000 	C:\WINDOWS\System32\NSI.dll
0x00007ff856260000 - 0x00007ff856276000 	C:\WINDOWS\SYSTEM32\dhcpcsvc6.DLL
0x00007ff856240000 - 0x00007ff85625c000 	C:\WINDOWS\SYSTEM32\dhcpcsvc.DLL
0x00007ff85da10000 - 0x00007ff85dadb000 	C:\WINDOWS\SYSTEM32\DNSAPI.dll
0x00007ff840950000 - 0x00007ff84096e000 	C:\Users\Instaimpresso2019\AppData\Local\Temp\native-platform5797023807565513707dir\native-platform.dll
0x00007ff83e2f0000 - 0x00007ff83e48c000 	C:\Program Files\Android\Android Studio1\jre\jre\bin\awt.dll
0x00007ff861390000 - 0x00007ff861455000 	C:\WINDOWS\System32\OLEAUT32.dll
0x00007ff85c970000 - 0x00007ff85c99d000 	C:\WINDOWS\SYSTEM32\dwmapi.dll
0x00007ff85ae50000 - 0x00007ff85b410000 	C:\WINDOWS\SYSTEM32\d2d1.dll
0x00007ff85c3a0000 - 0x00007ff85c42f000 	C:\WINDOWS\SYSTEM32\apphelp.dll
0x00007ff85c540000 - 0x00007ff85c5d9000 	C:\WINDOWS\system32\uxtheme.dll

VM Arguments:
jvm_args: -Xmx2048m -Dfile.encoding=windows-1252 -Duser.country=BR -Duser.language=pt -Duser.variant 
java_command: org.gradle.launcher.daemon.bootstrap.GradleDaemon 6.1.1
java_class_path (initial): C:\Users\Instaimpresso2019\.gradle\wrapper\dists\gradle-6.1.1-all\cfmwm155h49vnt3hynmlrsdst\gradle-6.1.1\lib\gradle-launcher-6.1.1.jar
Launcher Type: SUN_STANDARD

Environment Variables:
PATH=C:\Program Files (x86)\Common Files\Oracle\Java\javapath;C:\WINDOWS\system32;C:\WINDOWS;C:\WINDOWS\System32\Wbem;C:\WINDOWS\System32\WindowsPowerShell\v1.0\;C:\WINDOWS\System32\OpenSSH\;C:\xampp\php;C:\composer;C:\Program Files\PuTTY\;C:\Users\Instaimpresso2019\AppData\Local\Microsoft\WindowsApps;C:\Users\Instaimpresso2019\AppData\Roaming\Composer\vendor\bin;C:\Users\Instaimpresso2019\AppData\Local\GitHubDesktop\bin
USERNAME=Instaimpresso2019
OS=Windows_NT
PROCESSOR_IDENTIFIER=AMD64 Family 21 Model 101 Stepping 1, AuthenticAMD



---------------  S Y S T E M  ---------------

OS: Windows 10.0 , 64 bit Build 18362 (10.0.18362.959)

CPU:total 4 (initial active 4) (4 cores per cpu, 1 threads per core) family 21 model 101 stepping 1, cmov, cx8, fxsr, mmx, sse, sse2, sse3, ssse3, sse4.1, sse4.2, popcnt, avx, avx2, aes, clmul, mmxext, 3dnowpref, lzcnt, sse4a, tsc, tscinvbit, tscinv, bmi1

Memory: 4k page, physical 7820660k(685292k free), swap 9868660k(4968k free)

vm_info: OpenJDK 64-Bit Server VM (25.242-b01) for windows-amd64 JRE (1.8.0_242-release-1644-b01), built by "builder" with MS VC++ 10.0 (VS2010)

time: Tue Sep 01 02:28:45 2020
timezone: Hora oficial do Brasil
elapsed time: 4021 seconds (0d 1h 7m 1s)

