#
# There is insufficient memory for the Java Runtime Environment to continue.
# Native memory allocation (malloc) failed to allocate 1433936 bytes for Chunk::new
# Possible reasons:
#   The system is out of physical RAM or swap space
#   The process is running with CompressedOops enabled, and the Java Heap may be blocking the growth of the native heap
# Possible solutions:
#   Reduce memory load on the system
#   Increase physical memory or swap space
#   Check if swap backing store is full
#   Decrease Java heap size (-Xmx/-Xms)
#   Decrease number of Java threads
#   Decrease Java thread stack sizes (-Xss)
#   Set larger code cache with -XX:ReservedCodeCacheSize=
#   JVM is running with Unscaled Compressed Oops mode in which the Java heap is
#     placed in the first 4GB address space. The Java Heap base address is the
#     maximum limit for the native heap growth. Please use -XX:HeapBaseMinAddress
#     to set the Java Heap base and to place the Java Heap above 4GB virtual address.
# This output file may be truncated or incomplete.
#
#  Out of Memory Error (allocation.cpp:389), pid=600, tid=0x000000000000241c
#
# JRE version: OpenJDK Runtime Environment (8.0_242-b01) (build 1.8.0_242-release-1644-b01)
# Java VM: OpenJDK 64-Bit Server VM (25.242-b01 mixed mode windows-amd64 compressed oops)
# Failed to write core dump. Minidumps are not enabled by default on client versions of Windows
#

---------------  T H R E A D  ---------------

Current thread (0x00000000176ea000):  JavaThread "C2 CompilerThread1" daemon [_thread_in_native, id=9244, stack(0x0000000018e40000,0x0000000018f40000)]

Stack: [0x0000000018e40000,0x0000000018f40000]
[error occurred during error reporting (printing stack bounds), id 0xc0000005]

Native frames: (J=compiled Java code, j=interpreted, Vv=VM code, C=native code)


Current CompileTask:
C2: 197387 21049       4       com.android.tools.r8.graph.H0$$Lambda$1464/1328315737::compare (16 bytes)


---------------  P R O C E S S  ---------------

Java Threads: ( => current thread )
  0x000000001bad3000 JavaThread "ForkJoinPool-1-worker-0" daemon [_thread_blocked, id=1544, stack(0x000000002cdc0000,0x000000002cec0000)]
  0x000000001acce000 JavaThread "ForkJoinPool-1-worker-3" daemon [_thread_blocked, id=11476, stack(0x000000002ccc0000,0x000000002cdc0000)]
  0x000000001dc31800 JavaThread "ForkJoinPool-1-worker-2" daemon [_thread_in_Java, id=6184, stack(0x000000002cbc0000,0x000000002ccc0000)]
  0x000000001dc2e800 JavaThread "ForkJoinPool.commonPool-worker-2" daemon [_thread_blocked, id=6292, stack(0x000000002ac90000,0x000000002ad90000)]
  0x000000001dc33000 JavaThread "WorkerExecutor Queue Thread 5" [_thread_in_native, id=3896, stack(0x000000002ae90000,0x000000002af90000)]
  0x000000001dc33800 JavaThread "WorkerExecutor Queue Thread 4" [_thread_blocked, id=5480, stack(0x000000002ad90000,0x000000002ae90000)]
  0x000000001dc2d800 JavaThread "WorkerExecutor Queue Thread 2" [_thread_blocked, id=1912, stack(0x000000002ab90000,0x000000002ac90000)]
  0x000000001dc26000 JavaThread "WorkerExecutor Queue" [_thread_in_native, id=6564, stack(0x000000002aa90000,0x000000002ab90000)]
  0x000000001dc2a800 JavaThread "Cache worker for execution history cache (C:\Users\Instaimpresso2019\AndroidStudioProjects\Sorteio\.gradle\6.1.1\executionHistory)" [_thread_blocked, id=10556, stack(0x0000000025ff0000,0x00000000260f0000)]
  0x000000001dc29000 JavaThread "Execution worker for ':' Thread 3" [_thread_blocked, id=10756, stack(0x0000000025ef0000,0x0000000025ff0000)]
  0x000000001dc27800 JavaThread "Execution worker for ':' Thread 2" [_thread_blocked, id=6240, stack(0x0000000025df0000,0x0000000025ef0000)]
  0x000000001dc2a000 JavaThread "Execution worker for ':'" [_thread_blocked, id=2836, stack(0x0000000025cf0000,0x0000000025df0000)]
  0x000000001dc27000 JavaThread "Cache worker for file content cache (C:\Users\Instaimpresso2019\AndroidStudioProjects\Sorteio\.gradle\6.1.1\fileContent)" [_thread_blocked, id=8488, stack(0x0000000025bf0000,0x0000000025cf0000)]
  0x000000001acc7800 JavaThread "Cache worker for file content cache (C:\Users\Instaimpresso2019\.gradle\caches\6.1.1\fileContent)" [_thread_blocked, id=10628, stack(0x00000000250f0000,0x00000000251f0000)]
  0x000000001acca800 JavaThread "Memory manager" [_thread_blocked, id=5624, stack(0x00000000249f0000,0x0000000024af0000)]
  0x000000001acc8000 JavaThread "Cache worker for Build Output Cleanup Cache (C:\Users\Instaimpresso2019\AndroidStudioProjects\Sorteio\.gradle\buildOutputCleanup)" [_thread_blocked, id=7040, stack(0x0000000022a20000,0x0000000022b20000)]
  0x000000001acc9800 JavaThread "Build operations Thread 4" [_thread_blocked, id=11316, stack(0x0000000022920000,0x0000000022a20000)]
  0x0000000019eaf000 JavaThread "Build operations Thread 3" [_thread_blocked, id=3520, stack(0x0000000022220000,0x0000000022320000)]
  0x0000000019eae000 JavaThread "Build operations Thread 2" [_thread_blocked, id=2092, stack(0x0000000022120000,0x0000000022220000)]
  0x0000000019eac000 JavaThread "Build operations" [_thread_blocked, id=400, stack(0x0000000022020000,0x0000000022120000)]
  0x0000000019ead800 JavaThread "Cache worker for cache directory md-rule (C:\Users\Instaimpresso2019\.gradle\caches\6.1.1\md-rule)" [_thread_blocked, id=2240, stack(0x0000000021f20000,0x0000000022020000)]
  0x0000000019eac800 JavaThread "Cache worker for cache directory md-supplier (C:\Users\Instaimpresso2019\.gradle\caches\6.1.1\md-supplier)" [_thread_blocked, id=8576, stack(0x000000001fec0000,0x000000001ffc0000)]
  0x0000000019eb0800 JavaThread "Cache worker for file hash cache (C:\Users\Instaimpresso2019\AndroidStudioProjects\Sorteio\.gradle\6.1.1\fileHashes)" [_thread_blocked, id=6680, stack(0x000000001f920000,0x000000001fa20000)]
  0x0000000019ea8800 JavaThread "Cache worker for checksums cache (C:\Users\Instaimpresso2019\AndroidStudioProjects\Sorteio\.gradle\checksums)" [_thread_blocked, id=8280, stack(0x000000001cf80000,0x000000001d080000)]
  0x0000000019eab000 JavaThread "Thread-32" [_thread_blocked, id=8396, stack(0x000000001ce80000,0x000000001cf80000)]
  0x0000000019ea1000 JavaThread "Asynchronous log dispatcher for DefaultDaemonConnection: socket connection from /127.0.0.1:52204 to /127.0.0.1:52326" [_thread_blocked, id=11948, stack(0x000000001cc80000,0x000000001cd80000)]
  0x0000000019ea7000 JavaThread "Daemon worker Thread 2" [_thread_blocked, id=10752, stack(0x000000001cb80000,0x000000001cc80000)]
  0x0000000019ea6800 JavaThread "Cancel handler" [_thread_blocked, id=7480, stack(0x000000001c880000,0x000000001c980000)]
  0x0000000019ea4000 JavaThread "Handler for socket connection from /127.0.0.1:52204 to /127.0.0.1:52326" [_thread_in_native, id=5804, stack(0x000000001c780000,0x000000001c880000)]
  0x0000000019ea3800 JavaThread "Daemon Thread 2" [_thread_blocked, id=3628, stack(0x0000000000ed0000,0x0000000000fd0000)]
  0x000000001accc800 JavaThread "Cache worker for execution history cache (C:\Users\Instaimpresso2019\.gradle\caches\6.1.1\executionHistory)" [_thread_blocked, id=12036, stack(0x000000001ffc0000,0x00000000200c0000)]
  0x000000001acc9000 JavaThread "Cache worker for file hash cache (C:\Users\Instaimpresso2019\.gradle\caches\6.1.1\fileHashes)" [_thread_blocked, id=1488, stack(0x000000001d480000,0x000000001d580000)]
  0x000000001accd800 JavaThread "File lock request listener" [_thread_in_native, id=4356, stack(0x000000001d380000,0x000000001d480000)]
  0x000000001a587000 JavaThread "Cache worker for journal cache (C:\Users\Instaimpresso2019\.gradle\caches\journal-1)" [_thread_blocked, id=8756, stack(0x000000001d280000,0x000000001d380000)]
  0x00000000192b1800 JavaThread "Daemon periodic checks" [_thread_blocked, id=11292, stack(0x000000001c680000,0x000000001c780000)]
  0x00000000192dc800 JavaThread "Incoming local TCP Connector on port 52204" [_thread_in_native, id=1688, stack(0x000000001c420000,0x000000001c520000)]
  0x000000001b1c1000 JavaThread "Daemon health stats" [_thread_blocked, id=12276, stack(0x000000001bde0000,0x000000001bee0000)]
  0x000000001773d000 JavaThread "Service Thread" daemon [_thread_blocked, id=11388, stack(0x0000000019440000,0x0000000019540000)]
  0x0000000017703000 JavaThread "C1 CompilerThread2" daemon [_thread_blocked, id=9300, stack(0x0000000018f40000,0x0000000019040000)]
=>0x00000000176ea000 JavaThread "C2 CompilerThread1" daemon [_thread_in_native, id=9244, stack(0x0000000018e40000,0x0000000018f40000)]
  0x00000000176e7000 JavaThread "C2 CompilerThread0" daemon [_thread_in_native, id=3764, stack(0x0000000018d40000,0x0000000018e40000)]
  0x00000000176e5800 JavaThread "Attach Listener" daemon [_thread_blocked, id=4400, stack(0x0000000018c40000,0x0000000018d40000)]
  0x00000000176e4800 JavaThread "Signal Dispatcher" daemon [_thread_blocked, id=6936, stack(0x0000000018b40000,0x0000000018c40000)]
  0x0000000002abd000 JavaThread "Finalizer" daemon [_thread_blocked, id=11584, stack(0x0000000018930000,0x0000000018a30000)]
  0x00000000176c9000 JavaThread "Reference Handler" daemon [_thread_blocked, id=8536, stack(0x0000000018830000,0x0000000018930000)]
  0x00000000007ee000 JavaThread "main" [_thread_blocked, id=10024, stack(0x00000000028c0000,0x00000000029c0000)]

Other Threads:
  0x00000000176a6800 VMThread [stack: 0x0000000018730000,0x0000000018830000] [id=7824]
  0x000000001906d800 WatcherThread [stack: 0x0000000019540000,0x0000000019640000] [id=11428]

VM state:not at safepoint (normal execution)

VM Mutex/Monitor currently owned by a thread: None

heap address: 0x0000000080000000, size: 2048 MB, Compressed Oops mode: 32-bit
Narrow klass base: 0x0000000000000000, Narrow klass shift: 3
Compressed class space size: 1073741824 Address: 0x0000000100000000

Heap:
 PSYoungGen      total 436736K, used 207772K [0x00000000d5580000, 0x00000000fc780000, 0x0000000100000000)
  eden space 383488K, 54% used [0x00000000d5580000,0x00000000e2067088,0x00000000ecc00000)
  from space 53248K, 0% used [0x00000000ecc00000,0x00000000ecc00000,0x00000000f0000000)
  to   space 90112K, 0% used [0x00000000f6f80000,0x00000000f6f80000,0x00000000fc780000)
 ParOldGen       total 317440K, used 167769K [0x0000000080000000, 0x0000000093600000, 0x00000000d5580000)
  object space 317440K, 52% used [0x0000000080000000,0x000000008a3d65b0,0x0000000093600000)
 Metaspace       used 152867K, capacity 159054K, committed 159768K, reserved 1187840K
  class space    used 19804K, capacity 21044K, committed 21296K, reserved 1048576K

Card table byte_map: [0x0000000011e80000,0x0000000012290000] byte_map_base: 0x0000000011a80000

Marking Bits: (ParMarkBitMap*) 0x000000007447f030
 Begin Bits: [0x0000000012940000, 0x0000000014940000)
 End Bits:   [0x0000000014940000, 0x0000000016940000)

Polling page: 0x0000000000ff0000

CodeCache: size=245760Kb used=56886Kb max_used=56898Kb free=188873Kb
 bounds [0x0000000002ac0000, 0x00000000062c0000, 0x0000000011ac0000]
 total_blobs=18529 nmethods=17533 adapters=907
 compilation: enabled

Compilation events (10 events):
Event: 197.296 Thread 0x00000000176e7000 21015       4       com.android.tools.r8.graph.E::b (36 bytes)
Event: 197.375 Thread 0x00000000176e7000 nmethod 21015 0x000000000559c0d0 code [0x000000000559c320, 0x000000000559dac8]
Event: 197.376 Thread 0x00000000176e7000 21072 %     4       java.util.stream.SortedOps$SizedRefSortingSink::end @ 39 (129 bytes)
Event: 197.376 Thread 0x0000000017703000 21073       1       com.android.tools.build.apkzlib.zip.FileUseMapEntry::getStore (5 bytes)
Event: 197.377 Thread 0x0000000017703000 nmethod 21073 0x0000000003e4d6d0 code [0x0000000003e4d820, 0x0000000003e4d930]
Event: 197.380 Thread 0x00000000176e7000 nmethod 21072% 0x000000000559bc10 code [0x000000000559bd60, 0x000000000559bef8]
Event: 197.380 Thread 0x00000000176e7000 21074       4       com.android.tools.build.apkzlib.zip.ZipField::skip (73 bytes)
Event: 197.382 Thread 0x00000000176e7000 nmethod 21074 0x000000000559b890 code [0x000000000559b9e0, 0x000000000559bad8]
Event: 197.382 Thread 0x00000000176e7000 21075       4       java.util.stream.SortedOps$SizedRefSortingSink::end (129 bytes)
Event: 197.384 Thread 0x0000000017703000 21076       3       com.android.builder.files.RelativeFile::hashCode (22 bytes)

GC Heap History (10 events):
Event: 145.418 GC heap before
{Heap before GC invocations=20 (full 3):
 PSYoungGen      total 362496K, used 105482K [0x00000000d5580000, 0x00000000ed900000, 0x0000000100000000)
  eden space 334848K, 25% used [0x00000000d5580000,0x00000000da8a6c08,0x00000000e9c80000)
  from space 27648K, 73% used [0x00000000eb980000,0x00000000ecd5bdb0,0x00000000ed480000)
  to   space 29696K, 0% used [0x00000000e9c80000,0x00000000e9c80000,0x00000000eb980000)
 ParOldGen       total 105984K, used 53927K [0x0000000080000000, 0x0000000086780000, 0x00000000d5580000)
  object space 105984K, 50% used [0x0000000080000000,0x00000000834a9d88,0x0000000086780000)
 Metaspace       used 93663K, capacity 98502K, committed 98600K, reserved 1134592K
  class space    used 12270K, capacity 13215K, committed 13232K, reserved 1048576K
Event: 145.539 GC heap after
Heap after GC invocations=20 (full 3):
 PSYoungGen      total 364544K, used 27115K [0x00000000d5580000, 0x00000000f2080000, 0x0000000100000000)
  eden space 334848K, 0% used [0x00000000d5580000,0x00000000d5580000,0x00000000e9c80000)
  from space 29696K, 91% used [0x00000000e9c80000,0x00000000eb6fae60,0x00000000eb980000)
  to   space 33280K, 0% used [0x00000000f0000000,0x00000000f0000000,0x00000000f2080000)
 ParOldGen       total 105984K, used 53935K [0x0000000080000000, 0x0000000086780000, 0x00000000d5580000)
  object space 105984K, 50% used [0x0000000080000000,0x00000000834abd88,0x0000000086780000)
 Metaspace       used 93663K, capacity 98502K, committed 98600K, reserved 1134592K
  class space    used 12270K, capacity 13215K, committed 13232K, reserved 1048576K
}
Event: 145.539 GC heap before
{Heap before GC invocations=21 (full 4):
 PSYoungGen      total 364544K, used 27115K [0x00000000d5580000, 0x00000000f2080000, 0x0000000100000000)
  eden space 334848K, 0% used [0x00000000d5580000,0x00000000d5580000,0x00000000e9c80000)
  from space 29696K, 91% used [0x00000000e9c80000,0x00000000eb6fae60,0x00000000eb980000)
  to   space 33280K, 0% used [0x00000000f0000000,0x00000000f0000000,0x00000000f2080000)
 ParOldGen       total 105984K, used 53935K [0x0000000080000000, 0x0000000086780000, 0x00000000d5580000)
  object space 105984K, 50% used [0x0000000080000000,0x00000000834abd88,0x0000000086780000)
 Metaspace       used 93663K, capacity 98502K, committed 98600K, reserved 1134592K
  class space    used 12270K, capacity 13215K, committed 13232K, reserved 1048576K
Event: 146.262 GC heap after
Heap after GC invocations=21 (full 4):
 PSYoungGen      total 364544K, used 0K [0x00000000d5580000, 0x00000000f2080000, 0x0000000100000000)
  eden space 334848K, 0% used [0x00000000d5580000,0x00000000d5580000,0x00000000e9c80000)
  from space 29696K, 0% used [0x00000000e9c80000,0x00000000e9c80000,0x00000000eb980000)
  to   space 33280K, 0% used [0x00000000f0000000,0x00000000f0000000,0x00000000f2080000)
 ParOldGen       total 166400K, used 69565K [0x0000000080000000, 0x000000008a280000, 0x00000000d5580000)
  object space 166400K, 41% used [0x0000000080000000,0x00000000843ef7e0,0x000000008a280000)
 Metaspace       used 93461K, capacity 97910K, committed 98600K, reserved 1134592K
  class space    used 12204K, capacity 13099K, committed 13232K, reserved 1048576K
}
Event: 166.225 GC heap before
{Heap before GC invocations=22 (full 4):
 PSYoungGen      total 364544K, used 334848K [0x00000000d5580000, 0x00000000f2080000, 0x0000000100000000)
  eden space 334848K, 100% used [0x00000000d5580000,0x00000000e9c80000,0x00000000e9c80000)
  from space 29696K, 0% used [0x00000000e9c80000,0x00000000e9c80000,0x00000000eb980000)
  to   space 33280K, 0% used [0x00000000f0000000,0x00000000f0000000,0x00000000f2080000)
 ParOldGen       total 166400K, used 69565K [0x0000000080000000, 0x000000008a280000, 0x00000000d5580000)
  object space 166400K, 41% used [0x0000000080000000,0x00000000843ef7e0,0x000000008a280000)
 Metaspace       used 132855K, capacity 138074K, committed 138648K, reserved 1169408K
  class space    used 17444K, capacity 18534K, committed 18608K, reserved 1048576K
Event: 166.442 GC heap after
Heap after GC invocations=22 (full 4):
 PSYoungGen      total 416768K, used 33253K [0x00000000d5580000, 0x00000000f4900000, 0x0000000100000000)
  eden space 383488K, 0% used [0x00000000d5580000,0x00000000d5580000,0x00000000ecc00000)
  from space 33280K, 99% used [0x00000000f0000000,0x00000000f2079740,0x00000000f2080000)
  to   space 53248K, 0% used [0x00000000ecc00000,0x00000000ecc00000,0x00000000f0000000)
 ParOldGen       total 166400K, used 108754K [0x0000000080000000, 0x000000008a280000, 0x00000000d5580000)
  object space 166400K, 65% used [0x0000000080000000,0x0000000086a34bb8,0x000000008a280000)
 Metaspace       used 132855K, capacity 138074K, committed 138648K, reserved 1169408K
  class space    used 17444K, capacity 18534K, committed 18608K, reserved 1048576K
}
Event: 192.638 GC heap before
{Heap before GC invocations=23 (full 4):
 PSYoungGen      total 416768K, used 416741K [0x00000000d5580000, 0x00000000f4900000, 0x0000000100000000)
  eden space 383488K, 100% used [0x00000000d5580000,0x00000000ecc00000,0x00000000ecc00000)
  from space 33280K, 99% used [0x00000000f0000000,0x00000000f2079740,0x00000000f2080000)
  to   space 53248K, 0% used [0x00000000ecc00000,0x00000000ecc00000,0x00000000f0000000)
 ParOldGen       total 166400K, used 108754K [0x0000000080000000, 0x000000008a280000, 0x00000000d5580000)
  object space 166400K, 65% used [0x0000000080000000,0x0000000086a34bb8,0x000000008a280000)
 Metaspace       used 152887K, capacity 159412K, committed 159768K, reserved 1187840K
  class space    used 19872K, capacity 21171K, committed 21296K, reserved 1048576K
Event: 193.019 GC heap after
Heap after GC invocations=23 (full 4):
 PSYoungGen      total 436736K, used 53227K [0x00000000d5580000, 0x00000000fc780000, 0x0000000100000000)
  eden space 383488K, 0% used [0x00000000d5580000,0x00000000d5580000,0x00000000ecc00000)
  from space 53248K, 99% used [0x00000000ecc00000,0x00000000efffae00,0x00000000f0000000)
  to   space 90112K, 0% used [0x00000000f6f80000,0x00000000f6f80000,0x00000000fc780000)
 ParOldGen       total 183296K, used 183164K [0x0000000080000000, 0x000000008b300000, 0x00000000d5580000)
  object space 183296K, 99% used [0x0000000080000000,0x000000008b2df398,0x000000008b300000)
 Metaspace       used 152887K, capacity 159412K, committed 159768K, reserved 1187840K
  class space    used 19872K, capacity 21171K, committed 21296K, reserved 1048576K
}
Event: 193.019 GC heap before
{Heap before GC invocations=24 (full 5):
 PSYoungGen      total 436736K, used 53227K [0x00000000d5580000, 0x00000000fc780000, 0x0000000100000000)
  eden space 383488K, 0% used [0x00000000d5580000,0x00000000d5580000,0x00000000ecc00000)
  from space 53248K, 99% used [0x00000000ecc00000,0x00000000efffae00,0x00000000f0000000)
  to   space 90112K, 0% used [0x00000000f6f80000,0x00000000f6f80000,0x00000000fc780000)
 ParOldGen       total 183296K, used 183164K [0x0000000080000000, 0x000000008b300000, 0x00000000d5580000)
  object space 183296K, 99% used [0x0000000080000000,0x000000008b2df398,0x000000008b300000)
 Metaspace       used 152887K, capacity 159412K, committed 159768K, reserved 1187840K
  class space    used 19872K, capacity 21171K, committed 21296K, reserved 1048576K
Event: 193.997 GC heap after
Heap after GC invocations=24 (full 5):
 PSYoungGen      total 436736K, used 0K [0x00000000d5580000, 0x00000000fc780000, 0x0000000100000000)
  eden space 383488K, 0% used [0x00000000d5580000,0x00000000d5580000,0x00000000ecc00000)
  from space 53248K, 0% used [0x00000000ecc00000,0x00000000ecc00000,0x00000000f0000000)
  to   space 90112K, 0% used [0x00000000f6f80000,0x00000000f6f80000,0x00000000fc780000)
 ParOldGen       total 317440K, used 167769K [0x0000000080000000, 0x0000000093600000, 0x00000000d5580000)
  object space 317440K, 52% used [0x0000000080000000,0x000000008a3d65b0,0x0000000093600000)
 Metaspace       used 152663K, capacity 158814K, committed 159768K, reserved 1187840K
  class space    used 19796K, capacity 21040K, committed 21296K, reserved 1048576K
}

Deoptimization events (10 events):
Event: 195.667 Thread 0x000000001dc2d800 Uncommon trap: reason=unstable_if action=reinterpret pc=0x0000000004a46ae4 method=java.util.HashMap.getNode(ILjava/lang/Object;)Ljava/util/HashMap$Node; @ 84
Event: 195.668 Thread 0x000000001dc2d800 Uncommon trap: reason=unstable_if action=reinterpret pc=0x0000000006234684 method=java.util.HashMap.getNode(ILjava/lang/Object;)Ljava/util/HashMap$Node; @ 84
Event: 195.668 Thread 0x000000001dc2d800 Uncommon trap: reason=unstable_if action=reinterpret pc=0x0000000003782488 method=java.util.HashMap.getNode(ILjava/lang/Object;)Ljava/util/HashMap$Node; @ 84
Event: 195.668 Thread 0x000000001dc2d800 Uncommon trap: reason=unstable_if action=reinterpret pc=0x0000000003492b94 method=java.util.HashMap.getNode(ILjava/lang/Object;)Ljava/util/HashMap$Node; @ 84
Event: 195.668 Thread 0x000000001dc2d800 Uncommon trap: reason=unstable_if action=reinterpret pc=0x0000000003856b7c method=java.util.HashMap.getNode(ILjava/lang/Object;)Ljava/util/HashMap$Node; @ 84
Event: 195.728 Thread 0x000000001dc2d800 Uncommon trap: reason=unstable_if action=reinterpret pc=0x0000000003605c58 method=java.util.HashMap.putVal(ILjava/lang/Object;Ljava/lang/Object;ZZ)Ljava/lang/Object; @ 109
Event: 196.450 Thread 0x000000001dc2d800 Uncommon trap: reason=unstable_if action=reinterpret pc=0x0000000005df7610 method=java.util.concurrent.ConcurrentHashMap$Traverser.advance()Ljava/util/concurrent/ConcurrentHashMap$Node; @ 84
Event: 196.451 Thread 0x000000001dc2d800 Uncommon trap: reason=unstable_if action=reinterpret pc=0x0000000005dde2f4 method=java.util.concurrent.ConcurrentHashMap$Traverser.advance()Ljava/util/concurrent/ConcurrentHashMap$Node; @ 84
Event: 196.721 Thread 0x000000001dc2d800 Uncommon trap: reason=array_check action=maybe_recompile pc=0x000000000603e98c method=java.util.TimSort.reverseRange([Ljava/lang/Object;II)V @ 27
Event: 196.721 Thread 0x000000001dc2d800 Uncommon trap: reason=array_check action=maybe_recompile pc=0x000000000603e98c method=java.util.TimSort.reverseRange([Ljava/lang/Object;II)V @ 27

Classes redefined (0 events):
No events

Internal exceptions (10 events):
Event: 191.264 Thread 0x000000001dc29000 Exception <a 'java/lang/NoSuchMethodError': <clinit>> (0x00000000e71b0888) thrown at [C:\src\AOSP-openjdk-git\hotspot\src\share\vm\prims\jni.cpp, line 1615]
Event: 191.323 Thread 0x000000001dc26000 Exception <a 'sun/nio/fs/WindowsException'> (0x00000000e777a720) thrown at [C:\src\AOSP-openjdk-git\hotspot\src\share\vm\prims\jni.cpp, line 710]
Event: 191.331 Thread 0x000000001dc26000 Exception <a 'java/lang/NoSuchMethodError': java.lang.Object.lambda$asRunnable$0(Lcom/android/tools/build/apkzlib/utils/IOExceptionRunnable;)V> (0x00000000e787f878) thrown at [C:\src\AOSP-openjdk-git\hotspot\src\share\vm\interpreter\linkResolver.cpp, line
Event: 191.343 Thread 0x000000001dc2a000 Exception <a 'sun/nio/fs/WindowsException'> (0x00000000e2e75190) thrown at [C:\src\AOSP-openjdk-git\hotspot\src\share\vm\prims\jni.cpp, line 710]
Event: 191.343 Thread 0x000000001dc2a000 Exception <a 'sun/nio/fs/WindowsException'> (0x00000000e2e76238) thrown at [C:\src\AOSP-openjdk-git\hotspot\src\share\vm\prims\jni.cpp, line 710]
Event: 191.344 Thread 0x000000001dc2a000 Exception <a 'sun/nio/fs/WindowsException'> (0x00000000e2e76dd8) thrown at [C:\src\AOSP-openjdk-git\hotspot\src\share\vm\prims\jni.cpp, line 710]
Event: 191.344 Thread 0x000000001dc2a000 Exception <a 'sun/nio/fs/WindowsException'> (0x00000000e2e77e68) thrown at [C:\src\AOSP-openjdk-git\hotspot\src\share\vm\prims\jni.cpp, line 710]
Event: 191.357 Thread 0x000000001dc31800 Implicit null exception at 0x00000000036370ef to 0x00000000036371ed
Event: 191.854 Thread 0x000000001dc2a000 Exception <a 'java/lang/ClassNotFoundException': android/app/Application> (0x00000000e8cc96c8) thrown at [C:\src\AOSP-openjdk-git\hotspot\src\share\vm\classfile\systemDictionary.cpp, line 210]
Event: 191.974 Thread 0x000000001dc26000 Exception <a 'java/lang/NoSuchMethodError': java.lang.Object.newSystemTemporaryDirectory()Lcom/android/tools/build/apkzlib/bytestorage/TemporaryDirectory;> (0x00000000e9dee048) thrown at [C:\src\AOSP-openjdk-git\hotspot\src\share\vm\interpreter\linkResolv

Events (10 events):
Event: 196.721 Thread 0x000000001dc2d800 Uncommon trap: trap_request=0xffffffd6 fr.pc=0x000000000603e98c
Event: 196.721 Thread 0x000000001dc2d800 DEOPT PACKING pc=0x000000000603e98c sp=0x000000002ac8dbb0
Event: 196.721 Thread 0x000000001dc2d800 DEOPT UNPACKING pc=0x0000000002b0557b sp=0x000000002ac8da20 mode 2
Event: 196.721 Thread 0x000000001dc2d800 Uncommon trap: trap_request=0xffffffd6 fr.pc=0x000000000603e98c
Event: 196.721 Thread 0x000000001dc2d800 DEOPT PACKING pc=0x000000000603e98c sp=0x000000002ac8dbb0
Event: 196.721 Thread 0x000000001dc2d800 DEOPT UNPACKING pc=0x0000000002b0557b sp=0x000000002ac8da20 mode 2
Event: 196.823 Thread 0x000000001dc33000 DEOPT PACKING pc=0x00000000061e087c sp=0x000000002af8d6c0
Event: 196.823 Thread 0x000000001dc33000 DEOPT UNPACKING pc=0x0000000002b071d0 sp=0x000000002af8d578 mode 0
Event: 197.382 Thread 0x000000001dc31800 DEOPT PACKING pc=0x0000000003cf59c4 sp=0x000000002ccbedf0
Event: 197.382 Thread 0x000000001dc31800 DEOPT UNPACKING pc=0x0000000002b071d0 sp=0x000000002ccbeb20 mode 0


Dynamic libraries:
0x00007ff708940000 - 0x00007ff708971000 	C:\Program Files\Android\Android Studio1\jre\bin\java.exe
0x00007fff82390000 - 0x00007fff82585000 	C:\WINDOWS\SYSTEM32\ntdll.dll
0x00007fff821e0000 - 0x00007fff8229d000 	C:\WINDOWS\System32\KERNEL32.DLL
0x00007fff7fe10000 - 0x00007fff800d7000 	C:\WINDOWS\System32\KERNELBASE.dll
0x00007fff80880000 - 0x00007fff8092a000 	C:\WINDOWS\System32\ADVAPI32.dll
0x00007fff80ac0000 - 0x00007fff80b5e000 	C:\WINDOWS\System32\msvcrt.dll
0x00007fff818e0000 - 0x00007fff8197b000 	C:\WINDOWS\System32\sechost.dll
0x00007fff80c30000 - 0x00007fff80d53000 	C:\WINDOWS\System32\RPCRT4.dll
0x00007fff806e0000 - 0x00007fff80880000 	C:\WINDOWS\System32\USER32.dll
0x00007fff7fb10000 - 0x00007fff7fb32000 	C:\WINDOWS\System32\win32u.dll
0x00007fff816f0000 - 0x00007fff8171a000 	C:\WINDOWS\System32\GDI32.dll
0x00007fff800e0000 - 0x00007fff801ea000 	C:\WINDOWS\System32\gdi32full.dll
0x00007fff7fb40000 - 0x00007fff7fbdd000 	C:\WINDOWS\System32\msvcp_win.dll
0x00007fff80300000 - 0x00007fff80400000 	C:\WINDOWS\System32\ucrtbase.dll
0x00007fff7eeb0000 - 0x00007fff7f14a000 	C:\WINDOWS\WinSxS\amd64_microsoft.windows.common-controls_6595b64144ccf1df_6.0.19041.1_none_b555e41d4684ddec\COMCTL32.dll
0x00007fff80d60000 - 0x00007fff80d90000 	C:\WINDOWS\System32\IMM32.DLL
0x0000000076010000 - 0x00000000760e2000 	C:\Program Files\Android\Android Studio1\jre\jre\bin\msvcr100.dll
0x0000000073cb0000 - 0x00000000744fb000 	C:\Program Files\Android\Android Studio1\jre\jre\bin\server\jvm.dll
0x00007fff81270000 - 0x00007fff81278000 	C:\WINDOWS\System32\PSAPI.DLL
0x00007fff6c3e0000 - 0x00007fff6c3e9000 	C:\WINDOWS\SYSTEM32\WSOCK32.dll
0x00007fff74760000 - 0x00007fff74787000 	C:\WINDOWS\SYSTEM32\WINMM.dll
0x00007fff76b60000 - 0x00007fff76b6a000 	C:\WINDOWS\SYSTEM32\VERSION.dll
0x00007fff80b60000 - 0x00007fff80bcb000 	C:\WINDOWS\System32\WS2_32.dll
0x00007fff77800000 - 0x00007fff7780f000 	C:\Program Files\Android\Android Studio1\jre\jre\bin\verify.dll
0x00007fff6f2c0000 - 0x00007fff6f2e9000 	C:\Program Files\Android\Android Studio1\jre\jre\bin\java.dll
0x00007fff6fbe0000 - 0x00007fff6fbf6000 	C:\Program Files\Android\Android Studio1\jre\jre\bin\zip.dll
0x00007fff81aa0000 - 0x00007fff821e0000 	C:\WINDOWS\System32\SHELL32.dll
0x00007fff7cf90000 - 0x00007fff7d721000 	C:\WINDOWS\SYSTEM32\windows.storage.dll
0x00007fff80d90000 - 0x00007fff810e3000 	C:\WINDOWS\System32\combase.dll
0x00007fff7ee10000 - 0x00007fff7ee3c000 	C:\WINDOWS\SYSTEM32\Wldp.dll
0x00007fff822a0000 - 0x00007fff8234e000 	C:\WINDOWS\System32\SHCORE.dll
0x00007fff810f0000 - 0x00007fff81145000 	C:\WINDOWS\System32\shlwapi.dll
0x00007fff7fa20000 - 0x00007fff7fa3f000 	C:\WINDOWS\SYSTEM32\profapi.dll
0x00007fff6f4e0000 - 0x00007fff6f4fa000 	C:\Program Files\Android\Android Studio1\jre\jre\bin\net.dll
0x00007fff7eb90000 - 0x00007fff7ebfa000 	C:\WINDOWS\system32\mswsock.dll
0x00007fff6f330000 - 0x00007fff6f343000 	C:\Program Files\Android\Android Studio1\jre\jre\bin\nio.dll
0x00007fff687a0000 - 0x00007fff687c6000 	C:\Users\Instaimpresso2019\.gradle\native\31\windows-amd64\native-platform.dll
0x00007fff774e0000 - 0x00007fff774ed000 	C:\Program Files\Android\Android Studio1\jre\jre\bin\management.dll
0x00007fff7f6d0000 - 0x00007fff7f6e8000 	C:\WINDOWS\SYSTEM32\CRYPTSP.dll
0x00007fff7e540000 - 0x00007fff7e574000 	C:\WINDOWS\system32\rsaenh.dll
0x00007fff7fae0000 - 0x00007fff7fb07000 	C:\WINDOWS\System32\bcrypt.dll
0x00007fff7f9a0000 - 0x00007fff7f9ce000 	C:\WINDOWS\SYSTEM32\USERENV.dll
0x00007fff7fbe0000 - 0x00007fff7fc5f000 	C:\WINDOWS\System32\bcryptprimitives.dll
0x00007fff7ed60000 - 0x00007fff7ed6c000 	C:\WINDOWS\SYSTEM32\CRYPTBASE.dll
0x00007fff7e880000 - 0x00007fff7e8bb000 	C:\WINDOWS\SYSTEM32\IPHLPAPI.DLL
0x00007fff81160000 - 0x00007fff81169000 	C:\WINDOWS\System32\NSI.dll
0x00007fff773c0000 - 0x00007fff773d7000 	C:\WINDOWS\SYSTEM32\dhcpcsvc6.DLL
0x00007fff77190000 - 0x00007fff771ad000 	C:\WINDOWS\SYSTEM32\dhcpcsvc.DLL
0x00007fff7e8c0000 - 0x00007fff7e98a000 	C:\WINDOWS\SYSTEM32\DNSAPI.dll
0x00007fff68940000 - 0x00007fff68964000 	C:\Program Files\Android\Android Studio1\jre\jre\bin\sunec.dll
0x00007fff76130000 - 0x00007fff7613b000 	C:\Program Files\Android\Android Studio1\jre\jre\bin\sunmscapi.dll
0x00007fff7fcb0000 - 0x00007fff7fe0d000 	C:\WINDOWS\System32\CRYPT32.dll
0x00007fff74750000 - 0x00007fff7475a000 	C:\Windows\System32\rasadhlp.dll
0x00007fff72950000 - 0x00007fff729cf000 	C:\WINDOWS\System32\fwpuclnt.dll

VM Arguments:
jvm_args: -Xmx2048m -Dfile.encoding=windows-1252 -Duser.country=BR -Duser.language=pt -Duser.variant 
java_command: org.gradle.launcher.daemon.bootstrap.GradleDaemon 6.1.1
java_class_path (initial): C:\Users\Instaimpresso2019\.gradle\wrapper\dists\gradle-6.1.1-all\cfmwm155h49vnt3hynmlrsdst\gradle-6.1.1\lib\gradle-launcher-6.1.1.jar
Launcher Type: SUN_STANDARD

Environment Variables:
PATH=C:\Program Files (x86)\Common Files\Oracle\Java\javapath;C:\WINDOWS\system32;C:\WINDOWS;C:\WINDOWS\System32\Wbem;C:\WINDOWS\System32\WindowsPowerShell\v1.0\;C:\WINDOWS\System32\OpenSSH\;C:\xampp\php;C:\composer;C:\Program Files\PuTTY\;C:\Users\Instaimpresso2019\AppData\Local\Microsoft\WindowsApps;C:\Users\Instaimpresso2019\AppData\Roaming\Composer\vendor\bin;C:\Users\Instaimpresso2019\AppData\Local\GitHubDesktop\bin;%USERPROFILE%\AppData\Local\Microsoft\WindowsApps;
USERNAME=Instaimpresso2019
OS=Windows_NT
PROCESSOR_IDENTIFIER=AMD64 Family 21 Model 101 Stepping 1, AuthenticAMD



---------------  S Y S T E M  ---------------

OS: Windows 10.0 , 64 bit Build 19041 (10.0.19041.292)

CPU:total 4 (initial active 4) (4 cores per cpu, 1 threads per core) family 21 model 101 stepping 1, cmov, cx8, fxsr, mmx, sse, sse2, sse3, ssse3, sse4.1, sse4.2, popcnt, avx, avx2, aes, clmul, mmxext, 3dnowpref, lzcnt, sse4a, tsc, tscinvbit, tscinv, bmi1

Memory: 4k page, physical 7820660k(491684k free), swap 9868660k(5192k free)

vm_info: OpenJDK 64-Bit Server VM (25.242-b01) for windows-amd64 JRE (1.8.0_242-release-1644-b01), built by "builder" with MS VC++ 10.0 (VS2010)

time: Fri Sep 04 23:55:06 2020
timezone: Hora oficial do Brasil
elapsed time: 197 seconds (0d 0h 3m 17s)

