#
# There is insufficient memory for the Java Runtime Environment to continue.
# Native memory allocation (malloc) failed to allocate 675216 bytes for Chunk::new
# Possible reasons:
#   The system is out of physical RAM or swap space
#   The process is running with CompressedOops enabled, and the Java Heap may be blocking the growth of the native heap
# Possible solutions:
#   Reduce memory load on the system
#   Increase physical memory or swap space
#   Check if swap backing store is full
#   Decrease Java heap size (-Xmx/-Xms)
#   Decrease number of Java threads
#   Decrease Java thread stack sizes (-Xss)
#   Set larger code cache with -XX:ReservedCodeCacheSize=
#   JVM is running with Unscaled Compressed Oops mode in which the Java heap is
#     placed in the first 4GB address space. The Java Heap base address is the
#     maximum limit for the native heap growth. Please use -XX:HeapBaseMinAddress
#     to set the Java Heap base and to place the Java Heap above 4GB virtual address.
# This output file may be truncated or incomplete.
#
#  Out of Memory Error (allocation.cpp:389), pid=8968, tid=0x0000000000000908
#
# JRE version: OpenJDK Runtime Environment (8.0_242-b01) (build 1.8.0_242-release-1644-b01)
# Java VM: OpenJDK 64-Bit Server VM (25.242-b01 mixed mode windows-amd64 compressed oops)
# Failed to write core dump. Minidumps are not enabled by default on client versions of Windows
#

---------------  T H R E A D  ---------------

Current thread (0x000000001735e000):  JavaThread "C2 CompilerThread1" daemon [_thread_in_native, id=2312, stack(0x0000000018ab0000,0x0000000018bb0000)]

Stack: [0x0000000018ab0000,0x0000000018bb0000]
[error occurred during error reporting (printing stack bounds), id 0xc0000005]

Native frames: (J=compiled Java code, j=interpreted, Vv=VM code, C=native code)


Current CompileTask:
C2: 634712 21955 %     4       com.sun.tools.javac.file.ZipFileIndex$ZipDirectory::readEntry @ 215 (587 bytes)


---------------  P R O C E S S  ---------------

Java Threads: ( => current thread )
  0x000000001aacf000 JavaThread "Cache worker for Java compile cache (C:\Users\Instaimpresso2019\AndroidStudioProjects\Sorteio\.gradle\6.1.1\javaCompile)" [_thread_blocked, id=1148, stack(0x000000002dd50000,0x000000002de50000)]
  0x000000001aacd800 JavaThread "Cache worker for Java compile cache (C:\Users\Instaimpresso2019\.gradle\caches\6.1.1\javaCompile)" [_thread_blocked, id=8704, stack(0x000000002dc50000,0x000000002dd50000)]
  0x000000001aacc000 JavaThread "RMI TCP Connection(1)-127.0.0.1" daemon [_thread_in_native, id=5268, stack(0x000000002db50000,0x000000002dc50000)]
  0x000000001aaca000 JavaThread "RMI Reaper" [_thread_blocked, id=7124, stack(0x000000002da50000,0x000000002db50000)]
  0x0000000019c64800 JavaThread "RMI TCP Accept-0" daemon [_thread_in_native, id=1712, stack(0x000000002d140000,0x000000002d240000)]
  0x0000000019c63000 JavaThread "GC Daemon" daemon [_thread_blocked, id=1192, stack(0x000000002d040000,0x000000002d140000)]
  0x0000000019c62800 JavaThread "RMI RenewClean-[127.0.0.1:17991,org.jetbrains.kotlin.daemon.common.LoopbackNetworkInterface$ClientLoopbackSocketFactory@402665e2]" daemon [_thread_blocked, id=1940, stack(0x000000002cf40000,0x000000002d040000)]
  0x0000000019c60000 JavaThread "RMI Scheduler(0)" daemon [_thread_blocked, id=8532, stack(0x000000002ce40000,0x000000002cf40000)]
  0x000000001e7eb000 JavaThread "stdout" [_thread_in_native, id=12024, stack(0x000000002cb40000,0x000000002cc40000)]
  0x000000001e7e3800 JavaThread "stderr" [_thread_in_native, id=2040, stack(0x000000002a6a0000,0x000000002a7a0000)]
  0x000000001e7ea000 JavaThread "pool-4-thread-1" [_thread_blocked, id=6604, stack(0x000000002a5a0000,0x000000002a6a0000)]
  0x000000001e7e8800 JavaThread "WorkerExecutor Queue Thread 2" [_thread_blocked, id=10560, stack(0x000000002a4a0000,0x000000002a5a0000)]
  0x000000001e7e2800 JavaThread "WorkerExecutor Queue" [_thread_blocked, id=3008, stack(0x000000002a3a0000,0x000000002a4a0000)]
  0x000000001e7de000 JavaThread "Cache worker for execution history cache (C:\Users\Instaimpresso2019\AndroidStudioProjects\Sorteio\.gradle\6.1.1\executionHistory)" [_thread_blocked, id=1496, stack(0x00000000279b0000,0x0000000027ab0000)]
  0x000000001e7e2000 JavaThread "Execution worker for ':' Thread 3" [_thread_blocked, id=12044, stack(0x0000000025060000,0x0000000025160000)]
  0x000000001e7e1000 JavaThread "Execution worker for ':' Thread 2" [_thread_in_native, id=2204, stack(0x0000000024f60000,0x0000000025060000)]
  0x0000000028025000 JavaThread "Execution worker for ':'" [_thread_blocked, id=6212, stack(0x0000000024e60000,0x0000000024f60000)]
  0x0000000028023800 JavaThread "Cache worker for file content cache (C:\Users\Instaimpresso2019\AndroidStudioProjects\Sorteio\.gradle\6.1.1\fileContent)" [_thread_blocked, id=9236, stack(0x00000000212d0000,0x00000000213d0000)]
  0x0000000028029800 JavaThread "Cache worker for Build Output Cleanup Cache (C:\Users\Instaimpresso2019\AndroidStudioProjects\Sorteio\.gradle\buildOutputCleanup)" [_thread_blocked, id=1332, stack(0x0000000020bd0000,0x0000000020cd0000)]
  0x0000000028028800 JavaThread "Build operations Thread 4" [_thread_blocked, id=11116, stack(0x0000000020490000,0x0000000020590000)]
  0x0000000028028000 JavaThread "Build operations Thread 3" [_thread_blocked, id=11472, stack(0x000000001fa90000,0x000000001fb90000)]
  0x0000000028026800 JavaThread "Build operations Thread 2" [_thread_blocked, id=7552, stack(0x000000001f990000,0x000000001fa90000)]
  0x0000000028024000 JavaThread "Build operations" [_thread_blocked, id=1240, stack(0x000000001f490000,0x000000001f590000)]
  0x0000000028027000 JavaThread "Cache worker for cache directory md-rule (C:\Users\Instaimpresso2019\.gradle\caches\6.1.1\md-rule)" [_thread_blocked, id=9316, stack(0x000000001f390000,0x000000001f490000)]
  0x0000000028022000 JavaThread "Cache worker for cache directory md-supplier (C:\Users\Instaimpresso2019\.gradle\caches\6.1.1\md-supplier)" [_thread_blocked, id=4176, stack(0x000000001cbf0000,0x000000001ccf0000)]
  0x0000000028025800 JavaThread "Cache worker for file hash cache (C:\Users\Instaimpresso2019\AndroidStudioProjects\Sorteio\.gradle\6.1.1\fileHashes)" [_thread_blocked, id=7292, stack(0x000000001caf0000,0x000000001cbf0000)]
  0x000000002801a800 JavaThread "Cache worker for checksums cache (C:\Users\Instaimpresso2019\AndroidStudioProjects\Sorteio\.gradle\checksums)" [_thread_blocked, id=9084, stack(0x000000001c9f0000,0x000000001caf0000)]
  0x0000000028021000 JavaThread "Thread-40" [_thread_blocked, id=1568, stack(0x000000001c8f0000,0x000000001c9f0000)]
  0x0000000028020800 JavaThread "Stdin handler" [_thread_blocked, id=5064, stack(0x000000001c7f0000,0x000000001c8f0000)]
  0x000000002801c000 JavaThread "Asynchronous log dispatcher for DefaultDaemonConnection: socket connection from /127.0.0.1:52573 to /127.0.0.1:53154" [_thread_blocked, id=3624, stack(0x000000001c4f0000,0x000000001c5f0000)]
  0x000000002801f000 JavaThread "Daemon worker Thread 2" [_thread_blocked, id=3516, stack(0x000000001c3f0000,0x000000001c4f0000)]
  0x000000002801b000 JavaThread "Cancel handler" [_thread_blocked, id=4020, stack(0x0000000002380000,0x0000000002480000)]
  0x000000002801e000 JavaThread "Handler for socket connection from /127.0.0.1:52573 to /127.0.0.1:53154" [_thread_in_native, id=9052, stack(0x0000000000a70000,0x0000000000b70000)]
  0x000000002801f800 JavaThread "Daemon Thread 2" [_thread_blocked, id=2916, stack(0x0000000000970000,0x0000000000a70000)]
  0x0000000019c68800 JavaThread "Cache worker for file content cache (C:\Users\Instaimpresso2019\.gradle\caches\6.1.1\fileContent)" [_thread_blocked, id=2256, stack(0x0000000023750000,0x0000000023850000)]
  0x0000000019c6a000 JavaThread "Memory manager" [_thread_blocked, id=3424, stack(0x0000000023650000,0x0000000023750000)]
  0x000000001aaca800 JavaThread "Cache worker for execution history cache (C:\Users\Instaimpresso2019\.gradle\caches\6.1.1\executionHistory)" [_thread_blocked, id=9616, stack(0x000000001fb90000,0x000000001fc90000)]
  0x000000001aacb800 JavaThread "Cache worker for file hash cache (C:\Users\Instaimpresso2019\.gradle\caches\6.1.1\fileHashes)" [_thread_blocked, id=3396, stack(0x000000001d0f0000,0x000000001d1f0000)]
  0x000000001aacd000 JavaThread "File lock request listener" [_thread_in_native, id=8808, stack(0x000000001cff0000,0x000000001d0f0000)]
  0x00000000196a0000 JavaThread "Cache worker for journal cache (C:\Users\Instaimpresso2019\.gradle\caches\journal-1)" [_thread_blocked, id=4956, stack(0x000000001cef0000,0x000000001cff0000)]
  0x000000001a7a4000 JavaThread "Daemon periodic checks" [_thread_blocked, id=4420, stack(0x000000001c2f0000,0x000000001c3f0000)]
  0x0000000018ef7800 JavaThread "Incoming local TCP Connector on port 52573" [_thread_in_native, id=2892, stack(0x000000001c090000,0x000000001c190000)]
  0x0000000018d83800 JavaThread "Daemon health stats" [_thread_blocked, id=1896, stack(0x000000001ba50000,0x000000001bb50000)]
  0x0000000018ce0800 JavaThread "Service Thread" daemon [_thread_blocked, id=11320, stack(0x00000000190b0000,0x00000000191b0000)]
  0x0000000017363800 JavaThread "C1 CompilerThread2" daemon [_thread_blocked, id=11424, stack(0x0000000018bb0000,0x0000000018cb0000)]
=>0x000000001735e000 JavaThread "C2 CompilerThread1" daemon [_thread_in_native, id=2312, stack(0x0000000018ab0000,0x0000000018bb0000)]
  0x0000000017357800 JavaThread "C2 CompilerThread0" daemon [_thread_blocked, id=8016, stack(0x00000000189b0000,0x0000000018ab0000)]
  0x0000000017356800 JavaThread "Attach Listener" daemon [_thread_blocked, id=9696, stack(0x00000000188b0000,0x00000000189b0000)]
  0x0000000017355000 JavaThread "Signal Dispatcher" daemon [_thread_blocked, id=11060, stack(0x00000000187b0000,0x00000000188b0000)]
  0x000000000272d800 JavaThread "Finalizer" daemon [_thread_blocked, id=11392, stack(0x00000000185a0000,0x00000000186a0000)]
  0x0000000017339000 JavaThread "Reference Handler" daemon [_thread_blocked, id=5672, stack(0x00000000184a0000,0x00000000185a0000)]
  0x000000000262e000 JavaThread "main" [_thread_blocked, id=8368, stack(0x00000000024c0000,0x00000000025c0000)]

Other Threads:
  0x0000000017316000 VMThread [stack: 0x00000000183a0000,0x00000000184a0000] [id=11772]
  0x00000000173aa000 WatcherThread [stack: 0x00000000191b0000,0x00000000192b0000] [id=5740]

VM state:not at safepoint (normal execution)

VM Mutex/Monitor currently owned by a thread:  ([mutex/lock_event])
[0x000000000262caa0] CodeCache_lock - owner thread: 0x0000000017363800
[0x00000000026315d0] Compile_lock - owner thread: 0x0000000017363800
[0x00000000026300d0] MethodCompileQueue_lock - owner thread: 0x0000000017363800

heap address: 0x0000000080000000, size: 2048 MB, Compressed Oops mode: 32-bit
Narrow klass base: 0x0000000000000000, Narrow klass shift: 3
Compressed class space size: 1073741824 Address: 0x0000000100000000

Heap:
 PSYoungGen      total 417280K, used 171520K [0x00000000d5580000, 0x00000000f5480000, 0x0000000100000000)
  eden space 340480K, 45% used [0x00000000d5580000,0x00000000dedd68c0,0x00000000ea200000)
  from space 76800K, 20% used [0x00000000ef380000,0x00000000f02a9830,0x00000000f3e80000)
  to   space 83456K, 0% used [0x00000000ea200000,0x00000000ea200000,0x00000000ef380000)
 ParOldGen       total 307712K, used 208847K [0x0000000080000000, 0x0000000092c80000, 0x00000000d5580000)
  object space 307712K, 67% used [0x0000000080000000,0x000000008cbf3ef0,0x0000000092c80000)
 Metaspace       used 151995K, capacity 157614K, committed 157848K, reserved 1185792K
  class space    used 19695K, capacity 20811K, committed 20904K, reserved 1048576K

Card table byte_map: [0x0000000011af0000,0x0000000011f00000] byte_map_base: 0x00000000116f0000

Marking Bits: (ParMarkBitMap*) 0x000000007447f030
 Begin Bits: [0x00000000125b0000, 0x00000000145b0000)
 End Bits:   [0x00000000145b0000, 0x00000000165b0000)

Polling page: 0x00000000003f0000

CodeCache: size=245760Kb used=56136Kb max_used=56136Kb free=189623Kb
 bounds [0x0000000002730000, 0x0000000005e50000, 0x0000000011730000]
 total_blobs=18998 nmethods=17999 adapters=912
 compilation: enabled

Compilation events (10 events):
Event: 634.704 Thread 0x0000000017363800 21987       3       com.sun.tools.javac.code.Scope::enter (145 bytes)
Event: 634.705 Thread 0x0000000017363800 nmethod 21987 0x0000000005e3c390 code [0x0000000005e3c5a0, 0x0000000005e3d148]
Event: 634.705 Thread 0x0000000017357800 21988       4       com.sun.tools.javac.util.Name$Table::hashValue (36 bytes)
Event: 634.705 Thread 0x0000000017363800 21989       3       com.sun.tools.javac.util.ListBuffer::append (66 bytes)
Event: 634.706 Thread 0x0000000017363800 nmethod 21989 0x0000000005e3d710 code [0x0000000005e3d8a0, 0x0000000005e3de48]
Event: 634.706 Thread 0x0000000017363800 21991       3       com.sun.tools.javac.jvm.ClassReader::nextInt (93 bytes)
Event: 634.707 Thread 0x0000000017363800 nmethod 21991 0x0000000005e3e0d0 code [0x0000000005e3e240, 0x0000000005e3e450]
Event: 634.707 Thread 0x0000000017363800 21990       3       com.sun.tools.javac.code.Type::<init> (10 bytes)
Event: 634.707 Thread 0x0000000017363800 nmethod 21990 0x0000000005e3e590 code [0x0000000005e3e700, 0x0000000005e3e930]
Event: 634.707 Thread 0x0000000017363800 21992   !   3       com.sun.tools.javac.jvm.ClassReader::classSigToType (498 bytes)

GC Heap History (10 events):
Event: 76.589 GC heap before
{Heap before GC invocations=21 (full 4):
 PSYoungGen      total 340992K, used 340977K [0x00000000d5580000, 0x00000000ee900000, 0x0000000100000000)
  eden space 298496K, 100% used [0x00000000d5580000,0x00000000e7900000,0x00000000e7900000)
  from space 42496K, 99% used [0x00000000ead00000,0x00000000ed67c468,0x00000000ed680000)
  to   space 53248K, 0% used [0x00000000e7900000,0x00000000e7900000,0x00000000ead00000)
 ParOldGen       total 187392K, used 89011K [0x0000000080000000, 0x000000008b700000, 0x00000000d5580000)
  object space 187392K, 47% used [0x0000000080000000,0x00000000856ecf30,0x000000008b700000)
 Metaspace       used 134697K, capacity 139198K, committed 139288K, reserved 1169408K
  class space    used 17515K, capacity 18445K, committed 18472K, reserved 1048576K
Event: 76.800 GC heap after
Heap after GC invocations=21 (full 4):
 PSYoungGen      total 351744K, used 53217K [0x00000000d5580000, 0x00000000f3e80000, 0x0000000100000000)
  eden space 298496K, 0% used [0x00000000d5580000,0x00000000d5580000,0x00000000e7900000)
  from space 53248K, 99% used [0x00000000e7900000,0x00000000eacf8440,0x00000000ead00000)
  to   space 76800K, 0% used [0x00000000ef380000,0x00000000ef380000,0x00000000f3e80000)
 ParOldGen       total 187392K, used 127678K [0x0000000080000000, 0x000000008b700000, 0x00000000d5580000)
  object space 187392K, 68% used [0x0000000080000000,0x0000000087cafa48,0x000000008b700000)
 Metaspace       used 134697K, capacity 139198K, committed 139288K, reserved 1169408K
  class space    used 17515K, capacity 18445K, committed 18472K, reserved 1048576K
}
Event: 82.070 GC heap before
{Heap before GC invocations=22 (full 4):
 PSYoungGen      total 351744K, used 351713K [0x00000000d5580000, 0x00000000f3e80000, 0x0000000100000000)
  eden space 298496K, 100% used [0x00000000d5580000,0x00000000e7900000,0x00000000e7900000)
  from space 53248K, 99% used [0x00000000e7900000,0x00000000eacf8440,0x00000000ead00000)
  to   space 76800K, 0% used [0x00000000ef380000,0x00000000ef380000,0x00000000f3e80000)
 ParOldGen       total 187392K, used 127678K [0x0000000080000000, 0x000000008b700000, 0x00000000d5580000)
  object space 187392K, 68% used [0x0000000080000000,0x0000000087cafa48,0x000000008b700000)
 Metaspace       used 137078K, capacity 141830K, committed 141976K, reserved 1173504K
  class space    used 17832K, capacity 18791K, committed 18856K, reserved 1048576K
Event: 82.264 GC heap after
Heap after GC invocations=22 (full 4):
 PSYoungGen      total 417280K, used 58550K [0x00000000d5580000, 0x00000000f5480000, 0x0000000100000000)
  eden space 340480K, 0% used [0x00000000d5580000,0x00000000d5580000,0x00000000ea200000)
  from space 76800K, 76% used [0x00000000ef380000,0x00000000f2cadb40,0x00000000f3e80000)
  to   space 83456K, 0% used [0x00000000ea200000,0x00000000ea200000,0x00000000ef380000)
 ParOldGen       total 187392K, used 162619K [0x0000000080000000, 0x000000008b700000, 0x00000000d5580000)
  object space 187392K, 86% used [0x0000000080000000,0x0000000089ececb0,0x000000008b700000)
 Metaspace       used 137078K, capacity 141830K, committed 141976K, reserved 1173504K
  class space    used 17832K, capacity 18791K, committed 18856K, reserved 1048576K
}
Event: 82.264 GC heap before
{Heap before GC invocations=23 (full 5):
 PSYoungGen      total 417280K, used 58550K [0x00000000d5580000, 0x00000000f5480000, 0x0000000100000000)
  eden space 340480K, 0% used [0x00000000d5580000,0x00000000d5580000,0x00000000ea200000)
  from space 76800K, 76% used [0x00000000ef380000,0x00000000f2cadb40,0x00000000f3e80000)
  to   space 83456K, 0% used [0x00000000ea200000,0x00000000ea200000,0x00000000ef380000)
 ParOldGen       total 187392K, used 162619K [0x0000000080000000, 0x000000008b700000, 0x00000000d5580000)
  object space 187392K, 86% used [0x0000000080000000,0x0000000089ececb0,0x000000008b700000)
 Metaspace       used 137078K, capacity 141830K, committed 141976K, reserved 1173504K
  class space    used 17832K, capacity 18791K, committed 18856K, reserved 1048576K
Event: 83.300 GC heap after
Heap after GC invocations=23 (full 5):
 PSYoungGen      total 417280K, used 0K [0x00000000d5580000, 0x00000000f5480000, 0x0000000100000000)
  eden space 340480K, 0% used [0x00000000d5580000,0x00000000d5580000,0x00000000ea200000)
  from space 76800K, 0% used [0x00000000ef380000,0x00000000ef380000,0x00000000f3e80000)
  to   space 83456K, 0% used [0x00000000ea200000,0x00000000ea200000,0x00000000ef380000)
 ParOldGen       total 307712K, used 159882K [0x0000000080000000, 0x0000000092c80000, 0x00000000d5580000)
  object space 307712K, 51% used [0x0000000080000000,0x0000000089c22b70,0x0000000092c80000)
 Metaspace       used 137071K, capacity 141806K, committed 141976K, reserved 1173504K
  class space    used 17830K, capacity 18787K, committed 18856K, reserved 1048576K
}
Event: 87.432 GC heap before
{Heap before GC invocations=24 (full 5):
 PSYoungGen      total 417280K, used 340480K [0x00000000d5580000, 0x00000000f5480000, 0x0000000100000000)
  eden space 340480K, 100% used [0x00000000d5580000,0x00000000ea200000,0x00000000ea200000)
  from space 76800K, 0% used [0x00000000ef380000,0x00000000ef380000,0x00000000f3e80000)
  to   space 83456K, 0% used [0x00000000ea200000,0x00000000ea200000,0x00000000ef380000)
 ParOldGen       total 307712K, used 159882K [0x0000000080000000, 0x0000000092c80000, 0x00000000d5580000)
  object space 307712K, 51% used [0x0000000080000000,0x0000000089c22b70,0x0000000092c80000)
 Metaspace       used 137348K, capacity 142138K, committed 142232K, reserved 1173504K
  class space    used 17854K, capacity 18821K, committed 18856K, reserved 1048576K
Event: 87.612 GC heap after
Heap after GC invocations=24 (full 5):
 PSYoungGen      total 423936K, used 83434K [0x00000000d5580000, 0x00000000f5480000, 0x0000000100000000)
  eden space 340480K, 0% used [0x00000000d5580000,0x00000000d5580000,0x00000000ea200000)
  from space 83456K, 99% used [0x00000000ea200000,0x00000000ef37a958,0x00000000ef380000)
  to   space 76800K, 0% used [0x00000000ef380000,0x00000000ef380000,0x00000000f3e80000)
 ParOldGen       total 307712K, used 175404K [0x0000000080000000, 0x0000000092c80000, 0x00000000d5580000)
  object space 307712K, 57% used [0x0000000080000000,0x000000008ab4b2b8,0x0000000092c80000)
 Metaspace       used 137348K, capacity 142138K, committed 142232K, reserved 1173504K
  class space    used 17854K, capacity 18821K, committed 18856K, reserved 1048576K
}
Event: 618.364 GC heap before
{Heap before GC invocations=25 (full 5):
 PSYoungGen      total 423936K, used 423914K [0x00000000d5580000, 0x00000000f5480000, 0x0000000100000000)
  eden space 340480K, 100% used [0x00000000d5580000,0x00000000ea200000,0x00000000ea200000)
  from space 83456K, 99% used [0x00000000ea200000,0x00000000ef37a958,0x00000000ef380000)
  to   space 76800K, 0% used [0x00000000ef380000,0x00000000ef380000,0x00000000f3e80000)
 ParOldGen       total 307712K, used 175404K [0x0000000080000000, 0x0000000092c80000, 0x00000000d5580000)
  object space 307712K, 57% used [0x0000000080000000,0x000000008ab4b2b8,0x0000000092c80000)
 Metaspace       used 144143K, capacity 149438K, committed 149656K, reserved 1179648K
  class space    used 18697K, capacity 19781K, committed 19880K, reserved 1048576K
Event: 618.528 GC heap after
Heap after GC invocations=25 (full 5):
 PSYoungGen      total 417280K, used 15526K [0x00000000d5580000, 0x00000000f5480000, 0x0000000100000000)
  eden space 340480K, 0% used [0x00000000d5580000,0x00000000d5580000,0x00000000ea200000)
  from space 76800K, 20% used [0x00000000ef380000,0x00000000f02a9830,0x00000000f3e80000)
  to   space 83456K, 0% used [0x00000000ea200000,0x00000000ea200000,0x00000000ef380000)
 ParOldGen       total 307712K, used 208847K [0x0000000080000000, 0x0000000092c80000, 0x00000000d5580000)
  object space 307712K, 67% used [0x0000000080000000,0x000000008cbf3ef0,0x0000000092c80000)
 Metaspace       used 144143K, capacity 149438K, committed 149656K, reserved 1179648K
  class space    used 18697K, capacity 19781K, committed 19880K, reserved 1048576K
}

Deoptimization events (10 events):
Event: 634.522 Thread 0x000000001e7e1000 Uncommon trap: reason=unstable_if action=reinterpret pc=0x00000000054ae0b8 method=com.sun.tools.javac.file.ZipFileIndex$Entry.compareTo(Lcom/sun/tools/javac/file/ZipFileIndex$Entry;)I @ 23
Event: 634.522 Thread 0x000000001e7e1000 Uncommon trap: reason=unstable_if action=reinterpret pc=0x00000000054ac724 method=com.sun.tools.javac.file.ZipFileIndex$Entry.compareTo(Lcom/sun/tools/javac/file/ZipFileIndex$Entry;)I @ 23
Event: 634.524 Thread 0x000000001e7e1000 Uncommon trap: reason=predicate action=maybe_recompile pc=0x00000000054af050 method=java.util.ComparableTimSort.binarySort([Ljava/lang/Object;III)V @ 37
Event: 634.545 Thread 0x000000001e7e1000 Uncommon trap: reason=array_check action=maybe_recompile pc=0x00000000054a6b00 method=java.util.ComparableTimSort.binarySort([Ljava/lang/Object;III)V @ 215
Event: 634.553 Thread 0x000000001e7e1000 Uncommon trap: reason=array_check action=maybe_recompile pc=0x00000000054a6b00 method=java.util.ComparableTimSort.binarySort([Ljava/lang/Object;III)V @ 215
Event: 634.554 Thread 0x000000001e7e1000 Uncommon trap: reason=predicate action=maybe_recompile pc=0x0000000005085140 method=java.util.Collections.indexedBinarySearch(Ljava/util/List;Ljava/lang/Object;)I @ 16
Event: 634.560 Thread 0x000000001e7e1000 Uncommon trap: reason=array_check action=maybe_recompile pc=0x0000000005e29f90 method=java.util.ComparableTimSort.binarySort([Ljava/lang/Object;III)V @ 193
Event: 634.562 Thread 0x000000001e7e1000 Uncommon trap: reason=array_check action=maybe_recompile pc=0x0000000005e2a040 method=java.util.ComparableTimSort.binarySort([Ljava/lang/Object;III)V @ 183
Event: 634.564 Thread 0x000000001e7e1000 Uncommon trap: reason=array_check action=maybe_recompile pc=0x0000000005e2a040 method=java.util.ComparableTimSort.binarySort([Ljava/lang/Object;III)V @ 183
Event: 634.574 Thread 0x000000001e7e1000 Uncommon trap: reason=array_check action=maybe_recompile pc=0x00000000054a6b78 method=java.util.ComparableTimSort.binarySort([Ljava/lang/Object;III)V @ 193

Classes redefined (0 events):
No events

Internal exceptions (10 events):
Event: 627.029 Thread 0x000000001e7e1000 Exception <a 'java/lang/NoSuchMethodError': <clinit>> (0x00000000dbfd4608) thrown at [C:\src\AOSP-openjdk-git\hotspot\src\share\vm\prims\jni.cpp, line 1615]
Event: 631.958 Thread 0x000000001e7e1000 Exception <a 'sun/nio/fs/WindowsException'> (0x00000000dc3d3640) thrown at [C:\src\AOSP-openjdk-git\hotspot\src\share\vm\prims\jni.cpp, line 710]
Event: 631.958 Thread 0x000000001e7e1000 Exception <a 'sun/nio/fs/WindowsException'> (0x00000000dc3d42d8) thrown at [C:\src\AOSP-openjdk-git\hotspot\src\share\vm\prims\jni.cpp, line 710]
Event: 631.963 Thread 0x000000001e7e1000 Exception <a 'sun/nio/fs/WindowsException'> (0x00000000dc3d4fe0) thrown at [C:\src\AOSP-openjdk-git\hotspot\src\share\vm\prims\jni.cpp, line 710]
Event: 631.968 Thread 0x000000001e7e1000 Exception <a 'sun/nio/fs/WindowsException'> (0x00000000dc3db528) thrown at [C:\src\AOSP-openjdk-git\hotspot\src\share\vm\prims\jni.cpp, line 710]
Event: 631.969 Thread 0x000000001e7e1000 Exception <a 'sun/nio/fs/WindowsException'> (0x00000000dc3dc208) thrown at [C:\src\AOSP-openjdk-git\hotspot\src\share\vm\prims\jni.cpp, line 710]
Event: 631.969 Thread 0x000000001e7e1000 Exception <a 'sun/nio/fs/WindowsException'> (0x00000000dc3dcf58) thrown at [C:\src\AOSP-openjdk-git\hotspot\src\share\vm\prims\jni.cpp, line 710]
Event: 631.970 Thread 0x000000001e7e1000 Exception <a 'sun/nio/fs/WindowsException'> (0x00000000dc3dedc8) thrown at [C:\src\AOSP-openjdk-git\hotspot\src\share\vm\prims\jni.cpp, line 710]
Event: 631.971 Thread 0x000000001e7e1000 Exception <a 'sun/nio/fs/WindowsException'> (0x00000000dc3dfab8) thrown at [C:\src\AOSP-openjdk-git\hotspot\src\share\vm\prims\jni.cpp, line 710]
Event: 631.971 Thread 0x000000001e7e1000 Exception <a 'sun/nio/fs/WindowsException'> (0x00000000dc3e0818) thrown at [C:\src\AOSP-openjdk-git\hotspot\src\share\vm\prims\jni.cpp, line 710]

Events (10 events):
Event: 634.695 loading class com/sun/tools/javac/jvm/ClassReader$AnnotationCompleter
Event: 634.695 loading class com/sun/tools/javac/jvm/ClassReader$AnnotationCompleter done
Event: 634.697 loading class com/sun/tools/javac/jvm/ClassReader$AnnotationDeproxy
Event: 634.697 loading class com/sun/tools/javac/jvm/ClassReader$AnnotationDeproxy done
Event: 634.697 loading class com/sun/tools/javac/jvm/ClassReader$ProxyVisitor
Event: 634.697 loading class com/sun/tools/javac/jvm/ClassReader$ProxyVisitor done
Event: 634.698 loading class com/sun/tools/javac/jvm/ClassReader$ParameterAnnotations
Event: 634.698 loading class com/sun/tools/javac/jvm/ClassReader$ParameterAnnotations done
Event: 634.702 loading class com/sun/tools/javac/code/Type$ArrayType$1
Event: 634.702 loading class com/sun/tools/javac/code/Type$ArrayType$1 done


Dynamic libraries:
0x00007ff708940000 - 0x00007ff708971000 	C:\Program Files\Android\Android Studio1\jre\bin\java.exe
0x00007fff82390000 - 0x00007fff82585000 	C:\WINDOWS\SYSTEM32\ntdll.dll
0x00007fff821e0000 - 0x00007fff8229d000 	C:\WINDOWS\System32\KERNEL32.DLL
0x00007fff7fe10000 - 0x00007fff800d7000 	C:\WINDOWS\System32\KERNELBASE.dll
0x00007fff80880000 - 0x00007fff8092a000 	C:\WINDOWS\System32\ADVAPI32.dll
0x00007fff80ac0000 - 0x00007fff80b5e000 	C:\WINDOWS\System32\msvcrt.dll
0x00007fff818e0000 - 0x00007fff8197b000 	C:\WINDOWS\System32\sechost.dll
0x00007fff80c30000 - 0x00007fff80d53000 	C:\WINDOWS\System32\RPCRT4.dll
0x00007fff806e0000 - 0x00007fff80880000 	C:\WINDOWS\System32\USER32.dll
0x00007fff7fb10000 - 0x00007fff7fb32000 	C:\WINDOWS\System32\win32u.dll
0x00007fff816f0000 - 0x00007fff8171a000 	C:\WINDOWS\System32\GDI32.dll
0x00007fff800e0000 - 0x00007fff801ea000 	C:\WINDOWS\System32\gdi32full.dll
0x00007fff7fb40000 - 0x00007fff7fbdd000 	C:\WINDOWS\System32\msvcp_win.dll
0x00007fff80300000 - 0x00007fff80400000 	C:\WINDOWS\System32\ucrtbase.dll
0x00007fff7eeb0000 - 0x00007fff7f14a000 	C:\WINDOWS\WinSxS\amd64_microsoft.windows.common-controls_6595b64144ccf1df_6.0.19041.1_none_b555e41d4684ddec\COMCTL32.dll
0x00007fff80d60000 - 0x00007fff80d90000 	C:\WINDOWS\System32\IMM32.DLL
0x0000000076010000 - 0x00000000760e2000 	C:\Program Files\Android\Android Studio1\jre\jre\bin\msvcr100.dll
0x0000000073cb0000 - 0x00000000744fb000 	C:\Program Files\Android\Android Studio1\jre\jre\bin\server\jvm.dll
0x00007fff81270000 - 0x00007fff81278000 	C:\WINDOWS\System32\PSAPI.DLL
0x00007fff6c3e0000 - 0x00007fff6c3e9000 	C:\WINDOWS\SYSTEM32\WSOCK32.dll
0x00007fff74760000 - 0x00007fff74787000 	C:\WINDOWS\SYSTEM32\WINMM.dll
0x00007fff80b60000 - 0x00007fff80bcb000 	C:\WINDOWS\System32\WS2_32.dll
0x00007fff76b60000 - 0x00007fff76b6a000 	C:\WINDOWS\SYSTEM32\VERSION.dll
0x00007fff77800000 - 0x00007fff7780f000 	C:\Program Files\Android\Android Studio1\jre\jre\bin\verify.dll
0x00007fff6f2c0000 - 0x00007fff6f2e9000 	C:\Program Files\Android\Android Studio1\jre\jre\bin\java.dll
0x00007fff6fbe0000 - 0x00007fff6fbf6000 	C:\Program Files\Android\Android Studio1\jre\jre\bin\zip.dll
0x00007fff81aa0000 - 0x00007fff821e0000 	C:\WINDOWS\System32\SHELL32.dll
0x00007fff7cf90000 - 0x00007fff7d721000 	C:\WINDOWS\SYSTEM32\windows.storage.dll
0x00007fff80d90000 - 0x00007fff810e3000 	C:\WINDOWS\System32\combase.dll
0x00007fff7ee10000 - 0x00007fff7ee3c000 	C:\WINDOWS\SYSTEM32\Wldp.dll
0x00007fff822a0000 - 0x00007fff8234e000 	C:\WINDOWS\System32\SHCORE.dll
0x00007fff810f0000 - 0x00007fff81145000 	C:\WINDOWS\System32\shlwapi.dll
0x00007fff7fa20000 - 0x00007fff7fa3f000 	C:\WINDOWS\SYSTEM32\profapi.dll
0x00007fff6f4e0000 - 0x00007fff6f4fa000 	C:\Program Files\Android\Android Studio1\jre\jre\bin\net.dll
0x00007fff7eb90000 - 0x00007fff7ebfa000 	C:\WINDOWS\system32\mswsock.dll
0x00007fff6f330000 - 0x00007fff6f343000 	C:\Program Files\Android\Android Studio1\jre\jre\bin\nio.dll
0x00007fff687a0000 - 0x00007fff687c6000 	C:\Users\Instaimpresso2019\.gradle\native\31\windows-amd64\native-platform.dll
0x00007fff774e0000 - 0x00007fff774ed000 	C:\Program Files\Android\Android Studio1\jre\jre\bin\management.dll
0x00007fff7f6d0000 - 0x00007fff7f6e8000 	C:\WINDOWS\SYSTEM32\CRYPTSP.dll
0x00007fff7e540000 - 0x00007fff7e574000 	C:\WINDOWS\system32\rsaenh.dll
0x00007fff7fae0000 - 0x00007fff7fb07000 	C:\WINDOWS\System32\bcrypt.dll
0x00007fff7f9a0000 - 0x00007fff7f9ce000 	C:\WINDOWS\SYSTEM32\USERENV.dll
0x00007fff7fbe0000 - 0x00007fff7fc5f000 	C:\WINDOWS\System32\bcryptprimitives.dll
0x00007fff7ed60000 - 0x00007fff7ed6c000 	C:\WINDOWS\SYSTEM32\CRYPTBASE.dll
0x00007fff7e880000 - 0x00007fff7e8bb000 	C:\WINDOWS\SYSTEM32\IPHLPAPI.DLL
0x00007fff81160000 - 0x00007fff81169000 	C:\WINDOWS\System32\NSI.dll
0x00007fff773c0000 - 0x00007fff773d7000 	C:\WINDOWS\SYSTEM32\dhcpcsvc6.DLL
0x00007fff77190000 - 0x00007fff771ad000 	C:\WINDOWS\SYSTEM32\dhcpcsvc.DLL
0x00007fff7e8c0000 - 0x00007fff7e98a000 	C:\WINDOWS\SYSTEM32\DNSAPI.dll
0x00007fff68940000 - 0x00007fff68964000 	C:\Program Files\Android\Android Studio1\jre\jre\bin\sunec.dll
0x00007fff76130000 - 0x00007fff7613b000 	C:\Program Files\Android\Android Studio1\jre\jre\bin\sunmscapi.dll
0x00007fff7fcb0000 - 0x00007fff7fe0d000 	C:\WINDOWS\System32\CRYPT32.dll
0x00007fff74750000 - 0x00007fff7475a000 	C:\Windows\System32\rasadhlp.dll
0x00007fff72950000 - 0x00007fff729cf000 	C:\WINDOWS\System32\fwpuclnt.dll

VM Arguments:
jvm_args: -Xmx2048m -Dfile.encoding=windows-1252 -Duser.country=BR -Duser.language=pt -Duser.variant 
java_command: org.gradle.launcher.daemon.bootstrap.GradleDaemon 6.1.1
java_class_path (initial): C:\Users\Instaimpresso2019\.gradle\wrapper\dists\gradle-6.1.1-all\cfmwm155h49vnt3hynmlrsdst\gradle-6.1.1\lib\gradle-launcher-6.1.1.jar
Launcher Type: SUN_STANDARD

Environment Variables:
PATH=C:\Program Files (x86)\Common Files\Oracle\Java\javapath;C:\WINDOWS\system32;C:\WINDOWS;C:\WINDOWS\System32\Wbem;C:\WINDOWS\System32\WindowsPowerShell\v1.0\;C:\WINDOWS\System32\OpenSSH\;C:\xampp\php;C:\composer;C:\Program Files\PuTTY\;C:\Users\Instaimpresso2019\AppData\Local\Microsoft\WindowsApps;C:\Users\Instaimpresso2019\AppData\Roaming\Composer\vendor\bin;C:\Users\Instaimpresso2019\AppData\Local\GitHubDesktop\bin;%USERPROFILE%\AppData\Local\Microsoft\WindowsApps;
USERNAME=Instaimpresso2019
OS=Windows_NT
PROCESSOR_IDENTIFIER=AMD64 Family 21 Model 101 Stepping 1, AuthenticAMD



---------------  S Y S T E M  ---------------

OS: Windows 10.0 , 64 bit Build 19041 (10.0.19041.292)

CPU:total 4 (initial active 4) (4 cores per cpu, 1 threads per core) family 21 model 101 stepping 1, cmov, cx8, fxsr, mmx, sse, sse2, sse3, ssse3, sse4.1, sse4.2, popcnt, avx, avx2, aes, clmul, mmxext, 3dnowpref, lzcnt, sse4a, tsc, tscinvbit, tscinv, bmi1

Memory: 4k page, physical 7820660k(600340k free), swap 9868660k(5492k free)

vm_info: OpenJDK 64-Bit Server VM (25.242-b01) for windows-amd64 JRE (1.8.0_242-release-1644-b01), built by "builder" with MS VC++ 10.0 (VS2010)

time: Sat Sep 05 00:08:04 2020
timezone: Hora oficial do Brasil
elapsed time: 634 seconds (0d 0h 10m 34s)

