#
# There is insufficient memory for the Java Runtime Environment to continue.
# Native memory allocation (malloc) failed to allocate 1086016 bytes for Chunk::new
# Possible reasons:
#   The system is out of physical RAM or swap space
#   The process is running with CompressedOops enabled, and the Java Heap may be blocking the growth of the native heap
# Possible solutions:
#   Reduce memory load on the system
#   Increase physical memory or swap space
#   Check if swap backing store is full
#   Decrease Java heap size (-Xmx/-Xms)
#   Decrease number of Java threads
#   Decrease Java thread stack sizes (-Xss)
#   Set larger code cache with -XX:ReservedCodeCacheSize=
#   JVM is running with Unscaled Compressed Oops mode in which the Java heap is
#     placed in the first 4GB address space. The Java Heap base address is the
#     maximum limit for the native heap growth. Please use -XX:HeapBaseMinAddress
#     to set the Java Heap base and to place the Java Heap above 4GB virtual address.
# This output file may be truncated or incomplete.
#
#  Out of Memory Error (allocation.cpp:389), pid=11296, tid=0x0000000000001efc
#
# JRE version: OpenJDK Runtime Environment (8.0_242-b01) (build 1.8.0_242-release-1644-b01)
# Java VM: OpenJDK 64-Bit Server VM (25.242-b01 mixed mode windows-amd64 compressed oops)
# Failed to write core dump. Minidumps are not enabled by default on client versions of Windows
#

---------------  T H R E A D  ---------------

Current thread (0x00000000179c9000):  JavaThread "C2 CompilerThread1" daemon [_thread_in_native, id=7932, stack(0x0000000019120000,0x0000000019220000)]

Stack: [0x0000000019120000,0x0000000019220000]
[error occurred during error reporting (printing stack bounds), id 0xc0000005]

Native frames: (J=compiled Java code, j=interpreted, Vv=VM code, C=native code)


Current CompileTask:
C2:  37729 5468       4       java.net.URLClassLoader$1::run (5 bytes)


---------------  P R O C E S S  ---------------

Java Threads: ( => current thread )
  0x000000001f3aa000 JavaThread "Cache worker for file content cache (C:\Users\Instaimpresso2019\AndroidStudioProjects\Sorteio\.gradle\6.1.1\fileContent)" [_thread_blocked, id=11196, stack(0x0000000023b30000,0x0000000023c30000)]
  0x000000001f3a9000 JavaThread "Cache worker for file content cache (C:\Users\Instaimpresso2019\.gradle\caches\6.1.1\fileContent)" [_thread_blocked, id=2024, stack(0x0000000023a30000,0x0000000023b30000)]
  0x000000001f3a7800 JavaThread "Memory manager" [_thread_blocked, id=5492, stack(0x0000000023930000,0x0000000023a30000)]
  0x000000001f39d000 JavaThread "Cache worker for Build Output Cleanup Cache (C:\Users\Instaimpresso2019\AndroidStudioProjects\Sorteio\.gradle\buildOutputCleanup)" [_thread_blocked, id=3852, stack(0x0000000022a30000,0x0000000022b30000)]
  0x000000001f3a4000 JavaThread "Build operations Thread 4" [_thread_blocked, id=11648, stack(0x0000000022330000,0x0000000022430000)]
  0x000000001f3a1800 JavaThread "Build operations Thread 3" [_thread_blocked, id=8188, stack(0x0000000022230000,0x0000000022330000)]
  0x000000001f39d800 JavaThread "Build operations Thread 2" [_thread_blocked, id=2780, stack(0x0000000022130000,0x0000000022230000)]
  0x000000001f39c000 JavaThread "Build operations" [_thread_blocked, id=1728, stack(0x0000000020600000,0x0000000020700000)]
  0x000000001ada6800 JavaThread "Cache worker for execution history cache (C:\Users\Instaimpresso2019\.gradle\caches\6.1.1\executionHistory)" [_thread_blocked, id=8040, stack(0x0000000020300000,0x0000000020400000)]
  0x000000001ada5800 JavaThread "Cache worker for cache directory md-rule (C:\Users\Instaimpresso2019\.gradle\caches\6.1.1\md-rule)" [_thread_blocked, id=2592, stack(0x0000000020200000,0x0000000020300000)]
  0x000000001ada3800 JavaThread "Cache worker for cache directory md-supplier (C:\Users\Instaimpresso2019\.gradle\caches\6.1.1\md-supplier)" [_thread_blocked, id=5084, stack(0x0000000020100000,0x0000000020200000)]
  0x000000001ada2800 JavaThread "File lock release action executor" [_thread_blocked, id=4724, stack(0x000000001fe00000,0x000000001ff00000)]
  0x000000001ada2000 JavaThread "Cache worker for file hash cache (C:\Users\Instaimpresso2019\AndroidStudioProjects\Sorteio\.gradle\6.1.1\fileHashes)" [_thread_blocked, id=5392, stack(0x000000001fb00000,0x000000001fc00000)]
  0x000000001ada1000 JavaThread "Cache worker for checksums cache (C:\Users\Instaimpresso2019\AndroidStudioProjects\Sorteio\.gradle\checksums)" [_thread_blocked, id=11444, stack(0x000000001fa00000,0x000000001fb00000)]
  0x000000001ada4000 JavaThread "Cache worker for file hash cache (C:\Users\Instaimpresso2019\.gradle\caches\6.1.1\fileHashes)" [_thread_blocked, id=6928, stack(0x000000001e730000,0x000000001e830000)]
  0x000000001ada5000 JavaThread "File lock request listener" [_thread_in_native, id=9256, stack(0x000000001d660000,0x000000001d760000)]
  0x000000001ad8e800 JavaThread "Cache worker for journal cache (C:\Users\Instaimpresso2019\.gradle\caches\journal-1)" [_thread_blocked, id=1492, stack(0x000000001d560000,0x000000001d660000)]
  0x000000001a556800 JavaThread "Thread-9" [_thread_blocked, id=7668, stack(0x000000001d260000,0x000000001d360000)]
  0x000000001a555800 JavaThread "Stdin handler" [_thread_blocked, id=2484, stack(0x000000001d160000,0x000000001d260000)]
  0x000000001a554000 JavaThread "Asynchronous log dispatcher for DefaultDaemonConnection: socket connection from /127.0.0.1:53518 to /127.0.0.1:53519" [_thread_blocked, id=10924, stack(0x000000001d060000,0x000000001d160000)]
  0x0000000019e84800 JavaThread "Daemon worker" [_thread_in_vm, id=816, stack(0x000000001cf60000,0x000000001d060000)]
  0x0000000019e83800 JavaThread "Cancel handler" [_thread_blocked, id=11284, stack(0x000000001ce60000,0x000000001cf60000)]
  0x000000001aafa800 JavaThread "Handler for socket connection from /127.0.0.1:53518 to /127.0.0.1:53519" [_thread_in_native, id=12224, stack(0x000000001cb60000,0x000000001cc60000)]
  0x000000001aa75000 JavaThread "Daemon" [_thread_blocked, id=2100, stack(0x000000001ca60000,0x000000001cb60000)]
  0x000000001aa74800 JavaThread "Daemon periodic checks" [_thread_blocked, id=6552, stack(0x000000001c960000,0x000000001ca60000)]
  0x000000001a4f2800 JavaThread "Incoming local TCP Connector on port 53518" [_thread_in_native, id=11020, stack(0x000000001c700000,0x000000001c800000)]
  0x00000000196b3800 JavaThread "Daemon health stats" [_thread_blocked, id=6864, stack(0x000000001c0c0000,0x000000001c1c0000)]
  0x0000000019350800 JavaThread "Service Thread" daemon [_thread_blocked, id=2632, stack(0x0000000019720000,0x0000000019820000)]
  0x00000000179d8000 JavaThread "C1 CompilerThread2" daemon [_thread_blocked, id=6300, stack(0x0000000019220000,0x0000000019320000)]
=>0x00000000179c9000 JavaThread "C2 CompilerThread1" daemon [_thread_in_native, id=7932, stack(0x0000000019120000,0x0000000019220000)]
  0x00000000179c5800 JavaThread "C2 CompilerThread0" daemon [_thread_in_native, id=5680, stack(0x0000000019020000,0x0000000019120000)]
  0x00000000179c4000 JavaThread "Attach Listener" daemon [_thread_blocked, id=3768, stack(0x0000000018f20000,0x0000000019020000)]
  0x00000000179c3000 JavaThread "Signal Dispatcher" daemon [_thread_blocked, id=2516, stack(0x0000000018e20000,0x0000000018f20000)]
  0x0000000002d9b000 JavaThread "Finalizer" daemon [_thread_blocked, id=11892, stack(0x0000000018c10000,0x0000000018d10000)]
  0x00000000179a9000 JavaThread "Reference Handler" daemon [_thread_blocked, id=5240, stack(0x0000000018b10000,0x0000000018c10000)]
  0x00000000011ee000 JavaThread "main" [_thread_blocked, id=11120, stack(0x0000000002ba0000,0x0000000002ca0000)]

Other Threads:
  0x0000000017986000 VMThread [stack: 0x0000000018a10000,0x0000000018b10000] [id=8080]
  0x0000000017a1d800 WatcherThread [stack: 0x0000000019820000,0x0000000019920000] [id=6660]

VM state:not at safepoint (normal execution)

VM Mutex/Monitor currently owned by a thread: None

heap address: 0x0000000080000000, size: 2048 MB, Compressed Oops mode: 32-bit
Narrow klass base: 0x0000000000000000, Narrow klass shift: 3
Compressed class space size: 1073741824 Address: 0x0000000100000000

Heap:
 PSYoungGen      total 295936K, used 22451K [0x00000000d5580000, 0x00000000e9280000, 0x0000000100000000)
  eden space 275456K, 8% used [0x00000000d5580000,0x00000000d6b6cf18,0x00000000e6280000)
  from space 20480K, 0% used [0x00000000e7980000,0x00000000e7980000,0x00000000e8d80000)
  to   space 23552K, 0% used [0x00000000e6280000,0x00000000e6280000,0x00000000e7980000)
 ParOldGen       total 116224K, used 33139K [0x0000000080000000, 0x0000000087180000, 0x00000000d5580000)
  object space 116224K, 28% used [0x0000000080000000,0x000000008205cc80,0x0000000087180000)
 Metaspace       used 57854K, capacity 59872K, committed 60056K, reserved 1101824K
  class space    used 7869K, capacity 8353K, committed 8368K, reserved 1048576K

Card table byte_map: [0x0000000012160000,0x0000000012570000] byte_map_base: 0x0000000011d60000

Marking Bits: (ParMarkBitMap*) 0x000000007447f030
 Begin Bits: [0x0000000012c20000, 0x0000000014c20000)
 End Bits:   [0x0000000014c20000, 0x0000000016c20000)

Polling page: 0x0000000000e70000

CodeCache: size=245760Kb used=16829Kb max_used=17487Kb free=228930Kb
 bounds [0x0000000002da0000, 0x0000000003ed0000, 0x0000000011da0000]
 total_blobs=5692 nmethods=4893 adapters=712
 compilation: enabled

Compilation events (10 events):
Event: 37.402 Thread 0x00000000179d8000 nmethod 5467 0x0000000002ec46d0 code [0x0000000002ec4840, 0x0000000002ec4b10]
Event: 37.492 Thread 0x00000000179c9000 5468       4       java.net.URLClassLoader$1::run (5 bytes)
Event: 37.525 Thread 0x00000000179d8000 5471       3       java.util.logging.LogManager$LoggerContext::requiresDefaultLoggers (29 bytes)
Event: 37.526 Thread 0x00000000179d8000 nmethod 5471 0x0000000002f4ecd0 code [0x0000000002f4ee40, 0x0000000002f4f268]
Event: 37.526 Thread 0x00000000179d8000 5472       3       java.util.logging.LogManager::access$100 (4 bytes)
Event: 37.526 Thread 0x00000000179d8000 nmethod 5472 0x0000000003109190 code [0x00000000031092e0, 0x0000000003109410]
Event: 37.556 Thread 0x00000000179d8000 5473  s    3       java.util.Hashtable::containsKey (65 bytes)
Event: 37.557 Thread 0x00000000179d8000 nmethod 5473 0x0000000002f0fe90 code [0x0000000002f10020, 0x0000000002f10658]
Event: 37.714 Thread 0x00000000179d8000 5474   !   3       java.lang.Class::desiredAssertionStatus (54 bytes)
Event: 37.716 Thread 0x00000000179d8000 nmethod 5474 0x0000000003491ad0 code [0x0000000003491d00, 0x0000000003492c98]

GC Heap History (10 events):
Event: 19.996 GC heap before
{Heap before GC invocations=9 (full 1):
 PSYoungGen      total 134144K, used 70140K [0x00000000d5580000, 0x00000000e4380000, 0x0000000100000000)
  eden space 122880K, 47% used [0x00000000d5580000,0x00000000d8f04360,0x00000000dcd80000)
  from space 11264K, 99% used [0x00000000dcd80000,0x00000000dd87af68,0x00000000dd880000)
  to   space 13824K, 0% used [0x00000000e3600000,0x00000000e3600000,0x00000000e4380000)
 ParOldGen       total 51712K, used 9899K [0x0000000080000000, 0x0000000083280000, 0x00000000d5580000)
  object space 51712K, 19% used [0x0000000080000000,0x00000000809aad80,0x0000000083280000)
 Metaspace       used 34481K, capacity 35386K, committed 35496K, reserved 1079296K
  class space    used 4725K, capacity 4970K, committed 5040K, reserved 1048576K
Event: 20.018 GC heap after
Heap after GC invocations=9 (full 1):
 PSYoungGen      total 224768K, used 9567K [0x00000000d5580000, 0x00000000e4180000, 0x0000000100000000)
  eden space 212992K, 0% used [0x00000000d5580000,0x00000000d5580000,0x00000000e2580000)
  from space 11776K, 81% used [0x00000000e3600000,0x00000000e3f57dd0,0x00000000e4180000)
  to   space 14336K, 0% used [0x00000000e2580000,0x00000000e2580000,0x00000000e3380000)
 ParOldGen       total 51712K, used 9907K [0x0000000080000000, 0x0000000083280000, 0x00000000d5580000)
  object space 51712K, 19% used [0x0000000080000000,0x00000000809acd80,0x0000000083280000)
 Metaspace       used 34481K, capacity 35386K, committed 35496K, reserved 1079296K
  class space    used 4725K, capacity 4970K, committed 5040K, reserved 1048576K
}
Event: 20.018 GC heap before
{Heap before GC invocations=10 (full 2):
 PSYoungGen      total 224768K, used 9567K [0x00000000d5580000, 0x00000000e4180000, 0x0000000100000000)
  eden space 212992K, 0% used [0x00000000d5580000,0x00000000d5580000,0x00000000e2580000)
  from space 11776K, 81% used [0x00000000e3600000,0x00000000e3f57dd0,0x00000000e4180000)
  to   space 14336K, 0% used [0x00000000e2580000,0x00000000e2580000,0x00000000e3380000)
 ParOldGen       total 51712K, used 9907K [0x0000000080000000, 0x0000000083280000, 0x00000000d5580000)
  object space 51712K, 19% used [0x0000000080000000,0x00000000809acd80,0x0000000083280000)
 Metaspace       used 34481K, capacity 35386K, committed 35496K, reserved 1079296K
  class space    used 4725K, capacity 4970K, committed 5040K, reserved 1048576K
Event: 20.184 GC heap after
Heap after GC invocations=10 (full 2):
 PSYoungGen      total 224768K, used 0K [0x00000000d5580000, 0x00000000e4180000, 0x0000000100000000)
  eden space 212992K, 0% used [0x00000000d5580000,0x00000000d5580000,0x00000000e2580000)
  from space 11776K, 0% used [0x00000000e3600000,0x00000000e3600000,0x00000000e4180000)
  to   space 14336K, 0% used [0x00000000e2580000,0x00000000e2580000,0x00000000e3380000)
 ParOldGen       total 77312K, used 16096K [0x0000000080000000, 0x0000000084b80000, 0x00000000d5580000)
  object space 77312K, 20% used [0x0000000080000000,0x0000000080fb8388,0x0000000084b80000)
 Metaspace       used 34481K, capacity 35386K, committed 35496K, reserved 1079296K
  class space    used 4725K, capacity 4970K, committed 5040K, reserved 1048576K
}
Event: 32.450 GC heap before
{Heap before GC invocations=11 (full 2):
 PSYoungGen      total 224768K, used 212992K [0x00000000d5580000, 0x00000000e4180000, 0x0000000100000000)
  eden space 212992K, 100% used [0x00000000d5580000,0x00000000e2580000,0x00000000e2580000)
  from space 11776K, 0% used [0x00000000e3600000,0x00000000e3600000,0x00000000e4180000)
  to   space 14336K, 0% used [0x00000000e2580000,0x00000000e2580000,0x00000000e3380000)
 ParOldGen       total 77312K, used 16096K [0x0000000080000000, 0x0000000084b80000, 0x00000000d5580000)
  object space 77312K, 20% used [0x0000000080000000,0x0000000080fb8388,0x0000000084b80000)
 Metaspace       used 51555K, capacity 53252K, committed 53416K, reserved 1095680K
  class space    used 6851K, capacity 7225K, committed 7344K, reserved 1048576K
Event: 32.559 GC heap after
Heap after GC invocations=11 (full 2):
 PSYoungGen      total 227328K, used 14331K [0x00000000d5580000, 0x00000000e8d80000, 0x0000000100000000)
  eden space 212992K, 0% used [0x00000000d5580000,0x00000000d5580000,0x00000000e2580000)
  from space 14336K, 99% used [0x00000000e2580000,0x00000000e337ec68,0x00000000e3380000)
  to   space 20480K, 0% used [0x00000000e7980000,0x00000000e7980000,0x00000000e8d80000)
 ParOldGen       total 77312K, used 27048K [0x0000000080000000, 0x0000000084b80000, 0x00000000d5580000)
  object space 77312K, 34% used [0x0000000080000000,0x0000000081a6a3e0,0x0000000084b80000)
 Metaspace       used 51555K, capacity 53252K, committed 53416K, reserved 1095680K
  class space    used 6851K, capacity 7225K, committed 7344K, reserved 1048576K
}
Event: 36.917 GC heap before
{Heap before GC invocations=12 (full 2):
 PSYoungGen      total 227328K, used 77604K [0x00000000d5580000, 0x00000000e8d80000, 0x0000000100000000)
  eden space 212992K, 29% used [0x00000000d5580000,0x00000000d934a778,0x00000000e2580000)
  from space 14336K, 99% used [0x00000000e2580000,0x00000000e337ec68,0x00000000e3380000)
  to   space 20480K, 0% used [0x00000000e7980000,0x00000000e7980000,0x00000000e8d80000)
 ParOldGen       total 77312K, used 27048K [0x0000000080000000, 0x0000000084b80000, 0x00000000d5580000)
  object space 77312K, 34% used [0x0000000080000000,0x0000000081a6a3e0,0x0000000084b80000)
 Metaspace       used 57019K, capacity 59128K, committed 59160K, reserved 1099776K
  class space    used 7720K, capacity 8229K, committed 8240K, reserved 1048576K
Event: 36.971 GC heap after
Heap after GC invocations=12 (full 2):
 PSYoungGen      total 295936K, used 20453K [0x00000000d5580000, 0x00000000e9280000, 0x0000000100000000)
  eden space 275456K, 0% used [0x00000000d5580000,0x00000000d5580000,0x00000000e6280000)
  from space 20480K, 99% used [0x00000000e7980000,0x00000000e8d79498,0x00000000e8d80000)
  to   space 23552K, 0% used [0x00000000e6280000,0x00000000e6280000,0x00000000e7980000)
 ParOldGen       total 77312K, used 27379K [0x0000000080000000, 0x0000000084b80000, 0x00000000d5580000)
  object space 77312K, 35% used [0x0000000080000000,0x0000000081abcec0,0x0000000084b80000)
 Metaspace       used 57019K, capacity 59128K, committed 59160K, reserved 1099776K
  class space    used 7720K, capacity 8229K, committed 8240K, reserved 1048576K
}
Event: 36.971 GC heap before
{Heap before GC invocations=13 (full 3):
 PSYoungGen      total 295936K, used 20453K [0x00000000d5580000, 0x00000000e9280000, 0x0000000100000000)
  eden space 275456K, 0% used [0x00000000d5580000,0x00000000d5580000,0x00000000e6280000)
  from space 20480K, 99% used [0x00000000e7980000,0x00000000e8d79498,0x00000000e8d80000)
  to   space 23552K, 0% used [0x00000000e6280000,0x00000000e6280000,0x00000000e7980000)
 ParOldGen       total 77312K, used 27379K [0x0000000080000000, 0x0000000084b80000, 0x00000000d5580000)
  object space 77312K, 35% used [0x0000000080000000,0x0000000081abcec0,0x0000000084b80000)
 Metaspace       used 57019K, capacity 59128K, committed 59160K, reserved 1099776K
  class space    used 7720K, capacity 8229K, committed 8240K, reserved 1048576K
Event: 37.310 GC heap after
Heap after GC invocations=13 (full 3):
 PSYoungGen      total 295936K, used 0K [0x00000000d5580000, 0x00000000e9280000, 0x0000000100000000)
  eden space 275456K, 0% used [0x00000000d5580000,0x00000000d5580000,0x00000000e6280000)
  from space 20480K, 0% used [0x00000000e7980000,0x00000000e7980000,0x00000000e8d80000)
  to   space 23552K, 0% used [0x00000000e6280000,0x00000000e6280000,0x00000000e7980000)
 ParOldGen       total 116224K, used 33139K [0x0000000080000000, 0x0000000087180000, 0x00000000d5580000)
  object space 116224K, 28% used [0x0000000080000000,0x000000008205cc80,0x0000000087180000)
 Metaspace       used 57009K, capacity 59092K, committed 59160K, reserved 1099776K
  class space    used 7717K, capacity 8223K, committed 8240K, reserved 1048576K
}

Deoptimization events (10 events):
Event: 36.525 Thread 0x0000000019e84800 Uncommon trap: reason=unstable_if action=reinterpret pc=0x00000000030ea978 method=sun.nio.fs.WindowsPathParser.isSlash(C)Z @ 9
Event: 36.582 Thread 0x0000000019e84800 Uncommon trap: reason=unstable_if action=reinterpret pc=0x00000000037c4ac0 method=com.esotericsoftware.kryo.io.Input.require(I)I @ 65
Event: 36.713 Thread 0x0000000019e84800 Uncommon trap: reason=unstable_if action=reinterpret pc=0x00000000030f355c method=java.util.HashMap.resize()[Ljava/util/HashMap$Node; @ 206
Event: 36.713 Thread 0x0000000019e84800 Uncommon trap: reason=unstable_if action=reinterpret pc=0x0000000003393468 method=java.util.HashMap.putVal(ILjava/lang/Object;Ljava/lang/Object;ZZ)Ljava/lang/Object; @ 109
Event: 36.713 Thread 0x0000000019e84800 Uncommon trap: reason=unstable_if action=reinterpret pc=0x00000000030c048c method=java.util.HashMap.putVal(ILjava/lang/Object;Ljava/lang/Object;ZZ)Ljava/lang/Object; @ 109
Event: 36.787 Thread 0x0000000019e84800 Uncommon trap: reason=predicate action=maybe_recompile pc=0x0000000003eb4698 method=java.util.AbstractCollection.toArray([Ljava/lang/Object;)[Ljava/lang/Object; @ 49
Event: 37.447 Thread 0x0000000019e84800 Uncommon trap: reason=bimorphic action=maybe_recompile pc=0x0000000003b40ec0 method=java.util.regex.Pattern$5.isSatisfiedBy(I)Z @ 16
Event: 37.447 Thread 0x0000000019e84800 Uncommon trap: reason=bimorphic action=maybe_recompile pc=0x0000000003b40ec0 method=java.util.regex.Pattern$5.isSatisfiedBy(I)Z @ 16
Event: 37.447 Thread 0x0000000019e84800 Uncommon trap: reason=bimorphic action=maybe_recompile pc=0x0000000003b40ec0 method=java.util.regex.Pattern$5.isSatisfiedBy(I)Z @ 16
Event: 37.447 Thread 0x0000000019e84800 Uncommon trap: reason=bimorphic action=maybe_recompile pc=0x0000000003b40ec0 method=java.util.regex.Pattern$5.isSatisfiedBy(I)Z @ 16

Classes redefined (0 events):
No events

Internal exceptions (10 events):
Event: 32.912 Thread 0x0000000019e84800 Exception <a 'java/lang/NoSuchMethodError': java.lang.Object.lambda$comparingInt$7b0bb60$1(Ljava/util/function/ToIntFunction;Ljava/lang/Object;Ljava/lang/Object;)I> (0x00000000d5f40ae0) thrown at [C:\src\AOSP-openjdk-git\hotspot\src\share\vm\interpreter\l
Event: 35.398 Thread 0x0000000019e84800 Exception <a 'java/lang/ClassNotFoundException': com/android/build/gradle/internal/api/ApkVariantOutputImpl_DecoratedBeanInfo> (0x00000000d768e058) thrown at [C:\src\AOSP-openjdk-git\hotspot\src\share\vm\classfile\systemDictionary.cpp, line 210]
Event: 35.399 Thread 0x0000000019e84800 Exception <a 'java/lang/ClassNotFoundException': com/android/build/gradle/internal/api/ApkVariantOutputImplBeanInfo> (0x00000000d76ad9e8) thrown at [C:\src\AOSP-openjdk-git\hotspot\src\share\vm\classfile\systemDictionary.cpp, line 210]
Event: 35.400 Thread 0x0000000019e84800 Exception <a 'java/lang/ClassNotFoundException': com/android/build/gradle/internal/api/BaseVariantOutputImplBeanInfo> (0x00000000d76ce960) thrown at [C:\src\AOSP-openjdk-git\hotspot\src\share\vm\classfile\systemDictionary.cpp, line 210]
Event: 35.402 Thread 0x0000000019e84800 Exception <a 'java/lang/ClassNotFoundException': com/android/build/gradle/internal/api/BaseVariantOutputImplCustomizer> (0x00000000d76efee0) thrown at [C:\src\AOSP-openjdk-git\hotspot\src\share\vm\classfile\systemDictionary.cpp, line 210]
Event: 35.406 Thread 0x0000000019e84800 Exception <a 'java/lang/ClassNotFoundException': com/android/build/gradle/internal/api/ApkVariantOutputImplCustomizer> (0x00000000d772afe0) thrown at [C:\src\AOSP-openjdk-git\hotspot\src\share\vm\classfile\systemDictionary.cpp, line 210]
Event: 35.433 Thread 0x0000000019e84800 Exception <a 'java/lang/ClassNotFoundException': com/android/build/gradle/internal/api/ApkVariantOutputImpl_DecoratedCustomizer> (0x00000000d7761b70) thrown at [C:\src\AOSP-openjdk-git\hotspot\src\share\vm\classfile\systemDictionary.cpp, line 210]
Event: 35.804 Thread 0x0000000019e84800 Implicit null exception at 0x0000000003ca26f4 to 0x0000000003ca2ab9
Event: 37.528 Thread 0x0000000019e84800 Exception <a 'java/lang/ClassNotFoundException': com/sun/org/glassfish/hk2/osgiresourcelocator/ServiceLoader> (0x00000000d5f870e8) thrown at [C:\src\AOSP-openjdk-git\hotspot\src\share\vm\classfile\systemDictionary.cpp, line 210]
Event: 37.718 Thread 0x0000000019e84800 Exception <a 'java/lang/NullPointerException'> (0x00000000d69ea968) thrown at [C:\src\AOSP-openjdk-git\hotspot\src\share\vm\interpreter\linkResolver.cpp, line 1287]

Events (10 events):
Event: 37.712 loading class com/sun/xml/bind/v2/model/impl/RuntimeTypeInfoSetImpl
Event: 37.712 loading class com/sun/xml/bind/v2/model/impl/RuntimeTypeInfoSetImpl done
Event: 37.713 loading class com/sun/xml/bind/v2/model/runtime/RuntimeTypeInfoSet
Event: 37.713 loading class com/sun/xml/bind/v2/model/runtime/RuntimeTypeInfoSet done
Event: 37.718 loading class com/sun/xml/bind/WhiteSpaceProcessor
Event: 37.718 loading class com/sun/xml/bind/WhiteSpaceProcessor done
Event: 37.722 loading class com/sun/xml/bind/v2/model/impl/Utils
Event: 37.722 loading class com/sun/xml/bind/v2/model/impl/Utils done
Event: 37.724 loading class com/sun/xml/bind/v2/model/nav/ReflectionNavigator
Event: 37.724 loading class com/sun/xml/bind/v2/model/nav/ReflectionNavigator done


Dynamic libraries:
0x00007ff708940000 - 0x00007ff708971000 	C:\Program Files\Android\Android Studio1\jre\bin\java.exe
0x00007fff82390000 - 0x00007fff82585000 	C:\WINDOWS\SYSTEM32\ntdll.dll
0x00007fff821e0000 - 0x00007fff8229d000 	C:\WINDOWS\System32\KERNEL32.DLL
0x00007fff7fe10000 - 0x00007fff800d7000 	C:\WINDOWS\System32\KERNELBASE.dll
0x00007fff80880000 - 0x00007fff8092a000 	C:\WINDOWS\System32\ADVAPI32.dll
0x00007fff80ac0000 - 0x00007fff80b5e000 	C:\WINDOWS\System32\msvcrt.dll
0x00007fff818e0000 - 0x00007fff8197b000 	C:\WINDOWS\System32\sechost.dll
0x00007fff80c30000 - 0x00007fff80d53000 	C:\WINDOWS\System32\RPCRT4.dll
0x00007fff806e0000 - 0x00007fff80880000 	C:\WINDOWS\System32\USER32.dll
0x00007fff7fb10000 - 0x00007fff7fb32000 	C:\WINDOWS\System32\win32u.dll
0x00007fff816f0000 - 0x00007fff8171a000 	C:\WINDOWS\System32\GDI32.dll
0x00007fff800e0000 - 0x00007fff801ea000 	C:\WINDOWS\System32\gdi32full.dll
0x00007fff7fb40000 - 0x00007fff7fbdd000 	C:\WINDOWS\System32\msvcp_win.dll
0x00007fff80300000 - 0x00007fff80400000 	C:\WINDOWS\System32\ucrtbase.dll
0x00007fff7eeb0000 - 0x00007fff7f14a000 	C:\WINDOWS\WinSxS\amd64_microsoft.windows.common-controls_6595b64144ccf1df_6.0.19041.1_none_b555e41d4684ddec\COMCTL32.dll
0x00007fff80d60000 - 0x00007fff80d90000 	C:\WINDOWS\System32\IMM32.DLL
0x0000000076010000 - 0x00000000760e2000 	C:\Program Files\Android\Android Studio1\jre\jre\bin\msvcr100.dll
0x0000000073cb0000 - 0x00000000744fb000 	C:\Program Files\Android\Android Studio1\jre\jre\bin\server\jvm.dll
0x00007fff81270000 - 0x00007fff81278000 	C:\WINDOWS\System32\PSAPI.DLL
0x00007fff74760000 - 0x00007fff74787000 	C:\WINDOWS\SYSTEM32\WINMM.dll
0x00007fff6c3e0000 - 0x00007fff6c3e9000 	C:\WINDOWS\SYSTEM32\WSOCK32.dll
0x00007fff80b60000 - 0x00007fff80bcb000 	C:\WINDOWS\System32\WS2_32.dll
0x00007fff76b60000 - 0x00007fff76b6a000 	C:\WINDOWS\SYSTEM32\VERSION.dll
0x00007fff77800000 - 0x00007fff7780f000 	C:\Program Files\Android\Android Studio1\jre\jre\bin\verify.dll
0x00007fff6f2c0000 - 0x00007fff6f2e9000 	C:\Program Files\Android\Android Studio1\jre\jre\bin\java.dll
0x00007fff6fbe0000 - 0x00007fff6fbf6000 	C:\Program Files\Android\Android Studio1\jre\jre\bin\zip.dll
0x00007fff81aa0000 - 0x00007fff821e0000 	C:\WINDOWS\System32\SHELL32.dll
0x00007fff7cf90000 - 0x00007fff7d721000 	C:\WINDOWS\SYSTEM32\windows.storage.dll
0x00007fff80d90000 - 0x00007fff810e3000 	C:\WINDOWS\System32\combase.dll
0x00007fff7ee10000 - 0x00007fff7ee3c000 	C:\WINDOWS\SYSTEM32\Wldp.dll
0x00007fff822a0000 - 0x00007fff8234e000 	C:\WINDOWS\System32\SHCORE.dll
0x00007fff810f0000 - 0x00007fff81145000 	C:\WINDOWS\System32\shlwapi.dll
0x00007fff7fa20000 - 0x00007fff7fa3f000 	C:\WINDOWS\SYSTEM32\profapi.dll
0x00007fff6f4e0000 - 0x00007fff6f4fa000 	C:\Program Files\Android\Android Studio1\jre\jre\bin\net.dll
0x00007fff7eb90000 - 0x00007fff7ebfa000 	C:\WINDOWS\system32\mswsock.dll
0x00007fff6f330000 - 0x00007fff6f343000 	C:\Program Files\Android\Android Studio1\jre\jre\bin\nio.dll
0x00007fff687a0000 - 0x00007fff687c6000 	C:\Users\Instaimpresso2019\.gradle\native\31\windows-amd64\native-platform.dll
0x00007fff774e0000 - 0x00007fff774ed000 	C:\Program Files\Android\Android Studio1\jre\jre\bin\management.dll
0x00007fff7f6d0000 - 0x00007fff7f6e8000 	C:\WINDOWS\SYSTEM32\CRYPTSP.dll
0x00007fff7e540000 - 0x00007fff7e574000 	C:\WINDOWS\system32\rsaenh.dll
0x00007fff7fae0000 - 0x00007fff7fb07000 	C:\WINDOWS\System32\bcrypt.dll
0x00007fff7f9a0000 - 0x00007fff7f9ce000 	C:\WINDOWS\SYSTEM32\USERENV.dll
0x00007fff7fbe0000 - 0x00007fff7fc5f000 	C:\WINDOWS\System32\bcryptprimitives.dll
0x00007fff7ed60000 - 0x00007fff7ed6c000 	C:\WINDOWS\SYSTEM32\CRYPTBASE.dll
0x00007fff7e880000 - 0x00007fff7e8bb000 	C:\WINDOWS\SYSTEM32\IPHLPAPI.DLL
0x00007fff81160000 - 0x00007fff81169000 	C:\WINDOWS\System32\NSI.dll
0x00007fff773c0000 - 0x00007fff773d7000 	C:\WINDOWS\SYSTEM32\dhcpcsvc6.DLL
0x00007fff77190000 - 0x00007fff771ad000 	C:\WINDOWS\SYSTEM32\dhcpcsvc.DLL
0x00007fff7e8c0000 - 0x00007fff7e98a000 	C:\WINDOWS\SYSTEM32\DNSAPI.dll

VM Arguments:
jvm_args: -Xmx2048m -Dfile.encoding=windows-1252 -Duser.country=BR -Duser.language=pt -Duser.variant 
java_command: org.gradle.launcher.daemon.bootstrap.GradleDaemon 6.1.1
java_class_path (initial): C:\Users\Instaimpresso2019\.gradle\wrapper\dists\gradle-6.1.1-all\cfmwm155h49vnt3hynmlrsdst\gradle-6.1.1\lib\gradle-launcher-6.1.1.jar
Launcher Type: SUN_STANDARD

Environment Variables:
PATH=C:\Program Files (x86)\Common Files\Oracle\Java\javapath;C:\WINDOWS\system32;C:\WINDOWS;C:\WINDOWS\System32\Wbem;C:\WINDOWS\System32\WindowsPowerShell\v1.0\;C:\WINDOWS\System32\OpenSSH\;C:\xampp\php;C:\composer;C:\Program Files\PuTTY\;C:\Users\Instaimpresso2019\AppData\Local\Microsoft\WindowsApps;C:\Users\Instaimpresso2019\AppData\Roaming\Composer\vendor\bin;C:\Users\Instaimpresso2019\AppData\Local\GitHubDesktop\bin;%USERPROFILE%\AppData\Local\Microsoft\WindowsApps;
USERNAME=Instaimpresso2019
OS=Windows_NT
PROCESSOR_IDENTIFIER=AMD64 Family 21 Model 101 Stepping 1, AuthenticAMD



---------------  S Y S T E M  ---------------

OS: Windows 10.0 , 64 bit Build 19041 (10.0.19041.292)

CPU:total 4 (initial active 4) (4 cores per cpu, 1 threads per core) family 21 model 101 stepping 1, cmov, cx8, fxsr, mmx, sse, sse2, sse3, ssse3, sse4.1, sse4.2, popcnt, avx, avx2, aes, clmul, mmxext, 3dnowpref, lzcnt, sse4a, tsc, tscinvbit, tscinv, bmi1

Memory: 4k page, physical 7820660k(1007752k free), swap 9868660k(4416k free)

vm_info: OpenJDK 64-Bit Server VM (25.242-b01) for windows-amd64 JRE (1.8.0_242-release-1644-b01), built by "builder" with MS VC++ 10.0 (VS2010)

time: Sat Sep 05 00:12:36 2020
timezone: Hora oficial do Brasil
elapsed time: 37 seconds (0d 0h 0m 37s)

